2025-05-08 20:57:47.723 [info] [main] Log level: Info
2025-05-08 20:57:47.724 [info] [main] Validating found git in: "git"
2025-05-08 20:57:47.724 [info] [main] Using git "2.49.0" from "git"
2025-05-08 20:57:47.724 [info] [Model][doInitialScan] Initial repository scan started
2025-05-08 20:57:47.724 [info] > git rev-parse --show-toplevel [20ms]
2025-05-08 20:57:47.724 [info] > git rev-parse --git-dir --git-common-dir [46ms]
2025-05-08 20:57:47.724 [info] [Model][openRepository] Opened repository: /home/angrycompany16/gamedev/go/mask_of_the_tomb
2025-05-08 20:57:47.757 [info] > git config --get commit.template [40ms]
2025-05-08 20:57:47.782 [info] > git rev-parse --show-toplevel [11ms]
2025-05-08 20:57:47.790 [info] > git rev-parse --show-toplevel [2ms]
2025-05-08 20:57:47.791 [info] > git for-each-ref --format=%(refname)%00%(upstream:short)%00%(objectname)%00%(upstream:track)%00%(upstream:remotename)%00%(upstream:remoteref) refs/heads/main refs/remotes/main [11ms]
2025-05-08 20:57:47.825 [info] > git status -z -uall [10ms]
2025-05-08 20:57:47.825 [info] > git rev-parse --show-toplevel [18ms]
2025-05-08 20:57:47.834 [info] > git rev-parse --show-toplevel [2ms]
2025-05-08 20:57:47.835 [info] > git for-each-ref --sort -committerdate --format %(refname)%00%(objectname)%00%(*objectname) [11ms]
2025-05-08 20:57:47.868 [info] > git for-each-ref --format=%(refname)%00%(upstream:short)%00%(objectname)%00%(upstream:track)%00%(upstream:remotename)%00%(upstream:remoteref) refs/heads/main refs/remotes/main [17ms]
2025-05-08 20:57:47.884 [info] > git config --get --local branch.main.vscode-merge-base [7ms]
2025-05-08 20:57:47.892 [info] > git config --get commit.template [24ms]
2025-05-08 20:57:47.892 [info] > git rev-parse --show-toplevel [31ms]
2025-05-08 20:57:47.903 [info] > git for-each-ref --format=%(refname)%00%(upstream:short)%00%(objectname)%00%(upstream:track)%00%(upstream:remotename)%00%(upstream:remoteref) refs/heads/origin/main refs/remotes/origin/main [11ms]
2025-05-08 20:57:47.928 [info] > git rev-parse --show-toplevel [26ms]
2025-05-08 20:57:47.963 [info] > git for-each-ref --format=%(refname)%00%(upstream:short)%00%(objectname)%00%(upstream:track)%00%(upstream:remotename)%00%(upstream:remoteref) refs/heads/main refs/remotes/main [43ms]
2025-05-08 20:57:47.963 [info] > git merge-base refs/heads/main refs/remotes/origin/main [52ms]
2025-05-08 20:57:47.973 [info] > git diff --name-status -z --diff-filter=ADMR 900e08db4179b25552f412f4cb7eb8e37bc15cb0...refs/remotes/origin/main [4ms]
2025-05-08 20:57:47.973 [info] > git rev-parse --show-toplevel [11ms]
2025-05-08 20:57:47.974 [info] [Model][doInitialScan] Initial repository scan completed - repositories (1), closed repositories (0), parent repositories (0), unsafe repositories (0)
2025-05-08 20:57:47.989 [info] > git status -z -uall [7ms]
2025-05-08 20:57:47.990 [info] > git for-each-ref --sort -committerdate --format %(refname)%00%(objectname)%00%(*objectname) [2ms]
2025-05-08 20:57:48.015 [info] > git show --textconv :TODO.txt [9ms]
2025-05-08 20:57:48.016 [info] > git ls-files --stage -- TODO.txt [3ms]
2025-05-08 20:57:48.025 [info] > git cat-file -s 244e52a37ff5b9c1b76339e73ef7fd9ac00669ec [2ms]
2025-05-08 20:57:48.069 [info] > git blame --root --incremental 900e08db4179b25552f412f4cb7eb8e37bc15cb0 -- TODO.txt [22ms]
2025-05-08 20:57:48.270 [info] > git check-ignore -v -z --stdin [3ms]
2025-05-08 20:58:04.177 [info] > git check-ignore -v -z --stdin [3ms]
2025-05-08 20:58:08.694 [info] > git check-ignore -v -z --stdin [2ms]
2025-05-08 20:58:14.212 [info] > git check-ignore -v -z --stdin [2ms]
2025-05-08 20:58:16.283 [info] > git check-ignore -v -z --stdin [2ms]
2025-05-08 20:58:28.645 [info] > git config --get commit.template [10ms]
2025-05-08 20:58:28.646 [info] > git for-each-ref --format=%(refname)%00%(upstream:short)%00%(objectname)%00%(upstream:track)%00%(upstream:remotename)%00%(upstream:remoteref) refs/heads/main refs/remotes/main [2ms]
2025-05-08 20:58:28.664 [info] > git status -z -uall [11ms]
2025-05-08 20:58:28.665 [info] > git for-each-ref --sort -committerdate --format %(refname)%00%(objectname)%00%(*objectname) [3ms]
2025-05-08 20:58:30.309 [info] > git check-ignore -v -z --stdin [2ms]
2025-05-08 20:59:15.753 [info] > git check-ignore -v -z --stdin [2ms]
2025-05-08 20:59:16.243 [info] > git show --textconv :examples/slamboxes/main.go [9ms]
2025-05-08 20:59:16.244 [info] > git ls-files --stage -- examples/slamboxes/main.go [2ms]
2025-05-08 20:59:16.254 [info] > git cat-file -s b454eec668caecbe0c1417bb75d2a726622a07d0 [2ms]
2025-05-08 20:59:16.341 [info] > git blame --root --incremental 900e08db4179b25552f412f4cb7eb8e37bc15cb0 -- examples/slamboxes/main.go [5ms]
2025-05-08 20:59:18.675 [info] > git config --get commit.template [10ms]
2025-05-08 20:59:18.676 [info] > git for-each-ref --format=%(refname)%00%(upstream:short)%00%(objectname)%00%(upstream:track)%00%(upstream:remotename)%00%(upstream:remoteref) refs/heads/main refs/remotes/main [2ms]
2025-05-08 20:59:18.694 [info] > git status -z -uall [10ms]
2025-05-08 20:59:18.695 [info] > git for-each-ref --sort -committerdate --format %(refname)%00%(objectname)%00%(*objectname) [2ms]
2025-05-08 20:59:49.788 [info] > git show --textconv :internal/game/game.go [11ms]
2025-05-08 20:59:49.789 [info] > git ls-files --stage -- internal/game/game.go [2ms]
2025-05-08 20:59:49.797 [info] > git cat-file -s ec6685a7867418cc1061d5c4585293e72c310036 [2ms]
2025-05-08 20:59:49.832 [info] > git blame --root --incremental 900e08db4179b25552f412f4cb7eb8e37bc15cb0 -- internal/game/game.go [19ms]
2025-05-08 21:00:01.089 [info] > git ls-files --stage -- internal/game/UI/UI.go [2ms]
2025-05-08 21:00:01.097 [info] > git show --textconv :internal/game/UI/UI.go [19ms]
2025-05-08 21:00:01.099 [info] > git cat-file -s 2d65eadc1287c1ebcd45b99ed34bfefabd1cb9c3 [3ms]
2025-05-08 21:00:01.130 [info] > git blame --root --incremental 900e08db4179b25552f412f4cb7eb8e37bc15cb0 -- internal/game/UI/UI.go [14ms]
2025-05-08 21:00:08.756 [info] > git show --textconv :examples/slamboxes/main.go [13ms]
2025-05-08 21:00:08.757 [info] > git ls-files --stage -- examples/slamboxes/main.go [2ms]
2025-05-08 21:00:08.768 [info] > git cat-file -s b454eec668caecbe0c1417bb75d2a726622a07d0 [2ms]
2025-05-08 21:00:19.242 [info] > git ls-files --stage -- main.go [1ms]
2025-05-08 21:00:19.250 [info] > git show --textconv :main.go [18ms]
2025-05-08 21:00:19.251 [info] > git cat-file -s 6145d63aac89617662f512d794b2bdea23293191 [2ms]
2025-05-08 21:00:19.271 [info] > git blame --root --incremental 900e08db4179b25552f412f4cb7eb8e37bc15cb0 -- main.go [6ms]
2025-05-08 21:00:31.829 [info] > git config --get commit.template [8ms]
2025-05-08 21:00:31.830 [info] > git for-each-ref --format=%(refname)%00%(upstream:short)%00%(objectname)%00%(upstream:track)%00%(upstream:remotename)%00%(upstream:remoteref) refs/heads/main refs/remotes/main [2ms]
2025-05-08 21:00:31.846 [info] > git status -z -uall [8ms]
2025-05-08 21:00:31.847 [info] > git for-each-ref --sort -committerdate --format %(refname)%00%(objectname)%00%(*objectname) [2ms]
2025-05-08 21:00:36.862 [info] > git config --get commit.template [2ms]
2025-05-08 21:00:36.873 [info] > git for-each-ref --format=%(refname)%00%(upstream:short)%00%(objectname)%00%(upstream:track)%00%(upstream:remotename)%00%(upstream:remoteref) refs/heads/main refs/remotes/main [2ms]
2025-05-08 21:00:36.892 [info] > git status -z -uall [9ms]
2025-05-08 21:00:36.894 [info] > git for-each-ref --sort -committerdate --format %(refname)%00%(objectname)%00%(*objectname) [3ms]
2025-05-08 21:00:46.021 [info] > git show --textconv :examples/slamboxes/main.go [11ms]
2025-05-08 21:00:46.022 [info] > git ls-files --stage -- examples/slamboxes/main.go [3ms]
2025-05-08 21:00:46.033 [info] > git cat-file -s b454eec668caecbe0c1417bb75d2a726622a07d0 [3ms]
2025-05-08 21:00:52.691 [info] > git show --textconv :main.go [9ms]
2025-05-08 21:00:52.692 [info] > git ls-files --stage -- main.go [3ms]
2025-05-08 21:00:52.702 [info] > git cat-file -s 6145d63aac89617662f512d794b2bdea23293191 [2ms]
2025-05-08 21:00:58.507 [info] > git show --textconv :examples/slamboxes/main.go [11ms]
2025-05-08 21:00:58.508 [info] > git ls-files --stage -- examples/slamboxes/main.go [3ms]
2025-05-08 21:00:58.519 [info] > git cat-file -s b454eec668caecbe0c1417bb75d2a726622a07d0 [3ms]
2025-05-08 21:01:06.285 [info] > git config --get commit.template [8ms]
2025-05-08 21:01:06.285 [info] > git for-each-ref --format=%(refname)%00%(upstream:short)%00%(objectname)%00%(upstream:track)%00%(upstream:remotename)%00%(upstream:remoteref) refs/heads/main refs/remotes/main [1ms]
2025-05-08 21:01:06.301 [info] > git status -z -uall [9ms]
2025-05-08 21:01:06.302 [info] > git for-each-ref --sort -committerdate --format %(refname)%00%(objectname)%00%(*objectname) [3ms]
2025-05-08 21:01:30.978 [info] > git config --get commit.template [10ms]
2025-05-08 21:01:30.979 [info] > git for-each-ref --format=%(refname)%00%(upstream:short)%00%(objectname)%00%(upstream:track)%00%(upstream:remotename)%00%(upstream:remoteref) refs/heads/main refs/remotes/main [2ms]
2025-05-08 21:01:30.998 [info] > git status -z -uall [10ms]
2025-05-08 21:01:31.001 [info] > git for-each-ref --sort -committerdate --format %(refname)%00%(objectname)%00%(*objectname) [4ms]
2025-05-08 21:01:36.030 [info] > git config --get commit.template [10ms]
2025-05-08 21:01:36.032 [info] > git for-each-ref --format=%(refname)%00%(upstream:short)%00%(objectname)%00%(upstream:track)%00%(upstream:remotename)%00%(upstream:remoteref) refs/heads/main refs/remotes/main [3ms]
2025-05-08 21:01:36.048 [info] > git status -z -uall [8ms]
2025-05-08 21:01:36.049 [info] > git for-each-ref --sort -committerdate --format %(refname)%00%(objectname)%00%(*objectname) [2ms]
2025-05-08 21:01:36.982 [info] > git show --textconv :main.go [11ms]
2025-05-08 21:01:36.983 [info] > git ls-files --stage -- main.go [3ms]
2025-05-08 21:01:36.993 [info] > git cat-file -s 6145d63aac89617662f512d794b2bdea23293191 [2ms]
2025-05-08 21:01:42.084 [info] > git show --textconv :examples/slamboxes/main.go [11ms]
2025-05-08 21:01:42.086 [info] > git ls-files --stage -- examples/slamboxes/main.go [2ms]
2025-05-08 21:01:42.096 [info] > git cat-file -s b454eec668caecbe0c1417bb75d2a726622a07d0 [2ms]
2025-05-08 21:01:45.618 [info] > git show --textconv :main.go [9ms]
2025-05-08 21:01:45.619 [info] > git ls-files --stage -- main.go [2ms]
2025-05-08 21:01:45.630 [info] > git cat-file -s 6145d63aac89617662f512d794b2bdea23293191 [2ms]
2025-05-08 21:01:49.687 [info] > git show --textconv :examples/slamboxes/main.go [9ms]
2025-05-08 21:01:49.689 [info] > git ls-files --stage -- examples/slamboxes/main.go [2ms]
2025-05-08 21:01:49.699 [info] > git cat-file -s b454eec668caecbe0c1417bb75d2a726622a07d0 [2ms]
2025-05-08 21:01:53.283 [info] > git show --textconv :internal/game/game.go [11ms]
2025-05-08 21:01:53.285 [info] > git ls-files --stage -- internal/game/game.go [3ms]
2025-05-08 21:01:53.296 [info] > git cat-file -s ec6685a7867418cc1061d5c4585293e72c310036 [2ms]
2025-05-08 21:01:56.572 [info] > git config --get commit.template [7ms]
2025-05-08 21:01:56.573 [info] > git for-each-ref --format=%(refname)%00%(upstream:short)%00%(objectname)%00%(upstream:track)%00%(upstream:remotename)%00%(upstream:remoteref) refs/heads/main refs/remotes/main [2ms]
2025-05-08 21:01:56.589 [info] > git status -z -uall [9ms]
2025-05-08 21:01:56.590 [info] > git for-each-ref --sort -committerdate --format %(refname)%00%(objectname)%00%(*objectname) [2ms]
2025-05-08 21:01:58.454 [info] > git show --textconv :examples/slamboxes/main.go [10ms]
2025-05-08 21:01:58.456 [info] > git ls-files --stage -- examples/slamboxes/main.go [3ms]
2025-05-08 21:01:58.465 [info] > git cat-file -s b454eec668caecbe0c1417bb75d2a726622a07d0 [2ms]
2025-05-08 21:02:12.447 [info] > git show --textconv :internal/game/game.go [10ms]
2025-05-08 21:02:12.449 [info] > git ls-files --stage -- internal/game/game.go [3ms]
2025-05-08 21:02:12.460 [info] > git cat-file -s ec6685a7867418cc1061d5c4585293e72c310036 [3ms]
2025-05-08 21:02:40.242 [info] > git show --textconv :examples/slamboxes/main.go [9ms]
2025-05-08 21:02:40.243 [info] > git ls-files --stage -- examples/slamboxes/main.go [2ms]
2025-05-08 21:02:40.254 [info] > git cat-file -s b454eec668caecbe0c1417bb75d2a726622a07d0 [2ms]
2025-05-08 21:02:46.233 [info] > git show --textconv :main.go [9ms]
2025-05-08 21:02:46.234 [info] > git ls-files --stage -- main.go [2ms]
2025-05-08 21:02:46.244 [info] > git cat-file -s 6145d63aac89617662f512d794b2bdea23293191 [3ms]
2025-05-08 21:02:49.153 [info] > git show --textconv :examples/slamboxes/main.go [10ms]
2025-05-08 21:02:49.154 [info] > git ls-files --stage -- examples/slamboxes/main.go [2ms]
2025-05-08 21:02:49.164 [info] > git cat-file -s b454eec668caecbe0c1417bb75d2a726622a07d0 [2ms]
2025-05-08 21:02:55.037 [info] > git config --get commit.template [2ms]
2025-05-08 21:02:55.048 [info] > git for-each-ref --format=%(refname)%00%(upstream:short)%00%(objectname)%00%(upstream:track)%00%(upstream:remotename)%00%(upstream:remoteref) refs/heads/main refs/remotes/main [2ms]
2025-05-08 21:02:55.068 [info] > git status -z -uall [12ms]
2025-05-08 21:02:55.069 [info] > git for-each-ref --sort -committerdate --format %(refname)%00%(objectname)%00%(*objectname) [3ms]
2025-05-08 21:02:55.139 [info] > git ls-files --stage -- examples/slamboxes/main.go [2ms]
2025-05-08 21:02:55.149 [info] > git cat-file -s b454eec668caecbe0c1417bb75d2a726622a07d0 [2ms]
2025-05-08 21:02:55.163 [info] > git show --textconv :examples/slamboxes/main.go [2ms]
2025-05-08 21:03:08.159 [info] > git config --get commit.template [2ms]
2025-05-08 21:03:08.172 [info] > git for-each-ref --format=%(refname)%00%(upstream:short)%00%(objectname)%00%(upstream:track)%00%(upstream:remotename)%00%(upstream:remoteref) refs/heads/main refs/remotes/main [3ms]
2025-05-08 21:03:08.194 [info] > git status -z -uall [11ms]
2025-05-08 21:03:08.196 [info] > git for-each-ref --sort -committerdate --format %(refname)%00%(objectname)%00%(*objectname) [3ms]
2025-05-08 21:03:13.217 [info] > git config --get commit.template [8ms]
2025-05-08 21:03:13.218 [info] > git for-each-ref --format=%(refname)%00%(upstream:short)%00%(objectname)%00%(upstream:track)%00%(upstream:remotename)%00%(upstream:remoteref) refs/heads/main refs/remotes/main [2ms]
2025-05-08 21:03:13.233 [info] > git status -z -uall [8ms]
2025-05-08 21:03:13.234 [info] > git for-each-ref --sort -committerdate --format %(refname)%00%(objectname)%00%(*objectname) [2ms]
2025-05-08 21:03:19.263 [info] > git config --get commit.template [7ms]
2025-05-08 21:03:19.264 [info] > git for-each-ref --format=%(refname)%00%(upstream:short)%00%(objectname)%00%(upstream:track)%00%(upstream:remotename)%00%(upstream:remoteref) refs/heads/main refs/remotes/main [2ms]
2025-05-08 21:03:19.278 [info] > git status -z -uall [7ms]
2025-05-08 21:03:19.280 [info] > git for-each-ref --sort -committerdate --format %(refname)%00%(objectname)%00%(*objectname) [2ms]
2025-05-08 21:03:21.519 [info] > git show --textconv :internal/game/game.go [10ms]
2025-05-08 21:03:21.521 [info] > git ls-files --stage -- internal/game/game.go [3ms]
2025-05-08 21:03:21.531 [info] > git cat-file -s ec6685a7867418cc1061d5c4585293e72c310036 [2ms]
2025-05-08 21:03:27.106 [info] > git config --get commit.template [9ms]
2025-05-08 21:03:27.107 [info] > git for-each-ref --format=%(refname)%00%(upstream:short)%00%(objectname)%00%(upstream:track)%00%(upstream:remotename)%00%(upstream:remoteref) refs/heads/main refs/remotes/main [1ms]
2025-05-08 21:03:27.121 [info] > git status -z -uall [7ms]
2025-05-08 21:03:27.123 [info] > git for-each-ref --sort -committerdate --format %(refname)%00%(objectname)%00%(*objectname) [2ms]
2025-05-08 21:04:11.580 [info] > git config --get commit.template [8ms]
2025-05-08 21:04:11.581 [info] > git for-each-ref --format=%(refname)%00%(upstream:short)%00%(objectname)%00%(upstream:track)%00%(upstream:remotename)%00%(upstream:remoteref) refs/heads/main refs/remotes/main [2ms]
2025-05-08 21:04:11.597 [info] > git status -z -uall [7ms]
2025-05-08 21:04:11.599 [info] > git for-each-ref --sort -committerdate --format %(refname)%00%(objectname)%00%(*objectname) [2ms]
2025-05-08 21:04:18.300 [info] > git config --get commit.template [8ms]
2025-05-08 21:04:18.301 [info] > git for-each-ref --format=%(refname)%00%(upstream:short)%00%(objectname)%00%(upstream:track)%00%(upstream:remotename)%00%(upstream:remoteref) refs/heads/main refs/remotes/main [2ms]
2025-05-08 21:04:18.318 [info] > git status -z -uall [9ms]
2025-05-08 21:04:18.320 [info] > git for-each-ref --sort -committerdate --format %(refname)%00%(objectname)%00%(*objectname) [3ms]
2025-05-08 21:04:23.217 [info] > git show --textconv :internal/game/UI/UI.go [11ms]
2025-05-08 21:04:23.218 [info] > git ls-files --stage -- internal/game/UI/UI.go [2ms]
2025-05-08 21:04:23.229 [info] > git cat-file -s 2d65eadc1287c1ebcd45b99ed34bfefabd1cb9c3 [3ms]
2025-05-08 21:04:23.346 [info] > git config --get commit.template [9ms]
2025-05-08 21:04:23.347 [info] > git for-each-ref --format=%(refname)%00%(upstream:short)%00%(objectname)%00%(upstream:track)%00%(upstream:remotename)%00%(upstream:remoteref) refs/heads/main refs/remotes/main [3ms]
2025-05-08 21:04:23.367 [info] > git status -z -uall [12ms]
2025-05-08 21:04:23.368 [info] > git for-each-ref --sort -committerdate --format %(refname)%00%(objectname)%00%(*objectname) [4ms]
2025-05-08 21:04:24.037 [info] > git show --textconv :internal/game/game.go [11ms]
2025-05-08 21:04:24.038 [info] > git ls-files --stage -- internal/game/game.go [2ms]
2025-05-08 21:04:24.048 [info] > git cat-file -s ec6685a7867418cc1061d5c4585293e72c310036 [2ms]
2025-05-08 21:04:32.514 [info] > git config --get commit.template [8ms]
2025-05-08 21:04:32.515 [info] > git for-each-ref --format=%(refname)%00%(upstream:short)%00%(objectname)%00%(upstream:track)%00%(upstream:remotename)%00%(upstream:remoteref) refs/heads/main refs/remotes/main [2ms]
2025-05-08 21:04:32.530 [info] > git status -z -uall [8ms]
2025-05-08 21:04:32.531 [info] > git for-each-ref --sort -committerdate --format %(refname)%00%(objectname)%00%(*objectname) [2ms]
2025-05-08 21:05:00.663 [info] > git rev-parse --show-toplevel [7ms]
2025-05-08 21:05:00.663 [info] fatal: not a git repository (or any of the parent directories): .git
2025-05-08 21:05:02.364 [info] > git show --textconv :internal/game/game.go [10ms]
2025-05-08 21:05:02.365 [info] > git ls-files --stage -- internal/game/game.go [3ms]
2025-05-08 21:05:02.375 [info] > git cat-file -s ec6685a7867418cc1061d5c4585293e72c310036 [2ms]
2025-05-08 21:05:08.559 [info] > git rev-parse --show-toplevel [4ms]
2025-05-08 21:05:08.559 [info] fatal: not a git repository (or any of the parent directories): .git
2025-05-08 21:05:09.985 [info] > git show --textconv :internal/game/game.go [10ms]
2025-05-08 21:05:09.987 [info] > git ls-files --stage -- internal/game/game.go [3ms]
2025-05-08 21:05:09.997 [info] > git cat-file -s ec6685a7867418cc1061d5c4585293e72c310036 [2ms]
2025-05-08 21:05:22.660 [info] > git config --get commit.template [9ms]
2025-05-08 21:05:22.661 [info] > git for-each-ref --format=%(refname)%00%(upstream:short)%00%(objectname)%00%(upstream:track)%00%(upstream:remotename)%00%(upstream:remoteref) refs/heads/main refs/remotes/main [2ms]
2025-05-08 21:05:22.677 [info] > git status -z -uall [8ms]
2025-05-08 21:05:22.678 [info] > git for-each-ref --sort -committerdate --format %(refname)%00%(objectname)%00%(*objectname) [2ms]
2025-05-08 21:05:27.698 [info] > git config --get commit.template [7ms]
2025-05-08 21:05:27.699 [info] > git for-each-ref --format=%(refname)%00%(upstream:short)%00%(objectname)%00%(upstream:track)%00%(upstream:remotename)%00%(upstream:remoteref) refs/heads/main refs/remotes/main [1ms]
2025-05-08 21:05:27.714 [info] > git status -z -uall [7ms]
2025-05-08 21:05:27.715 [info] > git for-each-ref --sort -committerdate --format %(refname)%00%(objectname)%00%(*objectname) [1ms]
2025-05-08 21:05:32.737 [info] > git config --get commit.template [8ms]
2025-05-08 21:05:32.739 [info] > git for-each-ref --format=%(refname)%00%(upstream:short)%00%(objectname)%00%(upstream:track)%00%(upstream:remotename)%00%(upstream:remoteref) refs/heads/main refs/remotes/main [2ms]
2025-05-08 21:05:32.754 [info] > git status -z -uall [8ms]
2025-05-08 21:05:32.756 [info] > git for-each-ref --sort -committerdate --format %(refname)%00%(objectname)%00%(*objectname) [2ms]
2025-05-08 21:05:37.772 [info] > git config --get commit.template [2ms]
2025-05-08 21:05:37.783 [info] > git for-each-ref --format=%(refname)%00%(upstream:short)%00%(objectname)%00%(upstream:track)%00%(upstream:remotename)%00%(upstream:remoteref) refs/heads/main refs/remotes/main [3ms]
2025-05-08 21:05:37.798 [info] > git status -z -uall [8ms]
2025-05-08 21:05:37.799 [info] > git for-each-ref --sort -committerdate --format %(refname)%00%(objectname)%00%(*objectname) [2ms]
2025-05-08 21:05:46.511 [info] > git config --get commit.template [9ms]
2025-05-08 21:05:46.512 [info] > git for-each-ref --format=%(refname)%00%(upstream:short)%00%(objectname)%00%(upstream:track)%00%(upstream:remotename)%00%(upstream:remoteref) refs/heads/main refs/remotes/main [2ms]
2025-05-08 21:05:46.531 [info] > git status -z -uall [9ms]
2025-05-08 21:05:46.532 [info] > git for-each-ref --sort -committerdate --format %(refname)%00%(objectname)%00%(*objectname) [3ms]
2025-05-08 21:06:45.449 [info] > git config --get commit.template [13ms]
2025-05-08 21:06:45.450 [info] > git for-each-ref --format=%(refname)%00%(upstream:short)%00%(objectname)%00%(upstream:track)%00%(upstream:remotename)%00%(upstream:remoteref) refs/heads/main refs/remotes/main [3ms]
2025-05-08 21:06:45.478 [info] > git status -z -uall [10ms]
2025-05-08 21:06:45.480 [info] > git for-each-ref --sort -committerdate --format %(refname)%00%(objectname)%00%(*objectname) [3ms]
2025-05-08 21:08:16.448 [info] > git config --get commit.template [12ms]
2025-05-08 21:08:16.450 [info] > git for-each-ref --format=%(refname)%00%(upstream:short)%00%(objectname)%00%(upstream:track)%00%(upstream:remotename)%00%(upstream:remoteref) refs/heads/main refs/remotes/main [4ms]
2025-05-08 21:08:16.472 [info] > git for-each-ref --sort -committerdate --format %(refname)%00%(objectname)%00%(*objectname) [2ms]
2025-05-08 21:08:16.475 [info] > git status -z -uall [15ms]
2025-05-08 21:08:19.602 [info] > git check-ignore -v -z --stdin [2ms]
2025-05-08 21:08:21.492 [info] > git config --get commit.template [2ms]
2025-05-08 21:08:21.501 [info] > git for-each-ref --format=%(refname)%00%(upstream:short)%00%(objectname)%00%(upstream:track)%00%(upstream:remotename)%00%(upstream:remoteref) refs/heads/main refs/remotes/main [2ms]
2025-05-08 21:08:21.516 [info] > git for-each-ref --sort -committerdate --format %(refname)%00%(objectname)%00%(*objectname) [2ms]
2025-05-08 21:08:21.518 [info] > git status -z -uall [10ms]
2025-05-08 21:08:25.576 [info] > git ls-files --stage -- internal/game/world/level.go [2ms]
2025-05-08 21:08:25.585 [info] > git show --textconv :internal/game/world/level.go [19ms]
2025-05-08 21:08:25.586 [info] > git cat-file -s e298c6d4e1e16ac28d1d3c0c72cdb902006af76f [2ms]
2025-05-08 21:08:25.618 [info] > git blame --root --incremental 900e08db4179b25552f412f4cb7eb8e37bc15cb0 -- internal/game/world/level.go [13ms]
2025-05-08 21:09:07.715 [info] > git show --textconv :main.go [10ms]
2025-05-08 21:09:07.716 [info] > git ls-files --stage -- main.go [2ms]
2025-05-08 21:09:07.727 [info] > git cat-file -s 6145d63aac89617662f512d794b2bdea23293191 [2ms]
2025-05-08 21:09:14.788 [info] > git show --textconv :examples/slamboxes/main.go [10ms]
2025-05-08 21:09:14.789 [info] > git ls-files --stage -- examples/slamboxes/main.go [2ms]
2025-05-08 21:09:14.800 [info] > git cat-file -s b454eec668caecbe0c1417bb75d2a726622a07d0 [2ms]
2025-05-08 21:09:17.280 [info] > git config --get commit.template [9ms]
2025-05-08 21:09:17.281 [info] > git for-each-ref --format=%(refname)%00%(upstream:short)%00%(objectname)%00%(upstream:track)%00%(upstream:remotename)%00%(upstream:remoteref) refs/heads/main refs/remotes/main [2ms]
2025-05-08 21:09:17.299 [info] > git for-each-ref --sort -committerdate --format %(refname)%00%(objectname)%00%(*objectname) [2ms]
2025-05-08 21:09:17.300 [info] > git status -z -uall [11ms]
2025-05-08 21:09:24.033 [info] > git check-ignore -v -z --stdin [2ms]
2025-05-08 21:09:33.620 [info] > git config --get commit.template [10ms]
2025-05-08 21:09:33.621 [info] > git for-each-ref --format=%(refname)%00%(upstream:short)%00%(objectname)%00%(upstream:track)%00%(upstream:remotename)%00%(upstream:remoteref) refs/heads/main refs/remotes/main [2ms]
2025-05-08 21:09:33.637 [info] > git for-each-ref --sort -committerdate --format %(refname)%00%(objectname)%00%(*objectname) [3ms]
2025-05-08 21:09:33.638 [info] > git status -z -uall [10ms]
2025-05-08 21:09:38.536 [info] > git show --textconv :internal/game/game.go [10ms]
2025-05-08 21:09:38.537 [info] > git ls-files --stage -- internal/game/game.go [2ms]
2025-05-08 21:09:38.548 [info] > git cat-file -s ec6685a7867418cc1061d5c4585293e72c310036 [2ms]
2025-05-08 21:09:38.664 [info] > git config --get commit.template [10ms]
2025-05-08 21:09:38.664 [info] > git for-each-ref --format=%(refname)%00%(upstream:short)%00%(objectname)%00%(upstream:track)%00%(upstream:remotename)%00%(upstream:remoteref) refs/heads/main refs/remotes/main [2ms]
2025-05-08 21:09:38.683 [info] > git for-each-ref --sort -committerdate --format %(refname)%00%(objectname)%00%(*objectname) [2ms]
2025-05-08 21:09:38.684 [info] > git status -z -uall [11ms]
2025-05-08 21:09:42.154 [info] > git show --textconv :internal/game/world/world.go [12ms]
2025-05-08 21:09:42.155 [info] > git ls-files --stage -- internal/game/world/world.go [3ms]
2025-05-08 21:09:42.165 [info] > git cat-file -s 0d842554bb6aba514515b283b15fdc54d5486149 [3ms]
2025-05-08 21:09:42.188 [info] > git blame --root --incremental 900e08db4179b25552f412f4cb7eb8e37bc15cb0 -- internal/game/world/world.go [10ms]
2025-05-08 21:09:44.646 [info] > git config --get commit.template [7ms]
2025-05-08 21:09:44.646 [info] > git for-each-ref --format=%(refname)%00%(upstream:short)%00%(objectname)%00%(upstream:track)%00%(upstream:remotename)%00%(upstream:remoteref) refs/heads/main refs/remotes/main [1ms]
2025-05-08 21:09:44.661 [info] > git for-each-ref --sort -committerdate --format %(refname)%00%(objectname)%00%(*objectname) [1ms]
2025-05-08 21:09:44.663 [info] > git status -z -uall [10ms]
2025-05-08 21:09:50.318 [info] > git show --textconv :internal/game/game.go [12ms]
2025-05-08 21:09:50.319 [info] > git ls-files --stage -- internal/game/game.go [2ms]
2025-05-08 21:09:50.330 [info] > git cat-file -s ec6685a7867418cc1061d5c4585293e72c310036 [2ms]
2025-05-08 21:09:52.996 [info] > git config --get commit.template [11ms]
2025-05-08 21:09:52.997 [info] > git for-each-ref --format=%(refname)%00%(upstream:short)%00%(objectname)%00%(upstream:track)%00%(upstream:remotename)%00%(upstream:remoteref) refs/heads/main refs/remotes/main [3ms]
2025-05-08 21:09:53.017 [info] > git for-each-ref --sort -committerdate --format %(refname)%00%(objectname)%00%(*objectname) [2ms]
2025-05-08 21:09:53.021 [info] > git status -z -uall [14ms]
2025-05-08 21:10:47.688 [info] > git config --get commit.template [9ms]
2025-05-08 21:10:47.689 [info] > git for-each-ref --format=%(refname)%00%(upstream:short)%00%(objectname)%00%(upstream:track)%00%(upstream:remotename)%00%(upstream:remoteref) refs/heads/main refs/remotes/main [3ms]
2025-05-08 21:10:47.708 [info] > git for-each-ref --sort -committerdate --format %(refname)%00%(objectname)%00%(*objectname) [3ms]
2025-05-08 21:10:47.710 [info] > git status -z -uall [12ms]
2025-05-08 21:10:47.742 [info] > git show --textconv :main.go [13ms]
2025-05-08 21:10:47.746 [info] > git ls-files --stage -- main.go [6ms]
2025-05-08 21:10:47.762 [info] > git cat-file -s 6145d63aac89617662f512d794b2bdea23293191 [3ms]
2025-05-08 21:10:50.253 [info] > git ls-files --stage -- main.go [1ms]
2025-05-08 21:10:50.262 [info] > git cat-file -s 6145d63aac89617662f512d794b2bdea23293191 [2ms]
2025-05-08 21:10:50.273 [info] > git show --textconv :main.go [2ms]
2025-05-08 21:10:52.732 [info] > git config --get commit.template [7ms]
2025-05-08 21:10:52.732 [info] > git for-each-ref --format=%(refname)%00%(upstream:short)%00%(objectname)%00%(upstream:track)%00%(upstream:remotename)%00%(upstream:remoteref) refs/heads/main refs/remotes/main [2ms]
2025-05-08 21:10:52.748 [info] > git for-each-ref --sort -committerdate --format %(refname)%00%(objectname)%00%(*objectname) [2ms]
2025-05-08 21:10:52.752 [info] > git status -z -uall [12ms]
2025-05-08 21:12:15.099 [info] > git config --get commit.template [7ms]
2025-05-08 21:12:15.100 [info] > git for-each-ref --format=%(refname)%00%(upstream:short)%00%(objectname)%00%(upstream:track)%00%(upstream:remotename)%00%(upstream:remoteref) refs/heads/main refs/remotes/main [1ms]
2025-05-08 21:12:15.116 [info] > git for-each-ref --sort -committerdate --format %(refname)%00%(objectname)%00%(*objectname) [2ms]
2025-05-08 21:12:15.118 [info] > git status -z -uall [11ms]
2025-05-08 21:12:20.137 [info] > git config --get commit.template [7ms]
2025-05-08 21:12:20.137 [info] > git for-each-ref --format=%(refname)%00%(upstream:short)%00%(objectname)%00%(upstream:track)%00%(upstream:remotename)%00%(upstream:remoteref) refs/heads/main refs/remotes/main [1ms]
2025-05-08 21:12:20.153 [info] > git for-each-ref --sort -committerdate --format %(refname)%00%(objectname)%00%(*objectname) [3ms]
2025-05-08 21:12:20.156 [info] > git status -z -uall [12ms]
2025-05-08 21:12:25.178 [info] > git config --get commit.template [9ms]
2025-05-08 21:12:25.179 [info] > git for-each-ref --format=%(refname)%00%(upstream:short)%00%(objectname)%00%(upstream:track)%00%(upstream:remotename)%00%(upstream:remoteref) refs/heads/main refs/remotes/main [3ms]
2025-05-08 21:12:25.195 [info] > git for-each-ref --sort -committerdate --format %(refname)%00%(objectname)%00%(*objectname) [2ms]
2025-05-08 21:12:25.197 [info] > git status -z -uall [11ms]
2025-05-08 21:12:35.556 [info] > git config --get commit.template [7ms]
2025-05-08 21:12:35.558 [info] > git for-each-ref --format=%(refname)%00%(upstream:short)%00%(objectname)%00%(upstream:track)%00%(upstream:remotename)%00%(upstream:remoteref) refs/heads/main refs/remotes/main [3ms]
2025-05-08 21:12:35.575 [info] > git for-each-ref --sort -committerdate --format %(refname)%00%(objectname)%00%(*objectname) [2ms]
2025-05-08 21:12:35.577 [info] > git status -z -uall [11ms]
2025-05-08 21:12:40.588 [info] > git show --textconv :internal/game/game.go [12ms]
2025-05-08 21:12:40.590 [info] > git ls-files --stage -- internal/game/game.go [2ms]
2025-05-08 21:12:40.600 [info] > git cat-file -s ec6685a7867418cc1061d5c4585293e72c310036 [2ms]
2025-05-08 21:12:42.493 [info] > git config --get commit.template [8ms]
2025-05-08 21:12:42.495 [info] > git for-each-ref --format=%(refname)%00%(upstream:short)%00%(objectname)%00%(upstream:track)%00%(upstream:remotename)%00%(upstream:remoteref) refs/heads/main refs/remotes/main [3ms]
2025-05-08 21:12:42.512 [info] > git for-each-ref --sort -committerdate --format %(refname)%00%(objectname)%00%(*objectname) [2ms]
2025-05-08 21:12:42.514 [info] > git status -z -uall [11ms]
2025-05-08 21:13:47.918 [info] > git config --get commit.template [1ms]
2025-05-08 21:13:47.926 [info] > git for-each-ref --format=%(refname)%00%(upstream:short)%00%(objectname)%00%(upstream:track)%00%(upstream:remotename)%00%(upstream:remoteref) refs/heads/main refs/remotes/main [2ms]
2025-05-08 21:13:47.942 [info] > git for-each-ref --sort -committerdate --format %(refname)%00%(objectname)%00%(*objectname) [3ms]
2025-05-08 21:13:47.945 [info] > git status -z -uall [12ms]
2025-05-08 21:14:12.744 [info] > git config --get commit.template [8ms]
2025-05-08 21:14:12.745 [info] > git for-each-ref --format=%(refname)%00%(upstream:short)%00%(objectname)%00%(upstream:track)%00%(upstream:remotename)%00%(upstream:remoteref) refs/heads/main refs/remotes/main [2ms]
2025-05-08 21:14:12.764 [info] > git for-each-ref --sort -committerdate --format %(refname)%00%(objectname)%00%(*objectname) [3ms]
2025-05-08 21:14:12.766 [info] > git status -z -uall [13ms]
2025-05-08 21:14:17.788 [info] > git config --get commit.template [7ms]
2025-05-08 21:14:17.789 [info] > git for-each-ref --format=%(refname)%00%(upstream:short)%00%(objectname)%00%(upstream:track)%00%(upstream:remotename)%00%(upstream:remoteref) refs/heads/main refs/remotes/main [2ms]
2025-05-08 21:14:17.807 [info] > git for-each-ref --sort -committerdate --format %(refname)%00%(objectname)%00%(*objectname) [2ms]
2025-05-08 21:14:17.810 [info] > git status -z -uall [13ms]
2025-05-08 21:14:22.824 [info] > git config --get commit.template [1ms]
2025-05-08 21:14:22.833 [info] > git for-each-ref --format=%(refname)%00%(upstream:short)%00%(objectname)%00%(upstream:track)%00%(upstream:remotename)%00%(upstream:remoteref) refs/heads/main refs/remotes/main [2ms]
2025-05-08 21:14:22.848 [info] > git for-each-ref --sort -committerdate --format %(refname)%00%(objectname)%00%(*objectname) [2ms]
2025-05-08 21:14:22.850 [info] > git status -z -uall [10ms]
2025-05-08 21:14:41.695 [info] > git config --get commit.template [8ms]
2025-05-08 21:14:41.696 [info] > git for-each-ref --format=%(refname)%00%(upstream:short)%00%(objectname)%00%(upstream:track)%00%(upstream:remotename)%00%(upstream:remoteref) refs/heads/main refs/remotes/main [2ms]
2025-05-08 21:14:41.712 [info] > git for-each-ref --sort -committerdate --format %(refname)%00%(objectname)%00%(*objectname) [2ms]
2025-05-08 21:14:41.713 [info] > git status -z -uall [10ms]
2025-05-08 21:14:46.736 [info] > git config --get commit.template [9ms]
2025-05-08 21:14:46.737 [info] > git for-each-ref --format=%(refname)%00%(upstream:short)%00%(objectname)%00%(upstream:track)%00%(upstream:remotename)%00%(upstream:remoteref) refs/heads/main refs/remotes/main [2ms]
2025-05-08 21:14:46.755 [info] > git for-each-ref --sort -committerdate --format %(refname)%00%(objectname)%00%(*objectname) [2ms]
2025-05-08 21:14:46.757 [info] > git status -z -uall [11ms]
2025-05-08 21:21:52.784 [info] > git config --get commit.template [13ms]
2025-05-08 21:21:52.786 [info] > git for-each-ref --format=%(refname)%00%(upstream:short)%00%(objectname)%00%(upstream:track)%00%(upstream:remotename)%00%(upstream:remoteref) refs/heads/main refs/remotes/main [3ms]
2025-05-08 21:21:52.810 [info] > git for-each-ref --sort -committerdate --format %(refname)%00%(objectname)%00%(*objectname) [2ms]
2025-05-08 21:21:52.812 [info] > git status -z -uall [15ms]
2025-05-08 21:24:39.455 [info] > git config --get commit.template [2ms]
2025-05-08 21:24:39.465 [info] > git for-each-ref --format=%(refname)%00%(upstream:short)%00%(objectname)%00%(upstream:track)%00%(upstream:remotename)%00%(upstream:remoteref) refs/heads/main refs/remotes/main [2ms]
2025-05-08 21:24:39.483 [info] > git status -z -uall [10ms]
2025-05-08 21:24:39.484 [info] > git for-each-ref --sort -committerdate --format %(refname)%00%(objectname)%00%(*objectname) [3ms]
2025-05-08 21:32:12.494 [info] > git config --get commit.template [9ms]
2025-05-08 21:32:12.496 [info] > git for-each-ref --format=%(refname)%00%(upstream:short)%00%(objectname)%00%(upstream:track)%00%(upstream:remotename)%00%(upstream:remoteref) refs/heads/main refs/remotes/main [3ms]
2025-05-08 21:32:12.517 [info] > git for-each-ref --sort -committerdate --format %(refname)%00%(objectname)%00%(*objectname) [3ms]
2025-05-08 21:32:12.521 [info] > git status -z -uall [15ms]
2025-05-08 21:32:17.565 [info] > git config --get commit.template [21ms]
2025-05-08 21:32:17.576 [info] > git for-each-ref --format=%(refname)%00%(upstream:short)%00%(objectname)%00%(upstream:track)%00%(upstream:remotename)%00%(upstream:remoteref) refs/heads/main refs/remotes/main [13ms]
2025-05-08 21:32:17.625 [info] > git for-each-ref --sort -committerdate --format %(refname)%00%(objectname)%00%(*objectname) [9ms]
2025-05-08 21:32:17.639 [info] > git status -z -uall [49ms]
2025-05-08 21:32:19.067 [info] > git check-ignore -v -z --stdin [5ms]
2025-05-08 21:32:26.449 [info] > git check-ignore -v -z --stdin [2ms]
2025-05-08 21:32:27.012 [info] > git config --get commit.template [7ms]
2025-05-08 21:32:27.013 [info] > git for-each-ref --format=%(refname)%00%(upstream:short)%00%(objectname)%00%(upstream:track)%00%(upstream:remotename)%00%(upstream:remoteref) refs/heads/main refs/remotes/main [2ms]
2025-05-08 21:32:27.029 [info] > git for-each-ref --sort -committerdate --format %(refname)%00%(objectname)%00%(*objectname) [1ms]
2025-05-08 21:32:27.033 [info] > git status -z -uall [13ms]
2025-05-08 21:32:28.773 [info] > git check-ignore -v -z --stdin [1ms]
2025-05-08 21:32:31.290 [info] > git check-ignore -v -z --stdin [3ms]
2025-05-08 21:32:32.473 [info] > git show --textconv :internal/game/core/events/event.go [20ms]
2025-05-08 21:32:32.473 [info] > git ls-files --stage -- internal/game/core/events/event.go [2ms]
2025-05-08 21:32:32.493 [info] > git cat-file -s e6a69e0573887bb20f38735866871aa78f460069 [4ms]
2025-05-08 21:32:39.221 [info] > git check-ignore -v -z --stdin [2ms]
2025-05-08 21:32:39.769 [info] > git config --get commit.template [10ms]
2025-05-08 21:32:39.772 [info] > git for-each-ref --format=%(refname)%00%(upstream:short)%00%(objectname)%00%(upstream:track)%00%(upstream:remotename)%00%(upstream:remoteref) refs/heads/main refs/remotes/main [3ms]
2025-05-08 21:32:39.793 [info] > git for-each-ref --sort -committerdate --format %(refname)%00%(objectname)%00%(*objectname) [2ms]
2025-05-08 21:32:39.799 [info] > git status -z -uall [17ms]
2025-05-08 21:32:42.510 [info] > git show --textconv :internal/game/core/resources/resource.go [10ms]
2025-05-08 21:32:42.519 [info] > git ls-files --stage -- internal/game/core/resources/resource.go [11ms]
2025-05-08 21:32:42.528 [info] > git hash-object -t tree /dev/null [2ms]
2025-05-08 21:32:42.529 [warning] [GitFileSystemProvider][stat] File not found - git:/home/angrycompany16/gamedev/go/mask_of_the_tomb/internal/game/core/resources/resource.go.git?%7B%22path%22%3A%22%2Fhome%2Fangrycompany16%2Fgamedev%2Fgo%2Fmask_of_the_tomb%2Finternal%2Fgame%2Fcore%2Fresources%2Fresource.go%22%2C%22ref%22%3A%22%22%7D
2025-05-08 21:32:42.532 [info] > git hash-object -t tree /dev/null [13ms]
2025-05-08 21:32:42.532 [warning] [GitFileSystemProvider][readFile] File not found - git:/home/angrycompany16/gamedev/go/mask_of_the_tomb/internal/game/core/resources/resource.go.git?%7B%22path%22%3A%22%2Fhome%2Fangrycompany16%2Fgamedev%2Fgo%2Fmask_of_the_tomb%2Finternal%2Fgame%2Fcore%2Fresources%2Fresource.go%22%2C%22ref%22%3A%22%22%7D
2025-05-08 21:32:42.757 [info] > git check-ignore -v -z --stdin [1ms]
2025-05-08 21:32:43.661 [info] > git blame --root --incremental 900e08db4179b25552f412f4cb7eb8e37bc15cb0 -- internal/game/core/resources/resource.go [12ms]
2025-05-08 21:32:43.661 [info] fatal: no such path internal/game/core/resources/resource.go in 900e08db4179b25552f412f4cb7eb8e37bc15cb0
2025-05-08 21:32:44.822 [info] > git config --get commit.template [8ms]
2025-05-08 21:32:44.824 [info] > git for-each-ref --format=%(refname)%00%(upstream:short)%00%(objectname)%00%(upstream:track)%00%(upstream:remotename)%00%(upstream:remoteref) refs/heads/main refs/remotes/main [2ms]
2025-05-08 21:32:44.840 [info] > git for-each-ref --sort -committerdate --format %(refname)%00%(objectname)%00%(*objectname) [3ms]
2025-05-08 21:32:44.841 [info] > git status -z -uall [11ms]
2025-05-08 21:32:49.086 [info] > git show --textconv :internal/game/core/resources/resourcemanagewr.go [15ms]
2025-05-08 21:32:49.087 [warning] [GitFileSystemProvider][readFile] File not found - git:/home/angrycompany16/gamedev/go/mask_of_the_tomb/internal/game/core/resources/resourcemanagewr.go.git?%7B%22path%22%3A%22%2Fhome%2Fangrycompany16%2Fgamedev%2Fgo%2Fmask_of_the_tomb%2Finternal%2Fgame%2Fcore%2Fresources%2Fresourcemanagewr.go%22%2C%22ref%22%3A%22%22%7D
2025-05-08 21:32:49.089 [info] > git ls-files --stage -- internal/game/core/resources/resourcemanagewr.go [5ms]
2025-05-08 21:32:49.090 [warning] [GitFileSystemProvider][stat] File not found - git:/home/angrycompany16/gamedev/go/mask_of_the_tomb/internal/game/core/resources/resourcemanagewr.go.git?%7B%22path%22%3A%22%2Fhome%2Fangrycompany16%2Fgamedev%2Fgo%2Fmask_of_the_tomb%2Finternal%2Fgame%2Fcore%2Fresources%2Fresourcemanagewr.go%22%2C%22ref%22%3A%22%22%7D
2025-05-08 21:32:49.113 [info] > git blame --root --incremental 900e08db4179b25552f412f4cb7eb8e37bc15cb0 -- internal/game/core/resources/resourcemanagewr.go [4ms]
2025-05-08 21:32:49.113 [info] fatal: no such path internal/game/core/resources/resourcemanagewr.go in 900e08db4179b25552f412f4cb7eb8e37bc15cb0
2025-05-08 21:32:49.343 [info] > git check-ignore -v -z --stdin [2ms]
2025-05-08 21:32:49.865 [info] > git config --get commit.template [10ms]
2025-05-08 21:32:49.865 [info] > git for-each-ref --format=%(refname)%00%(upstream:short)%00%(objectname)%00%(upstream:track)%00%(upstream:remotename)%00%(upstream:remoteref) refs/heads/main refs/remotes/main [2ms]
2025-05-08 21:32:49.882 [info] > git for-each-ref --sort -committerdate --format %(refname)%00%(objectname)%00%(*objectname) [2ms]
2025-05-08 21:32:49.884 [info] > git status -z -uall [11ms]
2025-05-08 21:32:51.505 [info] > git show --textconv :internal/game/core/resources/resourcemanager.go [8ms]
2025-05-08 21:32:51.506 [warning] [GitFileSystemProvider][readFile] File not found - git:/home/angrycompany16/gamedev/go/mask_of_the_tomb/internal/game/core/resources/resourcemanager.go.git?%7B%22path%22%3A%22%2Fhome%2Fangrycompany16%2Fgamedev%2Fgo%2Fmask_of_the_tomb%2Finternal%2Fgame%2Fcore%2Fresources%2Fresourcemanager.go%22%2C%22ref%22%3A%22%22%7D
2025-05-08 21:32:51.507 [info] > git ls-files --stage -- internal/game/core/resources/resourcemanager.go [2ms]
2025-05-08 21:32:51.507 [warning] [GitFileSystemProvider][stat] File not found - git:/home/angrycompany16/gamedev/go/mask_of_the_tomb/internal/game/core/resources/resourcemanager.go.git?%7B%22path%22%3A%22%2Fhome%2Fangrycompany16%2Fgamedev%2Fgo%2Fmask_of_the_tomb%2Finternal%2Fgame%2Fcore%2Fresources%2Fresourcemanager.go%22%2C%22ref%22%3A%22%22%7D
2025-05-08 21:32:51.520 [info] > git blame --root --incremental 900e08db4179b25552f412f4cb7eb8e37bc15cb0 -- internal/game/core/resources/resourcemanager.go [3ms]
2025-05-08 21:32:51.520 [info] fatal: no such path internal/game/core/resources/resourcemanager.go in 900e08db4179b25552f412f4cb7eb8e37bc15cb0
2025-05-08 21:32:51.777 [info] > git check-ignore -v -z --stdin [2ms]
2025-05-08 21:32:54.909 [info] > git config --get commit.template [11ms]
2025-05-08 21:32:54.911 [info] > git for-each-ref --format=%(refname)%00%(upstream:short)%00%(objectname)%00%(upstream:track)%00%(upstream:remotename)%00%(upstream:remoteref) refs/heads/main refs/remotes/main [4ms]
2025-05-08 21:32:54.939 [info] > git for-each-ref --sort -committerdate --format %(refname)%00%(objectname)%00%(*objectname) [4ms]
2025-05-08 21:32:54.941 [info] > git status -z -uall [18ms]
2025-05-08 21:32:59.957 [info] > git config --get commit.template [2ms]
2025-05-08 21:32:59.967 [info] > git for-each-ref --format=%(refname)%00%(upstream:short)%00%(objectname)%00%(upstream:track)%00%(upstream:remotename)%00%(upstream:remoteref) refs/heads/main refs/remotes/main [3ms]
2025-05-08 21:32:59.982 [info] > git for-each-ref --sort -committerdate --format %(refname)%00%(objectname)%00%(*objectname) [2ms]
2025-05-08 21:32:59.985 [info] > git status -z -uall [11ms]
2025-05-08 21:33:05.005 [info] > git config --get commit.template [7ms]
2025-05-08 21:33:05.007 [info] > git for-each-ref --format=%(refname)%00%(upstream:short)%00%(objectname)%00%(upstream:track)%00%(upstream:remotename)%00%(upstream:remoteref) refs/heads/main refs/remotes/main [2ms]
2025-05-08 21:33:05.022 [info] > git for-each-ref --sort -committerdate --format %(refname)%00%(objectname)%00%(*objectname) [2ms]
2025-05-08 21:33:05.026 [info] > git status -z -uall [12ms]
2025-05-08 21:33:23.989 [info] > git config --get commit.template [9ms]
2025-05-08 21:33:23.989 [info] > git for-each-ref --format=%(refname)%00%(upstream:short)%00%(objectname)%00%(upstream:track)%00%(upstream:remotename)%00%(upstream:remoteref) refs/heads/main refs/remotes/main [2ms]
2025-05-08 21:33:24.011 [info] > git for-each-ref --sort -committerdate --format %(refname)%00%(objectname)%00%(*objectname) [2ms]
2025-05-08 21:33:24.016 [info] > git status -z -uall [17ms]
2025-05-08 21:33:30.990 [info] > git config --get commit.template [10ms]
2025-05-08 21:33:30.991 [info] > git for-each-ref --format=%(refname)%00%(upstream:short)%00%(objectname)%00%(upstream:track)%00%(upstream:remotename)%00%(upstream:remoteref) refs/heads/main refs/remotes/main [3ms]
2025-05-08 21:33:31.007 [info] > git for-each-ref --sort -committerdate --format %(refname)%00%(objectname)%00%(*objectname) [3ms]
2025-05-08 21:33:31.009 [info] > git status -z -uall [11ms]
2025-05-08 21:33:47.272 [info] > git config --get commit.template [9ms]
2025-05-08 21:33:47.273 [info] > git for-each-ref --format=%(refname)%00%(upstream:short)%00%(objectname)%00%(upstream:track)%00%(upstream:remotename)%00%(upstream:remoteref) refs/heads/main refs/remotes/main [2ms]
2025-05-08 21:33:47.291 [info] > git for-each-ref --sort -committerdate --format %(refname)%00%(objectname)%00%(*objectname) [3ms]
2025-05-08 21:33:47.292 [info] > git status -z -uall [10ms]
2025-05-08 21:34:04.204 [info] > git config --get commit.template [8ms]
2025-05-08 21:34:04.205 [info] > git for-each-ref --format=%(refname)%00%(upstream:short)%00%(objectname)%00%(upstream:track)%00%(upstream:remotename)%00%(upstream:remoteref) refs/heads/main refs/remotes/main [2ms]
2025-05-08 21:34:04.221 [info] > git for-each-ref --sort -committerdate --format %(refname)%00%(objectname)%00%(*objectname) [2ms]
2025-05-08 21:34:04.222 [info] > git status -z -uall [10ms]
2025-05-08 21:34:15.806 [info] > git config --get commit.template [8ms]
2025-05-08 21:34:15.808 [info] > git for-each-ref --format=%(refname)%00%(upstream:short)%00%(objectname)%00%(upstream:track)%00%(upstream:remotename)%00%(upstream:remoteref) refs/heads/main refs/remotes/main [2ms]
2025-05-08 21:34:15.825 [info] > git for-each-ref --sort -committerdate --format %(refname)%00%(objectname)%00%(*objectname) [3ms]
2025-05-08 21:34:15.826 [info] > git status -z -uall [11ms]
2025-05-08 21:34:35.732 [info] > git config --get commit.template [1ms]
2025-05-08 21:34:35.740 [info] > git for-each-ref --format=%(refname)%00%(upstream:short)%00%(objectname)%00%(upstream:track)%00%(upstream:remotename)%00%(upstream:remoteref) refs/heads/main refs/remotes/main [2ms]
2025-05-08 21:34:35.755 [info] > git for-each-ref --sort -committerdate --format %(refname)%00%(objectname)%00%(*objectname) [2ms]
2025-05-08 21:34:35.758 [info] > git status -z -uall [11ms]
2025-05-08 21:34:52.033 [info] > git config --get commit.template [7ms]
2025-05-08 21:34:52.035 [info] > git for-each-ref --format=%(refname)%00%(upstream:short)%00%(objectname)%00%(upstream:track)%00%(upstream:remotename)%00%(upstream:remoteref) refs/heads/main refs/remotes/main [3ms]
2025-05-08 21:34:52.051 [info] > git for-each-ref --sort -committerdate --format %(refname)%00%(objectname)%00%(*objectname) [2ms]
2025-05-08 21:34:52.054 [info] > git status -z -uall [12ms]
2025-05-08 21:34:57.074 [info] > git config --get commit.template [8ms]
2025-05-08 21:34:57.075 [info] > git for-each-ref --format=%(refname)%00%(upstream:short)%00%(objectname)%00%(upstream:track)%00%(upstream:remotename)%00%(upstream:remoteref) refs/heads/main refs/remotes/main [2ms]
2025-05-08 21:34:57.091 [info] > git for-each-ref --sort -committerdate --format %(refname)%00%(objectname)%00%(*objectname) [3ms]
2025-05-08 21:34:57.094 [info] > git status -z -uall [12ms]
2025-05-08 21:35:10.663 [info] > git config --get commit.template [8ms]
2025-05-08 21:35:10.664 [info] > git for-each-ref --format=%(refname)%00%(upstream:short)%00%(objectname)%00%(upstream:track)%00%(upstream:remotename)%00%(upstream:remoteref) refs/heads/main refs/remotes/main [2ms]
2025-05-08 21:35:10.680 [info] > git for-each-ref --sort -committerdate --format %(refname)%00%(objectname)%00%(*objectname) [2ms]
2025-05-08 21:35:10.683 [info] > git status -z -uall [12ms]
2025-05-08 21:35:25.459 [info] > git config --get commit.template [8ms]
2025-05-08 21:35:25.460 [info] > git for-each-ref --format=%(refname)%00%(upstream:short)%00%(objectname)%00%(upstream:track)%00%(upstream:remotename)%00%(upstream:remoteref) refs/heads/main refs/remotes/main [1ms]
2025-05-08 21:35:25.476 [info] > git for-each-ref --sort -committerdate --format %(refname)%00%(objectname)%00%(*objectname) [2ms]
2025-05-08 21:35:25.478 [info] > git status -z -uall [9ms]
2025-05-08 21:35:31.966 [info] > git config --get commit.template [2ms]
2025-05-08 21:35:31.976 [info] > git for-each-ref --format=%(refname)%00%(upstream:short)%00%(objectname)%00%(upstream:track)%00%(upstream:remotename)%00%(upstream:remoteref) refs/heads/main refs/remotes/main [2ms]
2025-05-08 21:35:31.992 [info] > git for-each-ref --sort -committerdate --format %(refname)%00%(objectname)%00%(*objectname) [1ms]
2025-05-08 21:35:31.994 [info] > git status -z -uall [11ms]
2025-05-08 21:35:37.014 [info] > git config --get commit.template [8ms]
2025-05-08 21:35:37.016 [info] > git for-each-ref --format=%(refname)%00%(upstream:short)%00%(objectname)%00%(upstream:track)%00%(upstream:remotename)%00%(upstream:remoteref) refs/heads/main refs/remotes/main [3ms]
2025-05-08 21:35:37.033 [info] > git for-each-ref --sort -committerdate --format %(refname)%00%(objectname)%00%(*objectname) [2ms]
2025-05-08 21:35:37.034 [info] > git status -z -uall [10ms]
2025-05-08 21:35:42.818 [info] > git show --textconv :internal/game/game.go [9ms]
2025-05-08 21:35:42.819 [info] > git ls-files --stage -- internal/game/game.go [2ms]
2025-05-08 21:35:42.828 [info] > git cat-file -s ec6685a7867418cc1061d5c4585293e72c310036 [2ms]
2025-05-08 21:35:56.634 [info] > git config --get commit.template [8ms]
2025-05-08 21:35:56.635 [info] > git for-each-ref --format=%(refname)%00%(upstream:short)%00%(objectname)%00%(upstream:track)%00%(upstream:remotename)%00%(upstream:remoteref) refs/heads/main refs/remotes/main [2ms]
2025-05-08 21:35:56.653 [info] > git for-each-ref --sort -committerdate --format %(refname)%00%(objectname)%00%(*objectname) [3ms]
2025-05-08 21:35:56.654 [info] > git status -z -uall [11ms]
2025-05-08 21:36:01.673 [info] > git config --get commit.template [7ms]
2025-05-08 21:36:01.675 [info] > git for-each-ref --format=%(refname)%00%(upstream:short)%00%(objectname)%00%(upstream:track)%00%(upstream:remotename)%00%(upstream:remoteref) refs/heads/main refs/remotes/main [1ms]
2025-05-08 21:36:01.689 [info] > git for-each-ref --sort -committerdate --format %(refname)%00%(objectname)%00%(*objectname) [1ms]
2025-05-08 21:36:01.694 [info] > git status -z -uall [13ms]
2025-05-08 21:36:18.501 [info] > git config --get commit.template [7ms]
2025-05-08 21:36:18.502 [info] > git for-each-ref --format=%(refname)%00%(upstream:short)%00%(objectname)%00%(upstream:track)%00%(upstream:remotename)%00%(upstream:remoteref) refs/heads/main refs/remotes/main [2ms]
2025-05-08 21:36:18.518 [info] > git for-each-ref --sort -committerdate --format %(refname)%00%(objectname)%00%(*objectname) [3ms]
2025-05-08 21:36:18.522 [info] > git status -z -uall [13ms]
2025-05-08 21:36:25.265 [info] > git config --get commit.template [7ms]
2025-05-08 21:36:25.266 [info] > git for-each-ref --format=%(refname)%00%(upstream:short)%00%(objectname)%00%(upstream:track)%00%(upstream:remotename)%00%(upstream:remoteref) refs/heads/main refs/remotes/main [1ms]
2025-05-08 21:36:25.284 [info] > git for-each-ref --sort -committerdate --format %(refname)%00%(objectname)%00%(*objectname) [3ms]
2025-05-08 21:36:25.285 [info] > git status -z -uall [11ms]
2025-05-08 21:36:28.150 [info] > git show --textconv :internal/game/world/world.go [8ms]
2025-05-08 21:36:28.151 [info] > git ls-files --stage -- internal/game/world/world.go [2ms]
2025-05-08 21:36:28.160 [info] > git cat-file -s 0d842554bb6aba514515b283b15fdc54d5486149 [2ms]
2025-05-08 21:36:30.716 [info] > git show --textconv :internal/maths/randomfloat.go [8ms]
2025-05-08 21:36:30.718 [info] > git ls-files --stage -- internal/maths/randomfloat.go [1ms]
2025-05-08 21:36:30.727 [info] > git cat-file -s b18baf1dc6211a2b6fdf9f0fc0c41c299920a760 [2ms]
2025-05-08 21:36:31.714 [info] > git show --textconv :internal/game/player/player.go [10ms]
2025-05-08 21:36:31.714 [info] > git ls-files --stage -- internal/game/player/player.go [2ms]
2025-05-08 21:36:31.724 [info] > git cat-file -s f34a3fcbaa49249aec06ae9a763edd75ff7c53b5 [2ms]
2025-05-08 21:36:31.752 [info] > git blame --root --incremental 900e08db4179b25552f412f4cb7eb8e37bc15cb0 -- internal/game/player/player.go [14ms]
2025-05-08 21:36:52.585 [info] > git config --get commit.template [8ms]
2025-05-08 21:36:52.586 [info] > git for-each-ref --format=%(refname)%00%(upstream:short)%00%(objectname)%00%(upstream:track)%00%(upstream:remotename)%00%(upstream:remoteref) refs/heads/main refs/remotes/main [2ms]
2025-05-08 21:36:52.602 [info] > git for-each-ref --sort -committerdate --format %(refname)%00%(objectname)%00%(*objectname) [2ms]
2025-05-08 21:36:52.604 [info] > git status -z -uall [11ms]
2025-05-08 21:36:54.290 [info] > git show --textconv :internal/game/game.go [11ms]
2025-05-08 21:36:54.291 [info] > git ls-files --stage -- internal/game/game.go [2ms]
2025-05-08 21:36:54.302 [info] > git cat-file -s ec6685a7867418cc1061d5c4585293e72c310036 [2ms]
2025-05-08 21:37:39.336 [info] > git show --textconv :internal/game/player/player.go [11ms]
2025-05-08 21:37:39.337 [info] > git ls-files --stage -- internal/game/player/player.go [2ms]
2025-05-08 21:37:39.348 [info] > git cat-file -s f34a3fcbaa49249aec06ae9a763edd75ff7c53b5 [3ms]
2025-05-08 21:37:54.732 [info] > git config --get commit.template [10ms]
2025-05-08 21:37:54.733 [info] > git for-each-ref --format=%(refname)%00%(upstream:short)%00%(objectname)%00%(upstream:track)%00%(upstream:remotename)%00%(upstream:remoteref) refs/heads/main refs/remotes/main [3ms]
2025-05-08 21:37:54.748 [info] > git for-each-ref --sort -committerdate --format %(refname)%00%(objectname)%00%(*objectname) [2ms]
2025-05-08 21:37:54.751 [info] > git status -z -uall [11ms]
2025-05-08 21:37:59.775 [info] > git config --get commit.template [10ms]
2025-05-08 21:37:59.776 [info] > git for-each-ref --format=%(refname)%00%(upstream:short)%00%(objectname)%00%(upstream:track)%00%(upstream:remotename)%00%(upstream:remoteref) refs/heads/main refs/remotes/main [2ms]
2025-05-08 21:37:59.797 [info] > git for-each-ref --sort -committerdate --format %(refname)%00%(objectname)%00%(*objectname) [2ms]
2025-05-08 21:37:59.799 [info] > git status -z -uall [14ms]
2025-05-08 21:38:00.189 [info] > git show --textconv :internal/game/game.go [9ms]
2025-05-08 21:38:00.191 [info] > git ls-files --stage -- internal/game/game.go [2ms]
2025-05-08 21:38:00.201 [info] > git cat-file -s ec6685a7867418cc1061d5c4585293e72c310036 [2ms]
2025-05-08 21:38:04.812 [info] > git config --get commit.template [2ms]
2025-05-08 21:38:04.820 [info] > git for-each-ref --format=%(refname)%00%(upstream:short)%00%(objectname)%00%(upstream:track)%00%(upstream:remotename)%00%(upstream:remoteref) refs/heads/main refs/remotes/main [2ms]
2025-05-08 21:38:04.837 [info] > git for-each-ref --sort -committerdate --format %(refname)%00%(objectname)%00%(*objectname) [2ms]
2025-05-08 21:38:04.841 [info] > git status -z -uall [13ms]
2025-05-08 21:38:09.863 [info] > git config --get commit.template [8ms]
2025-05-08 21:38:09.863 [info] > git for-each-ref --format=%(refname)%00%(upstream:short)%00%(objectname)%00%(upstream:track)%00%(upstream:remotename)%00%(upstream:remoteref) refs/heads/main refs/remotes/main [1ms]
2025-05-08 21:38:09.890 [info] > git for-each-ref --sort -committerdate --format %(refname)%00%(objectname)%00%(*objectname) [2ms]
2025-05-08 21:38:09.894 [info] > git status -z -uall [13ms]
2025-05-08 21:38:14.918 [info] > git config --get commit.template [11ms]
2025-05-08 21:38:14.919 [info] > git for-each-ref --format=%(refname)%00%(upstream:short)%00%(objectname)%00%(upstream:track)%00%(upstream:remotename)%00%(upstream:remoteref) refs/heads/main refs/remotes/main [2ms]
2025-05-08 21:38:14.938 [info] > git for-each-ref --sort -committerdate --format %(refname)%00%(objectname)%00%(*objectname) [2ms]
2025-05-08 21:38:14.942 [info] > git status -z -uall [14ms]
2025-05-08 21:38:19.963 [info] > git config --get commit.template [8ms]
2025-05-08 21:38:19.964 [info] > git for-each-ref --format=%(refname)%00%(upstream:short)%00%(objectname)%00%(upstream:track)%00%(upstream:remotename)%00%(upstream:remoteref) refs/heads/main refs/remotes/main [2ms]
2025-05-08 21:38:19.981 [info] > git for-each-ref --sort -committerdate --format %(refname)%00%(objectname)%00%(*objectname) [2ms]
2025-05-08 21:38:19.982 [info] > git status -z -uall [10ms]
2025-05-08 21:38:25.002 [info] > git config --get commit.template [8ms]
2025-05-08 21:38:25.003 [info] > git for-each-ref --format=%(refname)%00%(upstream:short)%00%(objectname)%00%(upstream:track)%00%(upstream:remotename)%00%(upstream:remoteref) refs/heads/main refs/remotes/main [2ms]
2025-05-08 21:38:25.018 [info] > git for-each-ref --sort -committerdate --format %(refname)%00%(objectname)%00%(*objectname) [2ms]
2025-05-08 21:38:25.020 [info] > git status -z -uall [10ms]
2025-05-08 21:39:14.416 [info] > git config --get commit.template [7ms]
2025-05-08 21:39:14.418 [info] > git for-each-ref --format=%(refname)%00%(upstream:short)%00%(objectname)%00%(upstream:track)%00%(upstream:remotename)%00%(upstream:remoteref) refs/heads/main refs/remotes/main [2ms]
2025-05-08 21:39:14.434 [info] > git for-each-ref --sort -committerdate --format %(refname)%00%(objectname)%00%(*objectname) [3ms]
2025-05-08 21:39:14.437 [info] > git status -z -uall [12ms]
2025-05-08 21:39:32.973 [info] > git config --get commit.template [8ms]
2025-05-08 21:39:32.975 [info] > git for-each-ref --format=%(refname)%00%(upstream:short)%00%(objectname)%00%(upstream:track)%00%(upstream:remotename)%00%(upstream:remoteref) refs/heads/main refs/remotes/main [3ms]
2025-05-08 21:39:32.994 [info] > git for-each-ref --sort -committerdate --format %(refname)%00%(objectname)%00%(*objectname) [2ms]
2025-05-08 21:39:32.995 [info] > git status -z -uall [11ms]
2025-05-08 21:39:38.019 [info] > git config --get commit.template [10ms]
2025-05-08 21:39:38.019 [info] > git for-each-ref --format=%(refname)%00%(upstream:short)%00%(objectname)%00%(upstream:track)%00%(upstream:remotename)%00%(upstream:remoteref) refs/heads/main refs/remotes/main [2ms]
2025-05-08 21:39:38.037 [info] > git for-each-ref --sort -committerdate --format %(refname)%00%(objectname)%00%(*objectname) [2ms]
2025-05-08 21:39:38.040 [info] > git status -z -uall [13ms]
2025-05-08 21:39:43.060 [info] > git config --get commit.template [8ms]
2025-05-08 21:39:43.061 [info] > git for-each-ref --format=%(refname)%00%(upstream:short)%00%(objectname)%00%(upstream:track)%00%(upstream:remotename)%00%(upstream:remoteref) refs/heads/main refs/remotes/main [2ms]
2025-05-08 21:39:43.078 [info] > git for-each-ref --sort -committerdate --format %(refname)%00%(objectname)%00%(*objectname) [2ms]
2025-05-08 21:39:43.082 [info] > git status -z -uall [14ms]
2025-05-08 21:39:48.314 [info] > git check-ignore -v -z --stdin [2ms]
2025-05-08 21:40:01.945 [info] > git show --textconv :main.go [9ms]
2025-05-08 21:40:01.947 [info] > git ls-files --stage -- main.go [2ms]
2025-05-08 21:40:01.956 [info] > git cat-file -s 6145d63aac89617662f512d794b2bdea23293191 [2ms]
2025-05-08 21:40:05.675 [info] > git config --get commit.template [9ms]
2025-05-08 21:40:05.676 [info] > git for-each-ref --format=%(refname)%00%(upstream:short)%00%(objectname)%00%(upstream:track)%00%(upstream:remotename)%00%(upstream:remoteref) refs/heads/main refs/remotes/main [1ms]
2025-05-08 21:40:05.694 [info] > git for-each-ref --sort -committerdate --format %(refname)%00%(objectname)%00%(*objectname) [2ms]
2025-05-08 21:40:05.697 [info] > git status -z -uall [12ms]
2025-05-08 21:40:05.768 [info] > git ls-files --stage -- main.go [2ms]
2025-05-08 21:40:05.777 [info] > git cat-file -s 6145d63aac89617662f512d794b2bdea23293191 [2ms]
2025-05-08 21:40:05.788 [info] > git show --textconv :main.go [2ms]
2025-05-08 21:40:23.423 [info] > git for-each-ref --format=%(refname)%00%(upstream:short)%00%(objectname)%00%(upstream:track)%00%(upstream:remotename)%00%(upstream:remoteref) refs/heads/main refs/remotes/main [2ms]
2025-05-08 21:40:23.424 [info] > git config --get commit.template [11ms]
2025-05-08 21:40:23.442 [info] > git for-each-ref --sort -committerdate --format %(refname)%00%(objectname)%00%(*objectname) [3ms]
2025-05-08 21:40:23.444 [info] > git status -z -uall [13ms]
2025-05-08 21:40:34.590 [info] > git config --get commit.template [1ms]
2025-05-08 21:40:34.600 [info] > git for-each-ref --format=%(refname)%00%(upstream:short)%00%(objectname)%00%(upstream:track)%00%(upstream:remotename)%00%(upstream:remoteref) refs/heads/main refs/remotes/main [3ms]
2025-05-08 21:40:34.617 [info] > git for-each-ref --sort -committerdate --format %(refname)%00%(objectname)%00%(*objectname) [2ms]
2025-05-08 21:40:34.618 [info] > git status -z -uall [10ms]
2025-05-08 21:40:39.640 [info] > git config --get commit.template [9ms]
2025-05-08 21:40:39.641 [info] > git for-each-ref --format=%(refname)%00%(upstream:short)%00%(objectname)%00%(upstream:track)%00%(upstream:remotename)%00%(upstream:remoteref) refs/heads/main refs/remotes/main [2ms]
2025-05-08 21:40:39.659 [info] > git for-each-ref --sort -committerdate --format %(refname)%00%(objectname)%00%(*objectname) [1ms]
2025-05-08 21:40:39.660 [info] > git status -z -uall [10ms]
2025-05-08 21:40:56.985 [info] > git show --textconv :main.go [9ms]
2025-05-08 21:40:56.986 [info] > git ls-files --stage -- main.go [2ms]
2025-05-08 21:40:56.996 [info] > git cat-file -s 6145d63aac89617662f512d794b2bdea23293191 [1ms]
2025-05-08 21:41:46.024 [info] > git config --get commit.template [8ms]
2025-05-08 21:41:46.025 [info] > git for-each-ref --format=%(refname)%00%(upstream:short)%00%(objectname)%00%(upstream:track)%00%(upstream:remotename)%00%(upstream:remoteref) refs/heads/main refs/remotes/main [2ms]
2025-05-08 21:41:46.040 [info] > git for-each-ref --sort -committerdate --format %(refname)%00%(objectname)%00%(*objectname) [2ms]
2025-05-08 21:41:46.042 [info] > git status -z -uall [10ms]
