2025-05-02 13:37:35.717 [info] [main] Log level: Info
2025-05-02 13:37:35.717 [info] [main] Validating found git in: "git"
2025-05-02 13:37:35.717 [info] [main] Using git "2.49.0" from "git"
2025-05-02 13:37:35.717 [info] [Model][doInitialScan] Initial repository scan started
2025-05-02 13:37:35.717 [info] > git rev-parse --show-toplevel [42ms]
2025-05-02 13:37:35.717 [info] > git rev-parse --git-dir --git-common-dir [25ms]
2025-05-02 13:37:35.717 [info] [Model][openRepository] Opened repository: /home/angrycompany16/ntnu/sanntidsprogrammering/TTK4145-sanntidslab
2025-05-02 13:37:35.759 [info] > git rev-parse --show-toplevel [28ms]
2025-05-02 13:37:35.760 [info] > git config --get commit.template [36ms]
2025-05-02 13:37:35.779 [info] > git for-each-ref --format=%(refname)%00%(upstream:short)%00%(objectname)%00%(upstream:track)%00%(upstream:remotename)%00%(upstream:remoteref) refs/heads/hand-in refs/remotes/hand-in [7ms]
2025-05-02 13:37:35.807 [warning] [Git][revParse] Unable to read file: ENOENT: no such file or directory, open '/home/angrycompany16/ntnu/sanntidsprogrammering/TTK4145-sanntidslab/.git/refs/remotes/origin/hand-in'
2025-05-02 13:37:35.812 [info] > git rev-parse refs/remotes/origin/hand-in [5ms]
2025-05-02 13:37:35.827 [info] > git rev-parse --show-toplevel [27ms]
2025-05-02 13:37:35.835 [info] > git status -z -uall [16ms]
2025-05-02 13:37:35.841 [info] > git rev-parse --show-toplevel [6ms]
2025-05-02 13:37:35.841 [info] > git for-each-ref --sort -committerdate --format %(refname)%00%(objectname)%00%(*objectname) [14ms]
2025-05-02 13:37:35.877 [info] > git for-each-ref --format=%(refname)%00%(upstream:short)%00%(objectname)%00%(upstream:track)%00%(upstream:remotename)%00%(upstream:remoteref) refs/heads/hand-in refs/remotes/hand-in [17ms]
2025-05-02 13:37:35.891 [info] > git config --get --local branch.hand-in.vscode-merge-base [6ms]
2025-05-02 13:37:35.903 [info] > git config --get commit.template [26ms]
2025-05-02 13:37:35.903 [info] > git rev-parse --show-toplevel [34ms]
2025-05-02 13:37:35.920 [info] > git for-each-ref --format=%(refname)%00%(upstream:short)%00%(objectname)%00%(upstream:track)%00%(upstream:remotename)%00%(upstream:remoteref) refs/heads/origin/hand-in refs/remotes/origin/hand-in [18ms]
2025-05-02 13:37:35.959 [info] > git rev-parse --show-toplevel [41ms]
2025-05-02 13:37:35.981 [info] > git for-each-ref --format=%(refname)%00%(upstream:short)%00%(objectname)%00%(upstream:track)%00%(upstream:remotename)%00%(upstream:remoteref) refs/heads/hand-in refs/remotes/hand-in [37ms]
2025-05-02 13:37:35.981 [info] > git merge-base refs/heads/hand-in refs/remotes/origin/hand-in [48ms]
2025-05-02 13:37:36.026 [warning] [Git][revParse] Unable to read file: ENOENT: no such file or directory, open '/home/angrycompany16/ntnu/sanntidsprogrammering/TTK4145-sanntidslab/.git/refs/remotes/origin/hand-in'
2025-05-02 13:37:36.028 [info] > git diff --name-status -z --diff-filter=ADMR 5e2bba31459925579fa1db588003ac17400fc4fc...refs/remotes/origin/hand-in [39ms]
2025-05-02 13:37:36.028 [info] > git rev-parse --show-toplevel [50ms]
2025-05-02 13:37:36.040 [info] > git rev-parse refs/remotes/origin/hand-in [14ms]
2025-05-02 13:37:36.054 [info] > git status -z -uall [7ms]
2025-05-02 13:37:36.055 [info] > git rev-parse --show-toplevel [17ms]
2025-05-02 13:37:36.065 [info] > git for-each-ref --sort -committerdate --format %(refname)%00%(objectname)%00%(*objectname) [12ms]
2025-05-02 13:37:36.073 [info] > git rev-parse --show-toplevel [9ms]
2025-05-02 13:37:36.086 [info] > git rev-parse --show-toplevel [3ms]
2025-05-02 13:37:36.098 [info] > git rev-parse --show-toplevel [4ms]
2025-05-02 13:37:36.108 [info] > git rev-parse --show-toplevel [1ms]
2025-05-02 13:37:36.109 [info] [Model][doInitialScan] Initial repository scan completed - repositories (1), closed repositories (0), parent repositories (0), unsafe repositories (0)
2025-05-02 13:37:36.197 [info] > git show --textconv :networking/node.go [11ms]
2025-05-02 13:37:36.199 [info] > git ls-files --stage -- networking/node.go [3ms]
2025-05-02 13:37:36.223 [info] > git cat-file -s ec490e31593485d0c0224cc0ed2fd7da12b9de0c [15ms]
2025-05-02 13:37:36.272 [info] > git blame --root --incremental 5e2bba31459925579fa1db588003ac17400fc4fc -- networking/node.go [15ms]
2025-05-02 13:37:36.283 [info] > git check-ignore -v -z --stdin [12ms]
2025-05-02 13:38:06.325 [info] > git show --textconv :networking/peers.go [9ms]
2025-05-02 13:38:06.327 [info] > git ls-files --stage -- networking/peers.go [3ms]
2025-05-02 13:38:06.337 [info] > git cat-file -s cf41719a50e812c8a28fd08241080cad0040059d [2ms]
2025-05-02 13:38:06.388 [info] > git blame --root --incremental 5e2bba31459925579fa1db588003ac17400fc4fc -- networking/peers.go [9ms]
2025-05-02 13:38:11.881 [info] > git show --textconv :networking/node.go [17ms]
2025-05-02 13:38:11.890 [info] > git ls-files --stage -- networking/node.go [11ms]
2025-05-02 13:38:11.902 [info] > git cat-file -s ec490e31593485d0c0224cc0ed2fd7da12b9de0c [3ms]
2025-05-02 13:38:16.376 [info] > git show --textconv :networking/pendingRequests.go [10ms]
2025-05-02 13:38:16.377 [info] > git ls-files --stage -- networking/pendingRequests.go [2ms]
2025-05-02 13:38:16.387 [info] > git cat-file -s 0807ecc1f644326b8ff0e843ee0f3a5189ac2fad [3ms]
2025-05-02 13:38:16.432 [info] > git blame --root --incremental 5e2bba31459925579fa1db588003ac17400fc4fc -- networking/pendingRequests.go [10ms]
2025-05-02 13:38:24.130 [info] > git show --textconv :networking/request_assigner.go [14ms]
2025-05-02 13:38:24.132 [info] > git ls-files --stage -- networking/request_assigner.go [4ms]
2025-05-02 13:38:24.145 [info] > git cat-file -s b74df554004f82c1f7ec0e1f5e97498bbcaafb27 [3ms]
2025-05-02 13:38:24.228 [info] > git blame --root --incremental 5e2bba31459925579fa1db588003ac17400fc4fc -- networking/request_assigner.go [3ms]
2025-05-02 13:38:30.212 [info] > git check-ignore -v -z --stdin [2ms]
2025-05-02 13:38:35.824 [info] > git show --textconv :networking/advertiser.go [10ms]
2025-05-02 13:38:35.826 [info] > git ls-files --stage -- networking/advertiser.go [3ms]
2025-05-02 13:38:35.836 [info] > git cat-file -s 930011d193476102f2ee135b52e6603e8eb6ad6b [3ms]
2025-05-02 13:38:35.875 [info] > git blame --root --incremental 5e2bba31459925579fa1db588003ac17400fc4fc -- networking/advertiser.go [4ms]
2025-05-02 13:38:39.692 [info] > git show --textconv :networking/heartbeat.go [9ms]
2025-05-02 13:38:39.693 [info] > git ls-files --stage -- networking/heartbeat.go [2ms]
2025-05-02 13:38:39.703 [info] > git cat-file -s 196f3e587cd162a71892de5bd621de8f8e7325e7 [2ms]
2025-05-02 13:38:39.742 [info] > git blame --root --incremental 5e2bba31459925579fa1db588003ac17400fc4fc -- networking/heartbeat.go [4ms]
2025-05-02 13:38:42.392 [info] > git show --textconv :networking/peers.go [9ms]
2025-05-02 13:38:42.393 [info] > git ls-files --stage -- networking/peers.go [2ms]
2025-05-02 13:38:42.403 [info] > git cat-file -s cf41719a50e812c8a28fd08241080cad0040059d [2ms]
2025-05-02 13:38:47.221 [info] > git show --textconv :networking/pendingRequests.go [8ms]
2025-05-02 13:38:47.223 [info] > git ls-files --stage -- networking/pendingRequests.go [1ms]
2025-05-02 13:38:47.232 [info] > git cat-file -s 0807ecc1f644326b8ff0e843ee0f3a5189ac2fad [2ms]
