2025-04-30 15:01:24.624 [info] [main] Log level: Info
2025-04-30 15:01:24.624 [info] [main] Validating found git in: "git"
2025-04-30 15:01:24.624 [info] [main] Using git "2.49.0" from "git"
2025-04-30 15:01:24.624 [info] [Model][doInitialScan] Initial repository scan started
2025-04-30 15:01:24.624 [info] > git rev-parse --show-toplevel [250ms]
2025-04-30 15:01:24.624 [info] > git rev-parse --git-dir --git-common-dir [11ms]
2025-04-30 15:01:24.624 [info] [Model][openRepository] Opened repository: /home/angrycompany16/ntnu/sanntidsprogrammering/TTK4145-sanntidslab
2025-04-30 15:01:24.680 [info] > git rev-parse --show-toplevel [7ms]
2025-04-30 15:01:24.682 [info] > git config --get commit.template [15ms]
2025-04-30 15:01:24.712 [info] > git for-each-ref --format=%(refname)%00%(upstream:short)%00%(objectname)%00%(upstream:track)%00%(upstream:remotename)%00%(upstream:remoteref) refs/heads/hand-in refs/remotes/hand-in [13ms]
2025-04-30 15:01:24.730 [warning] [Git][revParse] Unable to read file: ENOENT: no such file or directory, open '/home/angrycompany16/ntnu/sanntidsprogrammering/TTK4145-sanntidslab/.git/refs/remotes/origin/hand-in'
2025-04-30 15:01:24.737 [info] > git rev-parse refs/remotes/origin/hand-in [7ms]
2025-04-30 15:01:24.754 [info] > git rev-parse --show-toplevel [30ms]
2025-04-30 15:01:24.770 [info] > git status -z -uall [26ms]
2025-04-30 15:01:24.771 [info] > git for-each-ref --sort -committerdate --format %(refname)%00%(objectname)%00%(*objectname) [18ms]
2025-04-30 15:01:24.801 [info] > git for-each-ref --format=%(refname)%00%(upstream:short)%00%(objectname)%00%(upstream:track)%00%(upstream:remotename)%00%(upstream:remoteref) refs/heads/hand-in refs/remotes/hand-in [14ms]
2025-04-30 15:01:24.811 [info] > git rev-parse --show-toplevel [42ms]
2025-04-30 15:01:24.825 [info] > git config --get --local branch.hand-in.vscode-merge-base [14ms]
2025-04-30 15:01:24.838 [info] > git config --get commit.template [39ms]
2025-04-30 15:01:24.843 [info] > git for-each-ref --format=%(refname)%00%(upstream:short)%00%(objectname)%00%(upstream:track)%00%(upstream:remotename)%00%(upstream:remoteref) refs/heads/origin/hand-in refs/remotes/origin/hand-in [5ms]
2025-04-30 15:01:24.856 [info] > git rev-parse --show-toplevel [32ms]
2025-04-30 15:01:24.882 [info] > git merge-base refs/heads/hand-in refs/remotes/origin/hand-in [26ms]
2025-04-30 15:01:24.897 [info] > git diff --name-status -z --diff-filter=ADMR 5e2bba31459925579fa1db588003ac17400fc4fc...refs/remotes/origin/hand-in [7ms]
2025-04-30 15:01:24.898 [info] > git rev-parse --show-toplevel [18ms]
2025-04-30 15:01:24.899 [info] > git for-each-ref --format=%(refname)%00%(upstream:short)%00%(objectname)%00%(upstream:track)%00%(upstream:remotename)%00%(upstream:remoteref) refs/heads/hand-in refs/remotes/hand-in [26ms]
2025-04-30 15:01:24.916 [warning] [Git][revParse] Unable to read file: ENOENT: no such file or directory, open '/home/angrycompany16/ntnu/sanntidsprogrammering/TTK4145-sanntidslab/.git/refs/remotes/origin/hand-in'
2025-04-30 15:01:24.919 [info] > git rev-parse refs/remotes/origin/hand-in [3ms]
2025-04-30 15:01:24.932 [info] > git rev-parse --show-toplevel [22ms]
2025-04-30 15:01:24.974 [info] > git status -z -uall [48ms]
2025-04-30 15:01:24.975 [info] > git for-each-ref --sort -committerdate --format %(refname)%00%(objectname)%00%(*objectname) [43ms]
2025-04-30 15:01:24.987 [info] > git rev-parse --show-toplevel [19ms]
2025-04-30 15:01:24.999 [info] > git rev-parse --show-toplevel [3ms]
2025-04-30 15:01:25.009 [info] > git rev-parse --show-toplevel [2ms]
2025-04-30 15:01:25.019 [info] > git rev-parse --show-toplevel [2ms]
2025-04-30 15:01:25.030 [info] > git rev-parse --show-toplevel [4ms]
2025-04-30 15:01:25.031 [info] [Model][doInitialScan] Initial repository scan completed - repositories (1), closed repositories (0), parent repositories (0), unsafe repositories (0)
2025-04-30 15:01:25.131 [info] > git show --textconv :networking/node.go [8ms]
2025-04-30 15:01:25.132 [info] > git ls-files --stage -- networking/node.go [2ms]
2025-04-30 15:01:25.141 [info] > git cat-file -s ec490e31593485d0c0224cc0ed2fd7da12b9de0c [2ms]
2025-04-30 15:01:25.184 [info] > git blame --root --incremental 5e2bba31459925579fa1db588003ac17400fc4fc -- networking/node.go [6ms]
2025-04-30 15:01:25.269 [info] > git check-ignore -v -z --stdin [4ms]
2025-04-30 15:02:11.132 [info] > git check-ignore -v -z --stdin [2ms]
2025-04-30 15:02:11.982 [info] > git show --textconv :main.go [15ms]
2025-04-30 15:02:11.984 [info] > git ls-files --stage -- main.go [4ms]
2025-04-30 15:02:12.004 [info] > git cat-file -s 2d339c7510ae7eb771dff86f82ce19dfc96722e8 [5ms]
2025-04-30 15:02:12.079 [info] > git blame --root --incremental 5e2bba31459925579fa1db588003ac17400fc4fc -- main.go [6ms]
2025-04-30 15:02:29.525 [info] > git show --textconv :networking/node.go [9ms]
2025-04-30 15:02:29.526 [info] > git ls-files --stage -- networking/node.go [2ms]
2025-04-30 15:02:29.536 [info] > git cat-file -s ec490e31593485d0c0224cc0ed2fd7da12b9de0c [2ms]
2025-04-30 15:07:52.208 [info] > git show --textconv :networking/heartbeat.go [10ms]
2025-04-30 15:07:52.210 [info] > git ls-files --stage -- networking/heartbeat.go [2ms]
2025-04-30 15:07:52.222 [info] > git cat-file -s 196f3e587cd162a71892de5bd621de8f8e7325e7 [2ms]
2025-04-30 15:07:52.253 [info] > git blame --root --incremental 5e2bba31459925579fa1db588003ac17400fc4fc -- networking/heartbeat.go [3ms]
2025-04-30 15:10:15.069 [info] > git show --textconv :networking/node.go [10ms]
2025-04-30 15:10:15.070 [info] > git ls-files --stage -- networking/node.go [2ms]
2025-04-30 15:10:15.081 [info] > git cat-file -s ec490e31593485d0c0224cc0ed2fd7da12b9de0c [2ms]
2025-04-30 15:10:22.830 [info] > git show --textconv :networking/peers.go [11ms]
2025-04-30 15:10:22.831 [info] > git ls-files --stage -- networking/peers.go [2ms]
2025-04-30 15:10:22.843 [info] > git cat-file -s cf41719a50e812c8a28fd08241080cad0040059d [2ms]
2025-04-30 15:10:22.865 [info] > git blame --root --incremental 5e2bba31459925579fa1db588003ac17400fc4fc -- networking/peers.go [5ms]
2025-04-30 15:23:42.324 [info] > git check-ignore -v -z --stdin [2ms]
2025-04-30 15:26:38.516 [info] > git show --textconv :networking/heartbeat.go [11ms]
2025-04-30 15:26:38.518 [info] > git ls-files --stage -- networking/heartbeat.go [3ms]
2025-04-30 15:26:38.534 [info] > git cat-file -s 196f3e587cd162a71892de5bd621de8f8e7325e7 [3ms]
2025-04-30 15:26:43.460 [info] > git show --textconv :networking/peers.go [10ms]
2025-04-30 15:26:43.461 [info] > git ls-files --stage -- networking/peers.go [2ms]
2025-04-30 15:26:43.481 [info] > git cat-file -s cf41719a50e812c8a28fd08241080cad0040059d [2ms]
2025-04-30 15:35:47.680 [info] > git show --textconv :networking/node.go [10ms]
2025-04-30 15:35:47.681 [info] > git ls-files --stage -- networking/node.go [2ms]
2025-04-30 15:35:47.692 [info] > git cat-file -s ec490e31593485d0c0224cc0ed2fd7da12b9de0c [2ms]
2025-04-30 15:35:48.340 [info] > git show --textconv :networking/peers.go [8ms]
2025-04-30 15:35:48.341 [info] > git ls-files --stage -- networking/peers.go [2ms]
2025-04-30 15:35:48.351 [info] > git cat-file -s cf41719a50e812c8a28fd08241080cad0040059d [2ms]
2025-04-30 15:35:50.664 [info] > git show --textconv :networking/node.go [10ms]
2025-04-30 15:35:50.665 [info] > git ls-files --stage -- networking/node.go [2ms]
2025-04-30 15:35:50.675 [info] > git cat-file -s ec490e31593485d0c0224cc0ed2fd7da12b9de0c [2ms]
2025-04-30 15:37:01.017 [info] > git show --textconv :networking/pendingRequests.go [9ms]
2025-04-30 15:37:01.018 [info] > git ls-files --stage -- networking/pendingRequests.go [2ms]
2025-04-30 15:37:01.030 [info] > git cat-file -s 0807ecc1f644326b8ff0e843ee0f3a5189ac2fad [2ms]
2025-04-30 15:37:01.050 [info] > git blame --root --incremental 5e2bba31459925579fa1db588003ac17400fc4fc -- networking/pendingRequests.go [5ms]
2025-04-30 15:37:53.306 [info] > git show --textconv :networking/peers.go [9ms]
2025-04-30 15:37:53.307 [info] > git ls-files --stage -- networking/peers.go [2ms]
2025-04-30 15:37:53.318 [info] > git cat-file -s cf41719a50e812c8a28fd08241080cad0040059d [2ms]
2025-04-30 15:38:09.869 [info] > git show --textconv :networking/node.go [10ms]
2025-04-30 15:38:09.870 [info] > git ls-files --stage -- networking/node.go [2ms]
2025-04-30 15:38:09.881 [info] > git cat-file -s ec490e31593485d0c0224cc0ed2fd7da12b9de0c [2ms]
2025-04-30 15:39:08.950 [info] > git show --textconv :networking/heartbeat.go [11ms]
2025-04-30 15:39:08.951 [info] > git ls-files --stage -- networking/heartbeat.go [2ms]
2025-04-30 15:39:08.963 [info] > git cat-file -s 196f3e587cd162a71892de5bd621de8f8e7325e7 [2ms]
2025-04-30 15:39:15.496 [info] > git show --textconv :networking/node.go [9ms]
2025-04-30 15:39:15.498 [info] > git ls-files --stage -- networking/node.go [2ms]
2025-04-30 15:39:15.508 [info] > git cat-file -s ec490e31593485d0c0224cc0ed2fd7da12b9de0c [2ms]
2025-04-30 15:39:16.589 [info] > git show --textconv :networking/peers.go [10ms]
2025-04-30 15:39:16.590 [info] > git ls-files --stage -- networking/peers.go [2ms]
2025-04-30 15:39:16.600 [info] > git cat-file -s cf41719a50e812c8a28fd08241080cad0040059d [2ms]
2025-04-30 15:41:52.686 [info] > git show --textconv :main.go [12ms]
2025-04-30 15:41:52.687 [info] > git ls-files --stage -- main.go [2ms]
2025-04-30 15:41:52.698 [info] > git cat-file -s 2d339c7510ae7eb771dff86f82ce19dfc96722e8 [2ms]
2025-04-30 15:45:08.565 [info] > git show --textconv :networking/node.go [9ms]
2025-04-30 15:45:08.566 [info] > git ls-files --stage -- networking/node.go [2ms]
2025-04-30 15:45:08.578 [info] > git cat-file -s ec490e31593485d0c0224cc0ed2fd7da12b9de0c [2ms]
