2025-05-08 20:59:16.089 [info] /home/angrycompany16/gamedev/go/mask_of_the_tomb/TODO.txt.git closed
2025-05-08 20:59:49.579 [info] /home/angrycompany16/gamedev/go/mask_of_the_tomb/examples/slamboxes/main.go.git closed
2025-05-08 21:00:00.878 [info] /home/angrycompany16/gamedev/go/mask_of_the_tomb/internal/game/game.go.git closed
2025-05-08 21:00:08.549 [info] /home/angrycompany16/gamedev/go/mask_of_the_tomb/internal/game/UI/UI.go.git closed
2025-05-08 21:00:19.054 [info] /home/angrycompany16/gamedev/go/mask_of_the_tomb/examples/slamboxes/main.go.git closed
2025-05-08 21:00:45.814 [info] /home/angrycompany16/gamedev/go/mask_of_the_tomb/main.go.git closed
2025-05-08 21:00:52.501 [info] /home/angrycompany16/gamedev/go/mask_of_the_tomb/examples/slamboxes/main.go.git closed
2025-05-08 21:00:58.305 [info] /home/angrycompany16/gamedev/go/mask_of_the_tomb/main.go.git closed
2025-05-08 21:01:36.784 [info] /home/angrycompany16/gamedev/go/mask_of_the_tomb/examples/slamboxes/main.go.git closed
2025-05-08 21:01:41.879 [info] /home/angrycompany16/gamedev/go/mask_of_the_tomb/main.go.git closed
2025-05-08 21:01:45.424 [info] /home/angrycompany16/gamedev/go/mask_of_the_tomb/examples/slamboxes/main.go.git closed
2025-05-08 21:01:49.492 [info] /home/angrycompany16/gamedev/go/mask_of_the_tomb/main.go.git closed
2025-05-08 21:01:53.077 [info] /home/angrycompany16/gamedev/go/mask_of_the_tomb/examples/slamboxes/main.go.git closed
2025-05-08 21:01:58.249 [info] /home/angrycompany16/gamedev/go/mask_of_the_tomb/internal/game/game.go.git closed
2025-05-08 21:02:12.245 [info] /home/angrycompany16/gamedev/go/mask_of_the_tomb/examples/slamboxes/main.go.git closed
2025-05-08 21:02:40.038 [info] /home/angrycompany16/gamedev/go/mask_of_the_tomb/internal/game/game.go.git closed
2025-05-08 21:02:46.037 [info] /home/angrycompany16/gamedev/go/mask_of_the_tomb/examples/slamboxes/main.go.git closed
2025-05-08 21:02:48.951 [info] /home/angrycompany16/gamedev/go/mask_of_the_tomb/main.go.git closed
2025-05-08 21:03:21.319 [info] /home/angrycompany16/gamedev/go/mask_of_the_tomb/examples/slamboxes/main.go.git closed
2025-05-08 21:04:23.003 [info] /home/angrycompany16/gamedev/go/mask_of_the_tomb/internal/game/game.go.git closed
2025-05-08 21:04:23.831 [info] /home/angrycompany16/gamedev/go/mask_of_the_tomb/internal/game/UI/UI.go.git closed
2025-05-08 21:04:59.571 [info] /home/angrycompany16/gamedev/go/mask_of_the_tomb/internal/game/gamestate/gamestate.go closed
2025-05-08 21:05:00.198 [info] /usr/lib/go/src/fmt/print.go closed
2025-05-08 21:05:00.665 [info] /home/angrycompany16/gamedev/go/mask_of_the_tomb/internal/game/game.go.git closed
2025-05-08 21:05:08.562 [info] /home/angrycompany16/gamedev/go/mask_of_the_tomb/internal/game/game.go.git closed
2025-05-08 21:08:25.399 [info] /home/angrycompany16/gamedev/go/mask_of_the_tomb/internal/game/game.go.git closed
2025-05-08 21:09:07.517 [info] /home/angrycompany16/gamedev/go/mask_of_the_tomb/internal/game/world/level.go.git closed
2025-05-08 21:09:14.585 [info] /home/angrycompany16/gamedev/go/mask_of_the_tomb/main.go.git closed
2025-05-08 21:09:38.331 [info] /home/angrycompany16/gamedev/go/mask_of_the_tomb/examples/slamboxes/main.go.git closed
2025-05-08 21:09:41.382 [info] /home/angrycompany16/gamedev/go/mask_of_the_tomb/internal/game/world/world.go closed
2025-05-08 21:09:41.964 [info] /home/angrycompany16/gamedev/go/mask_of_the_tomb/internal/game/game.go.git closed
2025-05-08 21:09:50.109 [info] /home/angrycompany16/gamedev/go/mask_of_the_tomb/internal/game/world/world.go.git closed
2025-05-08 21:10:47.535 [info] /home/angrycompany16/gamedev/go/mask_of_the_tomb/internal/game/game.go.git closed
2025-05-08 21:12:40.386 [info] /home/angrycompany16/gamedev/go/mask_of_the_tomb/main.go.git closed
2025-05-08 21:32:32.260 [info] /home/angrycompany16/gamedev/go/mask_of_the_tomb/internal/game/game.go.git closed
2025-05-08 21:32:42.305 [info] /home/angrycompany16/gamedev/go/mask_of_the_tomb/internal/game/core/events/event.go.git closed
2025-05-08 21:32:48.783 [info] /home/angrycompany16/gamedev/go/mask_of_the_tomb/internal/game/core/resources/resource.go closed
2025-05-08 21:32:51.234 [info] /home/angrycompany16/gamedev/go/mask_of_the_tomb/internal/game/core/resources/resourcemanagewr.go closed
2025-05-08 21:35:50.729 [info] /home/angrycompany16/gamedev/go/mask_of_the_tomb/internal/game/game.go.git closed
2025-05-08 21:36:30.415 [info] /home/angrycompany16/gamedev/go/mask_of_the_tomb/internal/game/core/events/event.go closed
2025-05-08 21:36:30.515 [info] /home/angrycompany16/gamedev/go/mask_of_the_tomb/internal/game/world/world.go.git closed
2025-05-08 21:36:31.512 [info] /home/angrycompany16/gamedev/go/mask_of_the_tomb/internal/maths/randomfloat.go.git closed
2025-05-08 21:36:54.083 [info] /home/angrycompany16/gamedev/go/mask_of_the_tomb/internal/game/player/player.go.git closed
2025-05-08 21:37:39.133 [info] /home/angrycompany16/gamedev/go/mask_of_the_tomb/internal/game/game.go.git closed
2025-05-08 21:37:45.014 [info] /home/angrycompany16/gamedev/go/mask_of_the_tomb/internal/game/player/player.go.git closed
2025-05-08 21:38:14.029 [info] /home/angrycompany16/gamedev/go/mask_of_the_tomb/internal/game/game.go.git closed
2025-05-08 21:40:34.690 [info] /home/angrycompany16/gamedev/go/mask_of_the_tomb/main.go.git closed
