2025-04-28 20:01:33.460 [info] [main] Log level: Info
2025-04-28 20:01:33.460 [info] [main] Validating found git in: "git"
2025-04-28 20:01:33.460 [info] [main] Using git "2.49.0" from "git"
2025-04-28 20:01:33.460 [info] [Model][doInitialScan] Initial repository scan started
2025-04-28 20:01:33.460 [info] > git rev-parse --show-toplevel [20ms]
2025-04-28 20:01:33.461 [info] > git rev-parse --git-dir --git-common-dir [2ms]
2025-04-28 20:01:33.483 [info] [Model][openRepository] Opened repository: /home/angrycompany16/ntnu/EDK/EDK-project
2025-04-28 20:01:33.506 [info] > git config --get commit.template [9ms]
2025-04-28 20:01:33.507 [info] > git rev-parse --show-toplevel [3ms]
2025-04-28 20:01:33.525 [info] > git for-each-ref --format=%(refname)%00%(upstream:short)%00%(objectname)%00%(upstream:track)%00%(upstream:remotename)%00%(upstream:remoteref) refs/heads/main refs/remotes/main [11ms]
2025-04-28 20:01:33.535 [warning] [Git][revParse] Unable to read file: ENOENT: no such file or directory, open '/home/angrycompany16/ntnu/EDK/EDK-project/.git/refs/remotes/origin/main'
2025-04-28 20:01:33.536 [info] > git rev-parse --show-toplevel [13ms]
2025-04-28 20:01:33.544 [info] > git rev-parse refs/remotes/origin/main [9ms]
2025-04-28 20:01:33.566 [info] > git status -z -uall [14ms]
2025-04-28 20:01:33.584 [info] > git rev-parse --show-toplevel [40ms]
2025-04-28 20:01:33.818 [info] > git for-each-ref --sort -committerdate --format %(refname)%00%(objectname)%00%(*objectname) [257ms]
2025-04-28 20:01:33.953 [info] > git for-each-ref --format=%(refname)%00%(upstream:short)%00%(objectname)%00%(upstream:track)%00%(upstream:remotename)%00%(upstream:remoteref) refs/heads/main refs/remotes/main [81ms]
2025-04-28 20:01:33.963 [info] > git rev-parse --show-toplevel [147ms]
2025-04-28 20:01:33.964 [info] [Model][doInitialScan] Initial repository scan completed - repositories (1), closed repositories (0), parent repositories (0), unsafe repositories (0)
2025-04-28 20:01:33.989 [info] > git config --get --local branch.main.vscode-merge-base [27ms]
2025-04-28 20:01:33.999 [info] > git config --get commit.template [48ms]
2025-04-28 20:01:34.009 [info] > git for-each-ref --format=%(refname)%00%(upstream:short)%00%(objectname)%00%(upstream:track)%00%(upstream:remotename)%00%(upstream:remoteref) refs/heads/origin/main refs/remotes/origin/main [11ms]
2025-04-28 20:01:34.078 [info] > git for-each-ref --format=%(refname)%00%(upstream:short)%00%(objectname)%00%(upstream:track)%00%(upstream:remotename)%00%(upstream:remoteref) refs/heads/main refs/remotes/main [53ms]
2025-04-28 20:01:34.078 [info] > git merge-base refs/heads/main refs/remotes/origin/main [61ms]
2025-04-28 20:01:34.096 [warning] [Git][revParse] Unable to read file: ENOENT: no such file or directory, open '/home/angrycompany16/ntnu/EDK/EDK-project/.git/refs/remotes/origin/main'
2025-04-28 20:01:34.097 [info] > git diff --name-status -z --diff-filter=ADMR 0ea310dbb547274a80cefa3b510607386d1c8deb...refs/remotes/origin/main [11ms]
2025-04-28 20:01:34.102 [info] > git rev-parse refs/remotes/origin/main [6ms]
2025-04-28 20:01:34.120 [info] > git status -z -uall [10ms]
2025-04-28 20:01:34.142 [info] > git for-each-ref --sort -committerdate --format %(refname)%00%(objectname)%00%(*objectname) [24ms]
2025-04-28 20:01:34.388 [info] > git check-ignore -v -z --stdin [2ms]
2025-04-28 20:01:36.914 [info] > git check-ignore -v -z --stdin [1ms]
2025-04-28 20:01:43.581 [info] > git check-ignore -v -z --stdin [2ms]
2025-04-28 20:01:46.942 [info] > git show --textconv :task2.py [10ms]
2025-04-28 20:01:46.951 [info] > git ls-files --stage -- task2.py [9ms]
2025-04-28 20:01:46.962 [info] > git hash-object -t tree /dev/null [12ms]
2025-04-28 20:01:46.962 [warning] [GitFileSystemProvider][readFile] File not found - git:/home/angrycompany16/ntnu/EDK/EDK-project/task2.py.git?%7B%22path%22%3A%22%2Fhome%2Fangrycompany16%2Fntnu%2FEDK%2FEDK-project%2Ftask2.py%22%2C%22ref%22%3A%22%22%7D
2025-04-28 20:01:46.965 [info] > git hash-object -t tree /dev/null [6ms]
2025-04-28 20:01:46.965 [warning] [GitFileSystemProvider][stat] File not found - git:/home/angrycompany16/ntnu/EDK/EDK-project/task2.py.git?%7B%22path%22%3A%22%2Fhome%2Fangrycompany16%2Fntnu%2FEDK%2FEDK-project%2Ftask2.py%22%2C%22ref%22%3A%22%22%7D
2025-04-28 20:01:46.985 [info] > git blame --root --incremental 9436e096dd05fc6cc3578f75df0ecab6e4f2545a -- task2.py [3ms]
2025-04-28 20:01:46.985 [info] fatal: no such path task2.py in 9436e096dd05fc6cc3578f75df0ecab6e4f2545a
2025-04-28 20:01:47.206 [info] > git check-ignore -v -z --stdin [2ms]
2025-04-28 20:01:47.841 [info] > git config --get commit.template [10ms]
2025-04-28 20:01:47.842 [info] > git for-each-ref --format=%(refname)%00%(upstream:short)%00%(objectname)%00%(upstream:track)%00%(upstream:remotename)%00%(upstream:remoteref) refs/heads/main refs/remotes/main [2ms]
2025-04-28 20:01:47.850 [warning] [Git][revParse] Unable to read file: ENOENT: no such file or directory, open '/home/angrycompany16/ntnu/EDK/EDK-project/.git/refs/remotes/origin/main'
2025-04-28 20:01:47.852 [info] > git rev-parse refs/remotes/origin/main [2ms]
2025-04-28 20:01:47.868 [info] > git status -z -uall [9ms]
2025-04-28 20:01:47.870 [info] > git for-each-ref --sort -committerdate --format %(refname)%00%(objectname)%00%(*objectname) [2ms]
2025-04-28 20:01:52.896 [info] > git config --get commit.template [10ms]
2025-04-28 20:01:52.896 [info] > git for-each-ref --format=%(refname)%00%(upstream:short)%00%(objectname)%00%(upstream:track)%00%(upstream:remotename)%00%(upstream:remoteref) refs/heads/main refs/remotes/main [2ms]
2025-04-28 20:01:52.904 [warning] [Git][revParse] Unable to read file: ENOENT: no such file or directory, open '/home/angrycompany16/ntnu/EDK/EDK-project/.git/refs/remotes/origin/main'
2025-04-28 20:01:52.905 [info] > git rev-parse refs/remotes/origin/main [1ms]
2025-04-28 20:01:52.921 [info] > git status -z -uall [9ms]
2025-04-28 20:01:52.922 [info] > git for-each-ref --sort -committerdate --format %(refname)%00%(objectname)%00%(*objectname) [2ms]
2025-04-28 20:01:55.346 [info] > git show --textconv :project/task2.py [11ms]
2025-04-28 20:01:55.348 [warning] [GitFileSystemProvider][readFile] File not found - git:/home/angrycompany16/ntnu/EDK/EDK-project/project/task2.py.git?%7B%22path%22%3A%22%2Fhome%2Fangrycompany16%2Fntnu%2FEDK%2FEDK-project%2Fproject%2Ftask2.py%22%2C%22ref%22%3A%22%22%7D
2025-04-28 20:01:55.349 [info] > git ls-files --stage -- project/task2.py [4ms]
2025-04-28 20:01:55.349 [warning] [GitFileSystemProvider][stat] File not found - git:/home/angrycompany16/ntnu/EDK/EDK-project/project/task2.py.git?%7B%22path%22%3A%22%2Fhome%2Fangrycompany16%2Fntnu%2FEDK%2FEDK-project%2Fproject%2Ftask2.py%22%2C%22ref%22%3A%22%22%7D
2025-04-28 20:01:55.366 [info] > git blame --root --incremental 9436e096dd05fc6cc3578f75df0ecab6e4f2545a -- project/task2.py [3ms]
2025-04-28 20:01:55.366 [info] fatal: no such path project/task2.py in 9436e096dd05fc6cc3578f75df0ecab6e4f2545a
2025-04-28 20:01:57.945 [info] > git config --get commit.template [9ms]
2025-04-28 20:01:57.947 [info] > git for-each-ref --format=%(refname)%00%(upstream:short)%00%(objectname)%00%(upstream:track)%00%(upstream:remotename)%00%(upstream:remoteref) refs/heads/main refs/remotes/main [3ms]
2025-04-28 20:01:57.955 [warning] [Git][revParse] Unable to read file: ENOENT: no such file or directory, open '/home/angrycompany16/ntnu/EDK/EDK-project/.git/refs/remotes/origin/main'
2025-04-28 20:01:57.957 [info] > git rev-parse refs/remotes/origin/main [2ms]
2025-04-28 20:01:57.975 [info] > git status -z -uall [9ms]
2025-04-28 20:01:57.977 [info] > git for-each-ref --sort -committerdate --format %(refname)%00%(objectname)%00%(*objectname) [2ms]
2025-04-28 20:02:02.328 [info] > git show --textconv :README.md [11ms]
2025-04-28 20:02:02.330 [info] > git ls-files --stage -- README.md [3ms]
2025-04-28 20:02:02.341 [info] > git cat-file -s bd199934f4aa89296dac403e29938a25cd2e945c [3ms]
2025-04-28 20:02:02.528 [info] > git blame --root --incremental 9436e096dd05fc6cc3578f75df0ecab6e4f2545a -- README.md [13ms]
2025-04-28 20:03:06.807 [info] > git config --get commit.template [2ms]
2025-04-28 20:03:06.818 [info] > git for-each-ref --format=%(refname)%00%(upstream:short)%00%(objectname)%00%(upstream:track)%00%(upstream:remotename)%00%(upstream:remoteref) refs/heads/main refs/remotes/main [3ms]
2025-04-28 20:03:06.825 [warning] [Git][revParse] Unable to read file: ENOENT: no such file or directory, open '/home/angrycompany16/ntnu/EDK/EDK-project/.git/refs/remotes/origin/main'
2025-04-28 20:03:06.827 [info] > git rev-parse refs/remotes/origin/main [1ms]
2025-04-28 20:03:06.841 [info] > git status -z -uall [8ms]
2025-04-28 20:03:06.843 [info] > git for-each-ref --sort -committerdate --format %(refname)%00%(objectname)%00%(*objectname) [3ms]
2025-04-28 20:03:11.867 [info] > git config --get commit.template [8ms]
2025-04-28 20:03:11.868 [info] > git for-each-ref --format=%(refname)%00%(upstream:short)%00%(objectname)%00%(upstream:track)%00%(upstream:remotename)%00%(upstream:remoteref) refs/heads/main refs/remotes/main [3ms]
2025-04-28 20:03:11.875 [warning] [Git][revParse] Unable to read file: ENOENT: no such file or directory, open '/home/angrycompany16/ntnu/EDK/EDK-project/.git/refs/remotes/origin/main'
2025-04-28 20:03:11.877 [info] > git rev-parse refs/remotes/origin/main [2ms]
2025-04-28 20:03:11.895 [info] > git status -z -uall [10ms]
2025-04-28 20:03:11.896 [info] > git for-each-ref --sort -committerdate --format %(refname)%00%(objectname)%00%(*objectname) [4ms]
2025-04-28 20:05:06.033 [info] > git show --textconv :project/task1.py [10ms]
2025-04-28 20:05:06.034 [info] > git ls-files --stage -- project/task1.py [2ms]
2025-04-28 20:05:06.044 [info] > git cat-file -s f8bb55a357936cff0b5bab3b17fc4f1b8f1815fe [1ms]
2025-04-28 20:05:06.112 [info] > git blame --root --incremental 9436e096dd05fc6cc3578f75df0ecab6e4f2545a -- project/task1.py [3ms]
2025-04-28 20:05:11.707 [info] > git show --textconv :README.md [12ms]
2025-04-28 20:05:11.709 [info] > git ls-files --stage -- README.md [2ms]
2025-04-28 20:05:11.722 [info] > git cat-file -s bd199934f4aa89296dac403e29938a25cd2e945c [2ms]
2025-04-28 20:05:59.208 [info] > git config --get commit.template [9ms]
2025-04-28 20:05:59.209 [info] > git for-each-ref --format=%(refname)%00%(upstream:short)%00%(objectname)%00%(upstream:track)%00%(upstream:remotename)%00%(upstream:remoteref) refs/heads/main refs/remotes/main [3ms]
2025-04-28 20:05:59.217 [warning] [Git][revParse] Unable to read file: ENOENT: no such file or directory, open '/home/angrycompany16/ntnu/EDK/EDK-project/.git/refs/remotes/origin/main'
2025-04-28 20:05:59.218 [info] > git rev-parse refs/remotes/origin/main [2ms]
2025-04-28 20:05:59.233 [info] > git status -z -uall [8ms]
2025-04-28 20:05:59.234 [info] > git for-each-ref --sort -committerdate --format %(refname)%00%(objectname)%00%(*objectname) [2ms]
2025-04-28 20:06:04.937 [info] > git config --get commit.template [3ms]
2025-04-28 20:06:04.948 [info] > git for-each-ref --format=%(refname)%00%(upstream:short)%00%(objectname)%00%(upstream:track)%00%(upstream:remotename)%00%(upstream:remoteref) refs/heads/main refs/remotes/main [2ms]
2025-04-28 20:06:04.957 [warning] [Git][revParse] Unable to read file: ENOENT: no such file or directory, open '/home/angrycompany16/ntnu/EDK/EDK-project/.git/refs/remotes/origin/main'
2025-04-28 20:06:04.958 [info] > git rev-parse refs/remotes/origin/main [1ms]
2025-04-28 20:06:04.976 [info] > git status -z -uall [9ms]
2025-04-28 20:06:04.977 [info] > git for-each-ref --sort -committerdate --format %(refname)%00%(objectname)%00%(*objectname) [2ms]
2025-04-28 20:06:25.409 [info] > git show --textconv :README.md [12ms]
2025-04-28 20:06:25.411 [info] > git ls-files --stage -- README.md [3ms]
2025-04-28 20:06:25.422 [info] > git cat-file -s bd199934f4aa89296dac403e29938a25cd2e945c [3ms]
2025-04-28 20:06:39.594 [info] > git config --get commit.template [1ms]
2025-04-28 20:06:39.604 [info] > git for-each-ref --format=%(refname)%00%(upstream:short)%00%(objectname)%00%(upstream:track)%00%(upstream:remotename)%00%(upstream:remoteref) refs/heads/main refs/remotes/main [2ms]
2025-04-28 20:06:39.611 [warning] [Git][revParse] Unable to read file: ENOENT: no such file or directory, open '/home/angrycompany16/ntnu/EDK/EDK-project/.git/refs/remotes/origin/main'
2025-04-28 20:06:39.613 [info] > git rev-parse refs/remotes/origin/main [2ms]
2025-04-28 20:06:39.628 [info] > git status -z -uall [9ms]
2025-04-28 20:06:39.629 [info] > git for-each-ref --sort -committerdate --format %(refname)%00%(objectname)%00%(*objectname) [2ms]
2025-04-28 20:06:48.795 [info] > git config --get commit.template [12ms]
2025-04-28 20:06:48.797 [info] > git for-each-ref --format=%(refname)%00%(upstream:short)%00%(objectname)%00%(upstream:track)%00%(upstream:remotename)%00%(upstream:remoteref) refs/heads/main refs/remotes/main [4ms]
2025-04-28 20:06:48.820 [warning] [Git][revParse] Unable to read file: ENOENT: no such file or directory, open '/home/angrycompany16/ntnu/EDK/EDK-project/.git/refs/remotes/origin/main'
2025-04-28 20:06:48.821 [info] > git ls-files --stage -- README.md [11ms]
2025-04-28 20:06:48.831 [info] > git rev-parse refs/remotes/origin/main [11ms]
2025-04-28 20:06:48.848 [info] > git status -z -uall [8ms]
2025-04-28 20:06:48.848 [info] > git cat-file -s f251d9e0f7a9ef65e45149ec327709a6c0e0a89f [18ms]
2025-04-28 20:06:48.849 [info] > git for-each-ref --sort -committerdate --format %(refname)%00%(objectname)%00%(*objectname) [2ms]
2025-04-28 20:06:48.868 [info] > git show --textconv :README.md [4ms]
2025-04-28 20:06:50.021 [info] > git show --textconv HEAD:README.md [9ms]
2025-04-28 20:06:50.022 [info] > git ls-tree -l HEAD -- README.md [2ms]
2025-04-28 20:08:23.647 [info] > git config --get commit.template [12ms]
2025-04-28 20:08:23.649 [info] > git for-each-ref --format=%(refname)%00%(upstream:short)%00%(objectname)%00%(upstream:track)%00%(upstream:remotename)%00%(upstream:remoteref) refs/heads/main refs/remotes/main [3ms]
2025-04-28 20:08:23.663 [warning] [Git][revParse] Unable to read file: ENOENT: no such file or directory, open '/home/angrycompany16/ntnu/EDK/EDK-project/.git/refs/remotes/origin/main'
2025-04-28 20:08:23.665 [info] > git rev-parse refs/remotes/origin/main [2ms]
2025-04-28 20:08:23.681 [info] > git status -z -uall [8ms]
2025-04-28 20:08:23.682 [info] > git for-each-ref --sort -committerdate --format %(refname)%00%(objectname)%00%(*objectname) [2ms]
2025-04-28 20:08:54.380 [info] > git config --get commit.template [14ms]
2025-04-28 20:08:54.381 [info] > git for-each-ref --format=%(refname)%00%(upstream:short)%00%(objectname)%00%(upstream:track)%00%(upstream:remotename)%00%(upstream:remoteref) refs/heads/main refs/remotes/main [3ms]
2025-04-28 20:08:54.391 [warning] [Git][revParse] Unable to read file: ENOENT: no such file or directory, open '/home/angrycompany16/ntnu/EDK/EDK-project/.git/refs/remotes/origin/main'
2025-04-28 20:08:54.393 [info] > git rev-parse refs/remotes/origin/main [2ms]
2025-04-28 20:08:54.415 [info] > git status -z -uall [12ms]
2025-04-28 20:08:54.417 [info] > git for-each-ref --sort -committerdate --format %(refname)%00%(objectname)%00%(*objectname) [3ms]
2025-04-28 20:09:20.784 [info] > git ls-files --stage -- README.md [20ms]
2025-04-28 20:09:20.799 [info] > git config --get commit.template [51ms]
2025-04-28 20:09:20.803 [info] > git ls-tree -l HEAD -- README.md [21ms]
2025-04-28 20:09:20.817 [info] > git cat-file -s f251d9e0f7a9ef65e45149ec327709a6c0e0a89f [18ms]
2025-04-28 20:09:20.827 [info] > git for-each-ref --format=%(refname)%00%(upstream:short)%00%(objectname)%00%(upstream:track)%00%(upstream:remotename)%00%(upstream:remoteref) refs/heads/main refs/remotes/main [12ms]
2025-04-28 20:09:20.828 [info] > git show --textconv HEAD:README.md [2ms]
2025-04-28 20:09:20.860 [info] > git status -z -uall [19ms]
2025-04-28 20:09:20.860 [info] > git for-each-ref --sort -committerdate --format %(refname)%00%(objectname)%00%(*objectname) [10ms]
2025-04-28 20:09:20.884 [info] > git show --textconv :README.md [25ms]
2025-04-28 20:09:20.884 [info] > git merge-base refs/heads/main refs/remotes/origin/main [3ms]
2025-04-28 20:09:20.893 [info] > git blame --root --incremental 5264d1e574b3abc73c08fbf19a9daa04563d6b9c -- README.md [22ms]
2025-04-28 20:09:20.896 [info] > git diff --name-status -z --diff-filter=ADMR 5264d1e574b3abc73c08fbf19a9daa04563d6b9c...refs/remotes/origin/main [4ms]
