4/25/2025, 12:13:10 AM GMT+2 0: 

----------------------------------------------
4/25/2025, 12:13:10 AM GMT+2 1: Discord starting: {"releaseChannel":"stable","version":"0.0.92"}, modulepath: /home/angrycompany16/.config/discord/0.0.92/modules
4/25/2025, 12:13:10 AM GMT+2 2: ✅ webContents.created web1 ""
4/25/2025, 12:13:10 AM GMT+2 3: ✅ window.created win1 "discord"
4/25/2025, 12:13:10 AM GMT+2 4: ✅ webContents.did-finish-load web1
4/25/2025, 12:13:21 AM GMT+2 5: ✅ webContents.created web2 ""
4/25/2025, 12:13:21 AM GMT+2 6: ✅ window.created win2 "Discord"
4/25/2025, 12:13:27 AM GMT+2 7: ✅ webContents.did-finish-load web2
4/25/2025, 12:13:27 AM GMT+2 8: window.close win1
4/25/2025, 12:13:27 AM GMT+2 9: webContents.destroyed web1
4/25/2025, 12:13:27 AM GMT+2 10: window.closed win1
4/25/2025, 12:15:02 AM GMT+2 11: window.close win2
4/25/2025, 12:15:02 AM GMT+2 12: before-quit
4/25/2025, 12:15:02 AM GMT+2 13: window.close win2
4/25/2025, 12:15:02 AM GMT+2 14: webContents.destroyed web2
5/6/2025, 3:27:40 PM GMT+2 0: 

----------------------------------------------
5/6/2025, 3:27:40 PM GMT+2 1: Discord starting: {"releaseChannel":"stable","version":"0.0.92"}, modulepath: /home/angrycompany16/.config/discord/0.0.92/modules
5/6/2025, 3:27:40 PM GMT+2 2: ✅ webContents.created web1 ""
5/6/2025, 3:27:40 PM GMT+2 3: ✅ window.created win1 "discord"
5/6/2025, 3:27:40 PM GMT+2 4: ✅ webContents.did-finish-load web1
5/6/2025, 3:27:58 PM GMT+2 5: before-quit
