2025-04-30 15:01:24.760 [info] Active editor: file:///home/angrycompany16/ntnu/sanntidsprogrammering/TTK4145-sanntidslab/networking/node.go
2025-04-30 15:02:11.755 [info] Active editor: file:///home/angrycompany16/ntnu/sanntidsprogrammering/TTK4145-sanntidslab/main.go
2025-04-30 15:02:11.781 [info] /home/angrycompany16/ntnu/sanntidsprogrammering/TTK4145-sanntidslab/networking/node.go.git closed
2025-04-30 15:02:29.306 [info] Active editor: file:///home/angrycompany16/ntnu/sanntidsprogrammering/TTK4145-sanntidslab/networking/node.go
2025-04-30 15:02:29.335 [info] /home/angrycompany16/ntnu/sanntidsprogrammering/TTK4145-sanntidslab/main.go.git closed
2025-04-30 15:07:51.968 [info] Active editor: file:///home/angrycompany16/ntnu/sanntidsprogrammering/TTK4145-sanntidslab/networking/heartbeat.go
2025-04-30 15:07:51.973 [warning] Ignoring slipped selection: [6, 23; 6, 23]
2025-04-30 15:07:51.987 [info] /home/angrycompany16/ntnu/sanntidsprogrammering/TTK4145-sanntidslab/networking/node.go.git closed
2025-04-30 15:07:54.190 [warning] Ignoring slipped selection: [9, 27; 9, 34]
2025-04-30 15:07:56.838 [warning] Ignoring slipped selection: [9, 27; 9, 34]
2025-04-30 15:10:14.851 [info] Active editor: file:///home/angrycompany16/ntnu/sanntidsprogrammering/TTK4145-sanntidslab/networking/node.go
2025-04-30 15:10:14.864 [info] /home/angrycompany16/ntnu/sanntidsprogrammering/TTK4145-sanntidslab/networking/heartbeat.go.git closed
2025-04-30 15:10:22.606 [info] Active editor: file:///home/angrycompany16/ntnu/sanntidsprogrammering/TTK4145-sanntidslab/networking/peers.go
2025-04-30 15:10:22.629 [info] /home/angrycompany16/ntnu/sanntidsprogrammering/TTK4145-sanntidslab/networking/node.go.git closed
2025-04-30 15:26:38.295 [info] Active editor: file:///home/angrycompany16/ntnu/sanntidsprogrammering/TTK4145-sanntidslab/networking/heartbeat.go
2025-04-30 15:26:38.296 [warning] Ignoring slipped selection: [9, 33; 9, 33]
2025-04-30 15:26:38.325 [info] /home/angrycompany16/ntnu/sanntidsprogrammering/TTK4145-sanntidslab/networking/peers.go.git closed
2025-04-30 15:26:40.216 [warning] Ignoring slipped selection: [12, 1; 12, 1]
2025-04-30 15:26:43.237 [info] Active editor: file:///home/angrycompany16/ntnu/sanntidsprogrammering/TTK4145-sanntidslab/networking/peers.go
2025-04-30 15:26:43.247 [info] /home/angrycompany16/ntnu/sanntidsprogrammering/TTK4145-sanntidslab/networking/heartbeat.go.git closed
2025-04-30 15:35:47.450 [info] Active editor: file:///home/angrycompany16/ntnu/sanntidsprogrammering/TTK4145-sanntidslab/networking/node.go
2025-04-30 15:35:47.490 [info] /home/angrycompany16/ntnu/sanntidsprogrammering/TTK4145-sanntidslab/networking/peers.go.git closed
2025-04-30 15:35:48.122 [info] Active editor: file:///home/angrycompany16/ntnu/sanntidsprogrammering/TTK4145-sanntidslab/networking/peers.go
2025-04-30 15:35:48.134 [info] /home/angrycompany16/ntnu/sanntidsprogrammering/TTK4145-sanntidslab/networking/node.go.git closed
2025-04-30 15:35:50.436 [info] Active editor: file:///home/angrycompany16/ntnu/sanntidsprogrammering/TTK4145-sanntidslab/networking/node.go
2025-04-30 15:35:50.448 [info] /home/angrycompany16/ntnu/sanntidsprogrammering/TTK4145-sanntidslab/networking/peers.go.git closed
2025-04-30 15:37:00.203 [info] /home/angrycompany16/ntnu/sanntidsprogrammering/TTK4145-sanntidslab/networking/pendingRequests.go closed
2025-04-30 15:37:00.796 [info] Active editor: file:///home/angrycompany16/ntnu/sanntidsprogrammering/TTK4145-sanntidslab/networking/pendingRequests.go
2025-04-30 15:37:00.822 [info] /home/angrycompany16/ntnu/sanntidsprogrammering/TTK4145-sanntidslab/networking/node.go.git closed
2025-04-30 15:37:53.088 [info] Active editor: file:///home/angrycompany16/ntnu/sanntidsprogrammering/TTK4145-sanntidslab/networking/peers.go
2025-04-30 15:37:53.099 [info] /home/angrycompany16/ntnu/sanntidsprogrammering/TTK4145-sanntidslab/networking/pendingRequests.go.git closed
2025-04-30 15:38:09.649 [info] Active editor: file:///home/angrycompany16/ntnu/sanntidsprogrammering/TTK4145-sanntidslab/networking/node.go
2025-04-30 15:38:09.661 [info] /home/angrycompany16/ntnu/sanntidsprogrammering/TTK4145-sanntidslab/networking/peers.go.git closed
2025-04-30 15:39:08.727 [info] Active editor: file:///home/angrycompany16/ntnu/sanntidsprogrammering/TTK4145-sanntidslab/networking/heartbeat.go
2025-04-30 15:39:08.730 [warning] Ignoring slipped selection: [12, 0; 12, 0]
2025-04-30 15:39:08.740 [info] /home/angrycompany16/ntnu/sanntidsprogrammering/TTK4145-sanntidslab/networking/node.go.git closed
2025-04-30 15:39:15.276 [info] Active editor: file:///home/angrycompany16/ntnu/sanntidsprogrammering/TTK4145-sanntidslab/networking/node.go
2025-04-30 15:39:15.286 [info] /home/angrycompany16/ntnu/sanntidsprogrammering/TTK4145-sanntidslab/networking/heartbeat.go.git closed
2025-04-30 15:39:16.371 [info] Active editor: file:///home/angrycompany16/ntnu/sanntidsprogrammering/TTK4145-sanntidslab/networking/peers.go
2025-04-30 15:39:16.382 [info] /home/angrycompany16/ntnu/sanntidsprogrammering/TTK4145-sanntidslab/networking/node.go.git closed
2025-04-30 15:41:52.464 [info] Active editor: file:///home/angrycompany16/ntnu/sanntidsprogrammering/TTK4145-sanntidslab/main.go
2025-04-30 15:41:52.474 [info] /home/angrycompany16/ntnu/sanntidsprogrammering/TTK4145-sanntidslab/networking/peers.go.git closed
2025-04-30 15:45:08.344 [info] Active editor: file:///home/angrycompany16/ntnu/sanntidsprogrammering/TTK4145-sanntidslab/networking/node.go
2025-04-30 15:45:08.355 [info] /home/angrycompany16/ntnu/sanntidsprogrammering/TTK4145-sanntidslab/main.go.git closed
