2025-04-28 20:11:52.812 [info] [main] Log level: Info
2025-04-28 20:11:52.812 [info] [main] Validating found git in: "git"
2025-04-28 20:11:52.812 [info] [main] Using git "2.49.0" from "git"
2025-04-28 20:11:52.812 [info] [Model][doInitialScan] Initial repository scan started
2025-04-28 20:11:52.812 [info] > git rev-parse --show-toplevel [4ms]
2025-04-28 20:11:52.812 [info] fatal: not a git repository (or any parent up to mount point /)
Stopping at filesystem boundary (GIT_DISCOVERY_ACROSS_FILESYSTEM not set).
2025-04-28 20:11:52.812 [info] > git rev-parse --show-toplevel [2ms]
2025-04-28 20:11:52.812 [info] fatal: not a git repository (or any parent up to mount point /)
Stopping at filesystem boundary (GIT_DISCOVERY_ACROSS_FILESYSTEM not set).
2025-04-28 20:11:52.813 [info] > git rev-parse --show-toplevel [46ms]
2025-04-28 20:11:52.813 [info] fatal: not a git repository (or any parent up to mount point /)
Stopping at filesystem boundary (GIT_DISCOVERY_ACROSS_FILESYSTEM not set).
2025-04-28 20:11:52.813 [info] [Model][doInitialScan] Initial repository scan completed - repositories (0), closed repositories (0), parent repositories (0), unsafe repositories (0)
2025-04-28 20:11:53.503 [info] > git rev-parse --show-toplevel [12ms]
2025-04-28 20:11:53.503 [info] fatal: not a git repository (or any parent up to mount point /)
Stopping at filesystem boundary (GIT_DISCOVERY_ACROSS_FILESYSTEM not set).
2025-04-28 20:11:56.808 [info] > git rev-parse --show-toplevel [3ms]
2025-04-28 20:11:56.808 [info] fatal: not a git repository (or any parent up to mount point /)
Stopping at filesystem boundary (GIT_DISCOVERY_ACROSS_FILESYSTEM not set).
