2025-05-03 22:09:23.118 [info] Started local extension host with pid 2008.
2025-05-03 22:09:23.703 [error] Extension 'ms-python.debugpy CANNOT USE these API proposals 'portsAttributes, debugVisualization, contribViewsWelcome'. You MUST start in extension development mode or use the --enable-proposed-api command line flag
2025-05-03 22:09:23.704 [error] Extension 'ms-python.python CANNOT USE these API proposals 'contribEditorContentMenu, quickPickSortByLabel, testObserver, quickPickItemTooltip, terminalDataWriteEvent, terminalExecuteCommandEvent, codeActionAI, notebookReplDocument, notebookVariableProvider'. You MUST start in extension development mode or use the --enable-proposed-api command line flag
2025-05-03 22:09:23.737 [error] [ms-python.python]: editor/content is a proposed menu identifier. It requires 'package.json#enabledApiProposals: ["contribEditorContentMenu"]' and is only available when running out of dev or with the following command line switch: --enable-proposed-api ms-python.python
2025-05-03 22:09:26.134 [info] [perf] Render performance baseline is 39ms
2025-05-03 22:28:46.345 [error] An unknown error occurred. Please consult the log for more details.
2025-05-03 22:29:06.475 [error] An unknown error occurred. Please consult the log for more details.
2025-05-03 22:29:09.728 [error] An unknown error occurred. Please consult the log for more details.
2025-05-03 22:29:10.780 [error] An unknown error occurred. Please consult the log for more details.
2025-05-03 22:29:12.089 [error] An unknown error occurred. Please consult the log for more details.
2025-05-03 22:40:51.105 [error] An unknown error occurred. Please consult the log for more details.
2025-05-03 22:40:54.864 [error] An unknown error occurred. Please consult the log for more details.
2025-05-03 22:40:57.705 [error] An unknown error occurred. Please consult the log for more details.
2025-05-03 22:40:59.930 [error] An unknown error occurred. Please consult the log for more details.
2025-05-03 22:41:01.111 [error] An unknown error occurred. Please consult the log for more details.
2025-05-03 22:41:03.302 [error] An unknown error occurred. Please consult the log for more details.
2025-05-03 22:41:05.238 [error] An unknown error occurred. Please consult the log for more details.
2025-05-03 22:41:08.873 [error] An unknown error occurred. Please consult the log for more details.
2025-05-03 22:41:11.639 [error] An unknown error occurred. Please consult the log for more details.
2025-05-03 22:41:27.786 [error] An unknown error occurred. Please consult the log for more details.
2025-05-03 22:56:47.709 [error] An unknown error occurred. Please consult the log for more details.
2025-05-03 22:56:50.232 [error] An unknown error occurred. Please consult the log for more details.
2025-05-03 22:58:07.180 [error] An unknown error occurred. Please consult the log for more details.
2025-05-03 22:59:12.516 [error] An unknown error occurred. Please consult the log for more details.
2025-05-03 22:59:14.570 [error] An unknown error occurred. Please consult the log for more details.
2025-05-03 22:59:16.199 [error] An unknown error occurred. Please consult the log for more details.
2025-05-03 22:59:54.037 [error] An unknown error occurred. Please consult the log for more details.
2025-05-03 23:06:21.411 [error] An unknown error occurred. Please consult the log for more details.
2025-05-03 23:06:23.778 [error] An unknown error occurred. Please consult the log for more details.
2025-05-03 23:06:25.020 [error] An unknown error occurred. Please consult the log for more details.
2025-05-03 23:06:26.401 [error] An unknown error occurred. Please consult the log for more details.
2025-05-03 23:06:29.520 [error] An unknown error occurred. Please consult the log for more details.
2025-05-03 23:06:30.886 [error] An unknown error occurred. Please consult the log for more details.
2025-05-03 23:06:42.932 [error] An unknown error occurred. Please consult the log for more details.
2025-05-03 23:06:48.759 [error] An unknown error occurred. Please consult the log for more details.
2025-05-03 23:06:58.918 [error] An unknown error occurred. Please consult the log for more details.
2025-05-03 23:07:11.413 [error] An unknown error occurred. Please consult the log for more details.
2025-05-03 23:07:13.082 [error] An unknown error occurred. Please consult the log for more details.
2025-05-03 23:07:15.304 [error] An unknown error occurred. Please consult the log for more details.
2025-05-03 23:07:17.180 [error] An unknown error occurred. Please consult the log for more details.
2025-05-03 23:07:22.330 [error] An unknown error occurred. Please consult the log for more details.
2025-05-03 23:07:28.495 [error] An unknown error occurred. Please consult the log for more details.
2025-05-03 23:07:30.977 [error] An unknown error occurred. Please consult the log for more details.
2025-05-03 23:07:42.276 [error] An unknown error occurred. Please consult the log for more details.
2025-05-03 23:07:46.388 [error] An unknown error occurred. Please consult the log for more details.
2025-05-03 23:07:47.425 [error] An unknown error occurred. Please consult the log for more details.
2025-05-03 23:07:48.971 [error] An unknown error occurred. Please consult the log for more details.
2025-05-03 23:07:53.356 [error] An unknown error occurred. Please consult the log for more details.
2025-05-03 23:07:57.830 [error] An unknown error occurred. Please consult the log for more details.
2025-05-03 23:08:02.799 [error] An unknown error occurred. Please consult the log for more details.
2025-05-03 23:08:07.949 [error] An unknown error occurred. Please consult the log for more details.
2025-05-03 23:08:12.106 [error] An unknown error occurred. Please consult the log for more details.
2025-05-03 23:08:13.163 [error] An unknown error occurred. Please consult the log for more details.
2025-05-03 23:08:15.098 [error] An unknown error occurred. Please consult the log for more details.
2025-05-03 23:08:17.805 [error] An unknown error occurred. Please consult the log for more details.
2025-05-03 23:08:29.525 [error] An unknown error occurred. Please consult the log for more details.
2025-05-03 23:08:31.456 [error] An unknown error occurred. Please consult the log for more details.
2025-05-03 23:08:33.110 [error] An unknown error occurred. Please consult the log for more details.
2025-05-03 23:08:38.661 [error] An unknown error occurred. Please consult the log for more details.
2025-05-03 23:09:03.400 [error] An unknown error occurred. Please consult the log for more details.
2025-05-03 23:10:07.131 [error] An unknown error occurred. Please consult the log for more details.
2025-05-03 23:10:09.400 [error] An unknown error occurred. Please consult the log for more details.
2025-05-03 23:10:14.365 [error] An unknown error occurred. Please consult the log for more details.
2025-05-03 23:10:17.049 [error] An unknown error occurred. Please consult the log for more details.
2025-05-03 23:10:18.237 [error] An unknown error occurred. Please consult the log for more details.
2025-05-03 23:10:29.177 [error] An unknown error occurred. Please consult the log for more details.
2025-05-03 23:10:37.497 [error] An unknown error occurred. Please consult the log for more details.
2025-05-03 23:10:42.505 [error] An unknown error occurred. Please consult the log for more details.
2025-05-03 23:10:46.154 [error] An unknown error occurred. Please consult the log for more details.
2025-05-03 23:10:50.806 [error] An unknown error occurred. Please consult the log for more details.
2025-05-03 23:10:52.986 [error] An unknown error occurred. Please consult the log for more details.
2025-05-03 23:10:54.413 [error] An unknown error occurred. Please consult the log for more details.
2025-05-03 23:11:00.161 [error] An unknown error occurred. Please consult the log for more details.
2025-05-03 23:11:01.287 [error] An unknown error occurred. Please consult the log for more details.
2025-05-03 23:11:16.369 [error] An unknown error occurred. Please consult the log for more details.
2025-05-03 23:11:19.625 [error] An unknown error occurred. Please consult the log for more details.
2025-05-03 23:11:24.383 [error] An unknown error occurred. Please consult the log for more details.
2025-05-03 23:11:26.267 [error] An unknown error occurred. Please consult the log for more details.
2025-05-03 23:11:32.794 [error] An unknown error occurred. Please consult the log for more details.
2025-05-03 23:11:36.109 [error] An unknown error occurred. Please consult the log for more details.
2025-05-03 23:11:39.713 [error] An unknown error occurred. Please consult the log for more details.
2025-05-03 23:11:41.291 [error] An unknown error occurred. Please consult the log for more details.
2025-05-03 23:11:57.296 [error] An unknown error occurred. Please consult the log for more details.
2025-05-03 23:12:00.566 [error] An unknown error occurred. Please consult the log for more details.
2025-05-03 23:12:11.148 [error] An unknown error occurred. Please consult the log for more details.
2025-05-03 23:12:14.221 [error] An unknown error occurred. Please consult the log for more details.
2025-05-03 23:12:24.877 [error] An unknown error occurred. Please consult the log for more details.
2025-05-03 23:17:24.392 [error] An unknown error occurred. Please consult the log for more details.
2025-05-03 23:17:32.187 [error] An unknown error occurred. Please consult the log for more details.
2025-05-03 23:17:34.615 [error] An unknown error occurred. Please consult the log for more details.
2025-05-03 23:17:37.282 [error] An unknown error occurred. Please consult the log for more details.
2025-05-03 23:17:43.684 [error] An unknown error occurred. Please consult the log for more details.
2025-05-03 23:17:51.624 [error] An unknown error occurred. Please consult the log for more details.
2025-05-03 23:17:56.835 [error] An unknown error occurred. Please consult the log for more details.
2025-05-03 23:17:58.686 [error] An unknown error occurred. Please consult the log for more details.
2025-05-03 23:18:28.828 [error] An unknown error occurred. Please consult the log for more details.
2025-05-03 23:18:30.463 [error] An unknown error occurred. Please consult the log for more details.
2025-05-03 23:18:40.640 [error] An unknown error occurred. Please consult the log for more details.
2025-05-03 23:18:43.944 [error] An unknown error occurred. Please consult the log for more details.
2025-05-03 23:18:49.815 [error] An unknown error occurred. Please consult the log for more details.
2025-05-03 23:18:57.063 [error] [text file model] handleSaveError(0) - exit - resulted in a save error: Error: Unable to write file '/home/angrycompany16/go/pkg/mod/github.com/hajimehoshi/ebiten/v2@v2.8.6/image.go' (EntryWriteLocked (FileSystemError): Error: EACCES: permission denied, open '/home/angrycompany16/go/pkg/mod/github.com/hajimehoshi/ebiten/v2@v2.8.6/image.go') file:///home/angrycompany16/go/pkg/mod/github.com/hajimehoshi/ebiten/v2%40v2.8.6/image.go
2025-05-03 23:18:57.571 [error] An unknown error occurred. Please consult the log for more details.
2025-05-03 23:22:09.377 [error] An unknown error occurred. Please consult the log for more details.
2025-05-03 23:22:13.039 [error] An unknown error occurred. Please consult the log for more details.
2025-05-03 23:22:14.326 [error] An unknown error occurred. Please consult the log for more details.
2025-05-03 23:22:16.939 [error] An unknown error occurred. Please consult the log for more details.
2025-05-03 23:22:20.295 [error] An unknown error occurred. Please consult the log for more details.
2025-05-03 23:22:23.610 [error] An unknown error occurred. Please consult the log for more details.
2025-05-03 23:22:29.854 [error] An unknown error occurred. Please consult the log for more details.
2025-05-03 23:22:31.600 [error] An unknown error occurred. Please consult the log for more details.
2025-05-03 23:22:33.859 [error] An unknown error occurred. Please consult the log for more details.
2025-05-03 23:22:42.092 [error] An unknown error occurred. Please consult the log for more details.
2025-05-03 23:22:43.169 [error] An unknown error occurred. Please consult the log for more details.
2025-05-03 23:22:45.559 [error] An unknown error occurred. Please consult the log for more details.
2025-05-03 23:22:46.832 [error] An unknown error occurred. Please consult the log for more details.
2025-05-03 23:22:57.904 [error] An unknown error occurred. Please consult the log for more details.
2025-05-03 23:22:58.991 [error] An unknown error occurred. Please consult the log for more details.
2025-05-03 23:23:03.671 [error] An unknown error occurred. Please consult the log for more details.
2025-05-03 23:23:05.952 [error] An unknown error occurred. Please consult the log for more details.
2025-05-03 23:23:07.081 [error] An unknown error occurred. Please consult the log for more details.
2025-05-03 23:24:22.066 [error] An unknown error occurred. Please consult the log for more details.
2025-05-03 23:24:28.300 [error] An unknown error occurred. Please consult the log for more details.
2025-05-03 23:24:33.446 [error] An unknown error occurred. Please consult the log for more details.
2025-05-03 23:24:42.853 [error] An unknown error occurred. Please consult the log for more details.
2025-05-03 23:24:50.802 [error] An unknown error occurred. Please consult the log for more details.
2025-05-03 23:24:58.893 [error] An unknown error occurred. Please consult the log for more details.
2025-05-03 23:25:04.015 [error] An unknown error occurred. Please consult the log for more details.
2025-05-03 23:25:09.217 [error] An unknown error occurred. Please consult the log for more details.
2025-05-03 23:25:12.208 [error] An unknown error occurred. Please consult the log for more details.
2025-05-03 23:25:16.411 [error] An unknown error occurred. Please consult the log for more details.
2025-05-03 23:25:21.119 [error] An unknown error occurred. Please consult the log for more details.
2025-05-03 23:25:26.803 [error] An unknown error occurred. Please consult the log for more details.
2025-05-03 23:25:28.107 [error] An unknown error occurred. Please consult the log for more details.
2025-05-03 23:25:30.849 [error] An unknown error occurred. Please consult the log for more details.
2025-05-03 23:25:32.720 [error] An unknown error occurred. Please consult the log for more details.
2025-05-03 23:25:39.411 [error] An unknown error occurred. Please consult the log for more details.
2025-05-03 23:25:42.653 [error] An unknown error occurred. Please consult the log for more details.
2025-05-03 23:26:54.358 [error] An unknown error occurred. Please consult the log for more details.
2025-05-03 23:26:58.649 [error] An unknown error occurred. Please consult the log for more details.
2025-05-03 23:27:04.377 [error] An unknown error occurred. Please consult the log for more details.
2025-05-03 23:27:12.928 [error] An unknown error occurred. Please consult the log for more details.
2025-05-03 23:27:18.415 [error] An unknown error occurred. Please consult the log for more details.
2025-05-03 23:27:22.057 [error] An unknown error occurred. Please consult the log for more details.
2025-05-03 23:27:25.040 [error] An unknown error occurred. Please consult the log for more details.
2025-05-03 23:27:27.575 [error] An unknown error occurred. Please consult the log for more details.
2025-05-03 23:27:29.972 [error] An unknown error occurred. Please consult the log for more details.
2025-05-03 23:27:31.466 [error] An unknown error occurred. Please consult the log for more details.
2025-05-03 23:27:48.556 [error] An unknown error occurred. Please consult the log for more details.
2025-05-03 23:27:50.772 [error] An unknown error occurred. Please consult the log for more details.
2025-05-03 23:27:52.086 [error] An unknown error occurred. Please consult the log for more details.
2025-05-03 23:28:04.699 [error] An unknown error occurred. Please consult the log for more details.
2025-05-03 23:28:06.023 [error] An unknown error occurred. Please consult the log for more details.
2025-05-03 23:28:07.231 [error] An unknown error occurred. Please consult the log for more details.
2025-05-03 23:29:38.699 [error] An unknown error occurred. Please consult the log for more details.
2025-05-03 23:29:41.320 [error] An unknown error occurred. Please consult the log for more details.
2025-05-03 23:29:43.104 [error] An unknown error occurred. Please consult the log for more details.
2025-05-03 23:29:49.815 [error] An unknown error occurred. Please consult the log for more details.
2025-05-03 23:29:53.476 [error] An unknown error occurred. Please consult the log for more details.
2025-05-03 23:29:56.943 [error] An unknown error occurred. Please consult the log for more details.
2025-05-03 23:30:07.539 [error] An unknown error occurred. Please consult the log for more details.
2025-05-03 23:30:10.940 [error] An unknown error occurred. Please consult the log for more details.
2025-05-03 23:30:24.645 [error] An unknown error occurred. Please consult the log for more details.
2025-05-03 23:30:28.320 [error] An unknown error occurred. Please consult the log for more details.
2025-05-03 23:30:29.685 [error] An unknown error occurred. Please consult the log for more details.
2025-05-03 23:30:31.232 [error] An unknown error occurred. Please consult the log for more details.
2025-05-03 23:31:26.234 [error] An unknown error occurred. Please consult the log for more details.
2025-05-03 23:31:37.941 [error] An unknown error occurred. Please consult the log for more details.
2025-05-03 23:31:39.147 [error] An unknown error occurred. Please consult the log for more details.
2025-05-03 23:31:41.591 [error] An unknown error occurred. Please consult the log for more details.
2025-05-03 23:32:10.053 [error] An unknown error occurred. Please consult the log for more details.
2025-05-03 23:32:11.056 [error] An unknown error occurred. Please consult the log for more details.
2025-05-03 23:32:12.142 [error] An unknown error occurred. Please consult the log for more details.
2025-05-03 23:32:13.144 [error] An unknown error occurred. Please consult the log for more details.
2025-05-03 23:32:25.304 [error] An unknown error occurred. Please consult the log for more details.
2025-05-03 23:40:44.914 [error] An unknown error occurred. Please consult the log for more details.
2025-05-03 23:40:54.992 [error] An unknown error occurred. Please consult the log for more details.
2025-05-03 23:41:46.809 [error] An unknown error occurred. Please consult the log for more details.
2025-05-03 23:41:49.670 [error] An unknown error occurred. Please consult the log for more details.
2025-05-03 23:52:21.891 [error] An unknown error occurred. Please consult the log for more details.
2025-05-03 23:52:31.780 [error] An unknown error occurred. Please consult the log for more details.
2025-05-03 23:52:35.784 [error] An unknown error occurred. Please consult the log for more details.
2025-05-03 23:52:50.996 [error] An unknown error occurred. Please consult the log for more details.
2025-05-03 23:52:53.871 [error] An unknown error occurred. Please consult the log for more details.
2025-05-03 23:52:57.981 [error] An unknown error occurred. Please consult the log for more details.
2025-05-03 23:53:02.896 [error] An unknown error occurred. Please consult the log for more details.
2025-05-03 23:53:05.680 [error] An unknown error occurred. Please consult the log for more details.
2025-05-03 23:53:07.367 [error] An unknown error occurred. Please consult the log for more details.
2025-05-03 23:53:09.143 [error] An unknown error occurred. Please consult the log for more details.
2025-05-03 23:53:11.227 [error] An unknown error occurred. Please consult the log for more details.
2025-05-03 23:53:15.161 [error] An unknown error occurred. Please consult the log for more details.
2025-05-03 23:53:16.618 [error] An unknown error occurred. Please consult the log for more details.
2025-05-03 23:53:30.040 [error] An unknown error occurred. Please consult the log for more details.
2025-05-03 23:53:31.346 [error] An unknown error occurred. Please consult the log for more details.
2025-05-03 23:53:39.810 [error] An unknown error occurred. Please consult the log for more details.
2025-05-03 23:53:42.902 [error] An unknown error occurred. Please consult the log for more details.
2025-05-03 23:53:43.932 [error] An unknown error occurred. Please consult the log for more details.
2025-05-03 23:53:54.569 [error] An unknown error occurred. Please consult the log for more details.
2025-05-03 23:53:58.935 [error] An unknown error occurred. Please consult the log for more details.
2025-05-03 23:54:00.278 [error] An unknown error occurred. Please consult the log for more details.
2025-05-03 23:54:02.064 [error] An unknown error occurred. Please consult the log for more details.
2025-05-03 23:54:04.121 [error] An unknown error occurred. Please consult the log for more details.
2025-05-03 23:54:05.980 [error] An unknown error occurred. Please consult the log for more details.
2025-05-03 23:54:13.108 [error] An unknown error occurred. Please consult the log for more details.
2025-05-03 23:54:16.022 [error] An unknown error occurred. Please consult the log for more details.
2025-05-03 23:54:17.571 [error] An unknown error occurred. Please consult the log for more details.
2025-05-03 23:54:21.962 [error] An unknown error occurred. Please consult the log for more details.
2025-05-03 23:54:39.527 [error] An unknown error occurred. Please consult the log for more details.
2025-05-03 23:54:42.331 [error] An unknown error occurred. Please consult the log for more details.
2025-05-03 23:54:53.624 [error] An unknown error occurred. Please consult the log for more details.
2025-05-03 23:54:54.878 [error] An unknown error occurred. Please consult the log for more details.
2025-05-03 23:54:55.989 [error] An unknown error occurred. Please consult the log for more details.
2025-05-03 23:55:08.973 [error] An unknown error occurred. Please consult the log for more details.
2025-05-03 23:55:09.979 [error] An unknown error occurred. Please consult the log for more details.
2025-05-03 23:55:15.798 [error] An unknown error occurred. Please consult the log for more details.
2025-05-03 23:55:17.103 [error] An unknown error occurred. Please consult the log for more details.
2025-05-03 23:55:39.179 [error] An unknown error occurred. Please consult the log for more details.
2025-05-03 23:55:40.990 [error] An unknown error occurred. Please consult the log for more details.
2025-05-03 23:55:43.770 [error] An unknown error occurred. Please consult the log for more details.
2025-05-03 23:56:07.842 [error] An unknown error occurred. Please consult the log for more details.
2025-05-03 23:56:16.294 [error] An unknown error occurred. Please consult the log for more details.
2025-05-03 23:56:21.295 [error] An unknown error occurred. Please consult the log for more details.
2025-05-03 23:57:34.687 [error] An unknown error occurred. Please consult the log for more details.
2025-05-03 23:57:45.589 [error] An unknown error occurred. Please consult the log for more details.
2025-05-03 23:57:47.048 [error] An unknown error occurred. Please consult the log for more details.
2025-05-03 23:57:49.829 [error] An unknown error occurred. Please consult the log for more details.
2025-05-03 23:57:51.008 [error] An unknown error occurred. Please consult the log for more details.
2025-05-03 23:57:57.032 [error] An unknown error occurred. Please consult the log for more details.
2025-05-03 23:57:58.585 [error] An unknown error occurred. Please consult the log for more details.
2025-05-03 23:58:09.804 [error] An unknown error occurred. Please consult the log for more details.
2025-05-03 23:58:11.786 [error] An unknown error occurred. Please consult the log for more details.
2025-05-03 23:58:15.545 [error] An unknown error occurred. Please consult the log for more details.
2025-05-03 23:58:18.308 [error] An unknown error occurred. Please consult the log for more details.
2025-05-03 23:58:19.403 [error] An unknown error occurred. Please consult the log for more details.
2025-05-03 23:58:21.369 [error] An unknown error occurred. Please consult the log for more details.
2025-05-03 23:58:22.736 [error] An unknown error occurred. Please consult the log for more details.
2025-05-03 23:58:31.635 [error] An unknown error occurred. Please consult the log for more details.
2025-05-03 23:58:33.503 [error] An unknown error occurred. Please consult the log for more details.
2025-05-03 23:58:37.826 [error] An unknown error occurred. Please consult the log for more details.
2025-05-03 23:58:38.922 [error] An unknown error occurred. Please consult the log for more details.
2025-05-03 23:58:49.051 [error] An unknown error occurred. Please consult the log for more details.
2025-05-03 23:58:59.237 [error] An unknown error occurred. Please consult the log for more details.
2025-05-03 23:59:17.078 [error] An unknown error occurred. Please consult the log for more details.
2025-05-03 23:59:21.512 [error] An unknown error occurred. Please consult the log for more details.
2025-05-03 23:59:46.007 [error] An unknown error occurred. Please consult the log for more details.
2025-05-03 23:59:48.284 [error] An unknown error occurred. Please consult the log for more details.
2025-05-03 23:59:55.519 [error] An unknown error occurred. Please consult the log for more details.
2025-05-04 00:00:06.383 [error] An unknown error occurred. Please consult the log for more details.
2025-05-04 00:00:12.406 [error] An unknown error occurred. Please consult the log for more details.
2025-05-04 00:00:13.815 [error] An unknown error occurred. Please consult the log for more details.
2025-05-04 00:00:26.901 [error] An unknown error occurred. Please consult the log for more details.
2025-05-04 00:01:06.180 [error] An unknown error occurred. Please consult the log for more details.
2025-05-04 00:01:09.766 [error] An unknown error occurred. Please consult the log for more details.
2025-05-04 00:01:21.054 [error] An unknown error occurred. Please consult the log for more details.
2025-05-04 00:01:24.384 [error] An unknown error occurred. Please consult the log for more details.
2025-05-04 00:01:32.214 [error] An unknown error occurred. Please consult the log for more details.
2025-05-04 00:01:34.250 [error] An unknown error occurred. Please consult the log for more details.
2025-05-04 00:02:10.791 [error] An unknown error occurred. Please consult the log for more details.
2025-05-04 00:02:14.616 [error] An unknown error occurred. Please consult the log for more details.
2025-05-04 00:02:16.241 [error] An unknown error occurred. Please consult the log for more details.
2025-05-04 00:02:37.727 [error] An unknown error occurred. Please consult the log for more details.
2025-05-04 00:21:36.280 [error] An unknown error occurred. Please consult the log for more details.
2025-05-04 00:21:37.707 [error] An unknown error occurred. Please consult the log for more details.
2025-05-04 00:21:43.847 [error] An unknown error occurred. Please consult the log for more details.
2025-05-04 00:21:45.812 [error] An unknown error occurred. Please consult the log for more details.
2025-05-04 00:21:53.895 [error] An unknown error occurred. Please consult the log for more details.
2025-05-04 00:21:54.983 [error] An unknown error occurred. Please consult the log for more details.
2025-05-04 00:21:58.512 [error] An unknown error occurred. Please consult the log for more details.
2025-05-04 00:22:01.179 [error] An unknown error occurred. Please consult the log for more details.
2025-05-04 00:22:02.515 [error] An unknown error occurred. Please consult the log for more details.
2025-05-04 00:22:03.910 [error] An unknown error occurred. Please consult the log for more details.
2025-05-04 00:22:09.662 [error] An unknown error occurred. Please consult the log for more details.
2025-05-04 00:22:16.015 [error] An unknown error occurred. Please consult the log for more details.
2025-05-04 00:22:25.275 [error] lock() request could not be registered.: InvalidStateError: lock() request could not be registered.
2025-05-04 00:22:52.582 [error] An unknown error occurred. Please consult the log for more details.
2025-05-04 00:23:32.248 [error] An unknown error occurred. Please consult the log for more details.
2025-05-04 00:23:38.245 [error] An unknown error occurred. Please consult the log for more details.
2025-05-04 00:23:39.836 [error] An unknown error occurred. Please consult the log for more details.
2025-05-04 00:23:43.085 [error] An unknown error occurred. Please consult the log for more details.
2025-05-04 00:23:46.672 [error] An unknown error occurred. Please consult the log for more details.
2025-05-04 00:23:57.884 [error] An unknown error occurred. Please consult the log for more details.
2025-05-04 00:24:04.083 [error] An unknown error occurred. Please consult the log for more details.
2025-05-04 00:24:10.310 [error] An unknown error occurred. Please consult the log for more details.
2025-05-04 00:24:14.104 [error] An unknown error occurred. Please consult the log for more details.
2025-05-04 00:24:16.576 [error] An unknown error occurred. Please consult the log for more details.
2025-05-04 00:24:35.098 [error] An unknown error occurred. Please consult the log for more details.
2025-05-04 00:24:36.337 [error] An unknown error occurred. Please consult the log for more details.
2025-05-04 00:24:40.023 [error] An unknown error occurred. Please consult the log for more details.
2025-05-04 00:24:42.999 [error] An unknown error occurred. Please consult the log for more details.
2025-05-04 00:24:55.737 [error] An unknown error occurred. Please consult the log for more details.
2025-05-04 00:24:57.142 [error] An unknown error occurred. Please consult the log for more details.
2025-05-04 00:24:58.392 [error] An unknown error occurred. Please consult the log for more details.
2025-05-04 00:25:02.201 [error] An unknown error occurred. Please consult the log for more details.
2025-05-04 00:25:12.747 [error] An unknown error occurred. Please consult the log for more details.
2025-05-04 00:25:18.216 [error] An unknown error occurred. Please consult the log for more details.
2025-05-04 00:25:20.834 [error] An unknown error occurred. Please consult the log for more details.
2025-05-04 00:25:23.023 [error] An unknown error occurred. Please consult the log for more details.
2025-05-04 00:25:28.462 [error] An unknown error occurred. Please consult the log for more details.
2025-05-04 00:25:30.331 [error] An unknown error occurred. Please consult the log for more details.
2025-05-04 00:25:37.051 [error] An unknown error occurred. Please consult the log for more details.
2025-05-04 00:25:48.818 [error] An unknown error occurred. Please consult the log for more details.
2025-05-04 00:25:50.193 [error] An unknown error occurred. Please consult the log for more details.
2025-05-04 00:25:59.684 [error] An unknown error occurred. Please consult the log for more details.
2025-05-04 00:26:01.410 [error] An unknown error occurred. Please consult the log for more details.
2025-05-04 00:26:03.710 [error] An unknown error occurred. Please consult the log for more details.
2025-05-04 00:26:05.793 [error] An unknown error occurred. Please consult the log for more details.
2025-05-04 00:26:06.874 [error] An unknown error occurred. Please consult the log for more details.
2025-05-04 00:26:08.497 [error] An unknown error occurred. Please consult the log for more details.
2025-05-04 00:26:15.374 [error] An unknown error occurred. Please consult the log for more details.
2025-05-04 00:26:17.973 [error] An unknown error occurred. Please consult the log for more details.
2025-05-04 00:27:08.499 [error] An unknown error occurred. Please consult the log for more details.
2025-05-04 00:27:11.264 [error] An unknown error occurred. Please consult the log for more details.
2025-05-04 00:27:35.170 [error] An unknown error occurred. Please consult the log for more details.
2025-05-04 00:27:37.936 [error] An unknown error occurred. Please consult the log for more details.
2025-05-04 00:28:07.054 [error] An unknown error occurred. Please consult the log for more details.
2025-05-04 00:28:13.752 [error] An unknown error occurred. Please consult the log for more details.
2025-05-04 00:28:15.219 [error] An unknown error occurred. Please consult the log for more details.
2025-05-04 00:28:17.343 [error] An unknown error occurred. Please consult the log for more details.
2025-05-04 00:28:19.437 [error] An unknown error occurred. Please consult the log for more details.
2025-05-04 00:28:21.405 [error] An unknown error occurred. Please consult the log for more details.
2025-05-04 00:28:22.833 [error] An unknown error occurred. Please consult the log for more details.
2025-05-04 00:28:24.670 [error] An unknown error occurred. Please consult the log for more details.
2025-05-04 00:28:26.184 [error] An unknown error occurred. Please consult the log for more details.
2025-05-04 00:28:29.837 [error] An unknown error occurred. Please consult the log for more details.
2025-05-04 00:28:32.937 [error] An unknown error occurred. Please consult the log for more details.
2025-05-04 00:28:37.612 [error] An unknown error occurred. Please consult the log for more details.
2025-05-04 00:28:38.797 [error] An unknown error occurred. Please consult the log for more details.
2025-05-04 00:28:42.291 [error] An unknown error occurred. Please consult the log for more details.
2025-05-04 00:28:43.922 [error] An unknown error occurred. Please consult the log for more details.
2025-05-04 00:28:45.030 [error] An unknown error occurred. Please consult the log for more details.
2025-05-04 00:28:50.926 [error] An unknown error occurred. Please consult the log for more details.
2025-05-04 00:28:52.544 [error] An unknown error occurred. Please consult the log for more details.
2025-05-04 00:28:57.612 [error] An unknown error occurred. Please consult the log for more details.
2025-05-04 00:28:59.053 [error] An unknown error occurred. Please consult the log for more details.
2025-05-04 00:29:00.390 [error] An unknown error occurred. Please consult the log for more details.
2025-05-04 00:29:02.519 [error] An unknown error occurred. Please consult the log for more details.
2025-05-04 00:29:04.803 [error] An unknown error occurred. Please consult the log for more details.
2025-05-04 00:30:22.686 [error] An unknown error occurred. Please consult the log for more details.
2025-05-04 00:30:37.417 [error] An unknown error occurred. Please consult the log for more details.
2025-05-04 00:30:39.875 [error] Error: 89:19: expected ';', found ':='
	at handleResponse (/home/angrycompany16/.vscode-oss/extensions/golang.go-0.46.1-universal/dist/goMain.js:8582:40)
	at handleMessage (/home/angrycompany16/.vscode-oss/extensions/golang.go-0.46.1-universal/dist/goMain.js:8392:11)
	at processMessageQueue (/home/angrycompany16/.vscode-oss/extensions/golang.go-0.46.1-universal/dist/goMain.js:8407:13)
	at Immediate.<anonymous> (/home/angrycompany16/.vscode-oss/extensions/golang.go-0.46.1-universal/dist/goMain.js:8383:11)
	at process.processImmediate (node:internal/timers:483:21)
2025-05-04 00:30:40.412 [error] An unknown error occurred. Please consult the log for more details.
2025-05-04 00:30:46.272 [error] An unknown error occurred. Please consult the log for more details.
2025-05-04 00:30:48.118 [error] An unknown error occurred. Please consult the log for more details.
2025-05-04 00:30:49.175 [error] An unknown error occurred. Please consult the log for more details.
2025-05-04 00:30:50.869 [error] An unknown error occurred. Please consult the log for more details.
2025-05-04 00:30:53.894 [error] An unknown error occurred. Please consult the log for more details.
2025-05-04 00:30:57.980 [error] An unknown error occurred. Please consult the log for more details.
2025-05-04 00:31:02.787 [error] An unknown error occurred. Please consult the log for more details.
2025-05-04 00:31:03.955 [error] An unknown error occurred. Please consult the log for more details.
2025-05-04 00:31:06.021 [error] An unknown error occurred. Please consult the log for more details.
2025-05-04 00:31:07.897 [error] An unknown error occurred. Please consult the log for more details.
2025-05-04 00:31:10.582 [error] An unknown error occurred. Please consult the log for more details.
2025-05-04 00:31:11.872 [error] An unknown error occurred. Please consult the log for more details.
2025-05-04 00:31:14.367 [error] An unknown error occurred. Please consult the log for more details.
2025-05-04 00:31:18.937 [error] An unknown error occurred. Please consult the log for more details.
2025-05-04 00:31:27.816 [error] An unknown error occurred. Please consult the log for more details.
2025-05-04 00:31:29.850 [error] An unknown error occurred. Please consult the log for more details.
2025-05-04 00:31:30.965 [error] An unknown error occurred. Please consult the log for more details.
2025-05-04 00:31:33.517 [error] An unknown error occurred. Please consult the log for more details.
2025-05-04 00:31:35.130 [error] An unknown error occurred. Please consult the log for more details.
2025-05-04 00:31:36.588 [error] An unknown error occurred. Please consult the log for more details.
2025-05-04 00:31:38.520 [error] An unknown error occurred. Please consult the log for more details.
2025-05-04 00:31:40.190 [error] An unknown error occurred. Please consult the log for more details.
2025-05-04 00:31:46.731 [error] An unknown error occurred. Please consult the log for more details.
2025-05-04 00:31:49.206 [error] An unknown error occurred. Please consult the log for more details.
2025-05-04 00:31:51.097 [error] An unknown error occurred. Please consult the log for more details.
2025-05-04 00:31:52.780 [error] An unknown error occurred. Please consult the log for more details.
2025-05-04 00:31:54.823 [error] An unknown error occurred. Please consult the log for more details.
2025-05-04 00:31:56.741 [error] An unknown error occurred. Please consult the log for more details.
2025-05-04 00:32:09.478 [error] An unknown error occurred. Please consult the log for more details.
2025-05-04 00:32:18.038 [error] An unknown error occurred. Please consult the log for more details.
2025-05-04 00:32:20.177 [error] An unknown error occurred. Please consult the log for more details.
2025-05-04 00:32:22.231 [error] An unknown error occurred. Please consult the log for more details.
2025-05-04 00:32:28.390 [error] An unknown error occurred. Please consult the log for more details.
2025-05-04 00:32:30.489 [error] An unknown error occurred. Please consult the log for more details.
2025-05-04 00:32:47.627 [error] An unknown error occurred. Please consult the log for more details.
2025-05-04 00:33:00.883 [error] An unknown error occurred. Please consult the log for more details.
2025-05-04 00:33:26.831 [error] An unknown error occurred. Please consult the log for more details.
2025-05-04 00:33:29.118 [error] An unknown error occurred. Please consult the log for more details.
2025-05-04 00:33:30.563 [error] An unknown error occurred. Please consult the log for more details.
2025-05-04 00:33:37.759 [error] An unknown error occurred. Please consult the log for more details.
2025-05-04 00:33:39.254 [error] An unknown error occurred. Please consult the log for more details.
2025-05-04 00:33:40.294 [error] An unknown error occurred. Please consult the log for more details.
2025-05-04 00:34:16.596 [error] An unknown error occurred. Please consult the log for more details.
2025-05-04 00:34:21.388 [error] An unknown error occurred. Please consult the log for more details.
2025-05-04 00:34:37.023 [error] An unknown error occurred. Please consult the log for more details.
2025-05-04 00:34:38.421 [error] An unknown error occurred. Please consult the log for more details.
2025-05-04 00:34:40.022 [error] An unknown error occurred. Please consult the log for more details.
2025-05-04 00:34:51.801 [error] An unknown error occurred. Please consult the log for more details.
2025-05-04 00:34:55.662 [error] An unknown error occurred. Please consult the log for more details.
2025-05-04 00:34:57.868 [error] An unknown error occurred. Please consult the log for more details.
2025-05-04 00:35:04.970 [error] An unknown error occurred. Please consult the log for more details.
2025-05-04 00:35:18.155 [error] An unknown error occurred. Please consult the log for more details.
2025-05-04 00:35:27.807 [error] An unknown error occurred. Please consult the log for more details.
2025-05-04 00:35:29.163 [error] An unknown error occurred. Please consult the log for more details.
2025-05-04 00:35:30.988 [error] An unknown error occurred. Please consult the log for more details.
2025-05-04 00:35:34.935 [error] An unknown error occurred. Please consult the log for more details.
2025-05-04 00:35:36.342 [error] An unknown error occurred. Please consult the log for more details.
2025-05-04 00:35:37.784 [error] An unknown error occurred. Please consult the log for more details.
2025-05-04 00:35:39.180 [error] An unknown error occurred. Please consult the log for more details.
2025-05-04 00:35:40.495 [error] An unknown error occurred. Please consult the log for more details.
2025-05-04 00:35:42.063 [error] An unknown error occurred. Please consult the log for more details.
2025-05-04 00:35:55.273 [error] An unknown error occurred. Please consult the log for more details.
2025-05-04 00:35:58.893 [error] An unknown error occurred. Please consult the log for more details.
2025-05-04 00:35:59.988 [error] An unknown error occurred. Please consult the log for more details.
2025-05-04 00:36:01.480 [error] An unknown error occurred. Please consult the log for more details.
2025-05-04 00:36:11.471 [error] An unknown error occurred. Please consult the log for more details.
2025-05-04 00:36:13.017 [error] An unknown error occurred. Please consult the log for more details.
2025-05-04 00:36:16.251 [error] An unknown error occurred. Please consult the log for more details.
2025-05-04 00:36:26.153 [error] An unknown error occurred. Please consult the log for more details.
2025-05-04 00:38:37.918 [error] An unknown error occurred. Please consult the log for more details.
2025-05-04 00:39:51.324 [error] An unknown error occurred. Please consult the log for more details.
2025-05-04 00:39:52.590 [error] An unknown error occurred. Please consult the log for more details.
2025-05-04 00:39:54.765 [error] An unknown error occurred. Please consult the log for more details.
2025-05-04 00:39:57.738 [error] An unknown error occurred. Please consult the log for more details.
2025-05-04 00:40:04.211 [error] An unknown error occurred. Please consult the log for more details.
2025-05-04 00:40:05.449 [error] An unknown error occurred. Please consult the log for more details.
2025-05-04 00:40:09.317 [error] An unknown error occurred. Please consult the log for more details.
2025-05-04 00:40:13.612 [error] An unknown error occurred. Please consult the log for more details.
2025-05-04 00:40:16.882 [error] An unknown error occurred. Please consult the log for more details.
2025-05-04 00:40:32.997 [error] An unknown error occurred. Please consult the log for more details.
2025-05-04 00:40:35.457 [error] An unknown error occurred. Please consult the log for more details.
2025-05-04 00:40:38.347 [error] An unknown error occurred. Please consult the log for more details.
2025-05-04 00:40:40.489 [error] An unknown error occurred. Please consult the log for more details.
2025-05-04 00:40:51.576 [error] An unknown error occurred. Please consult the log for more details.
2025-05-04 00:40:52.652 [error] An unknown error occurred. Please consult the log for more details.
2025-05-04 00:41:08.381 [error] An unknown error occurred. Please consult the log for more details.
2025-05-04 00:41:09.736 [error] An unknown error occurred. Please consult the log for more details.
2025-05-04 00:41:12.749 [error] An unknown error occurred. Please consult the log for more details.
2025-05-04 00:41:18.275 [error] An unknown error occurred. Please consult the log for more details.
2025-05-04 00:41:23.143 [error] An unknown error occurred. Please consult the log for more details.
2025-05-04 00:41:35.771 [error] An unknown error occurred. Please consult the log for more details.
2025-05-04 00:41:37.959 [error] An unknown error occurred. Please consult the log for more details.
2025-05-04 00:41:39.576 [error] An unknown error occurred. Please consult the log for more details.
2025-05-04 00:41:41.932 [error] An unknown error occurred. Please consult the log for more details.
2025-05-04 00:41:44.979 [error] An unknown error occurred. Please consult the log for more details.
2025-05-04 00:41:48.138 [error] An unknown error occurred. Please consult the log for more details.
2025-05-04 00:42:04.585 [error] An unknown error occurred. Please consult the log for more details.
2025-05-04 00:42:17.278 [error] An unknown error occurred. Please consult the log for more details.
2025-05-04 00:42:26.193 [error] An unknown error occurred. Please consult the log for more details.
2025-05-04 00:42:42.999 [error] An unknown error occurred. Please consult the log for more details.
2025-05-04 00:42:46.357 [error] An unknown error occurred. Please consult the log for more details.
2025-05-04 00:42:48.180 [error] An unknown error occurred. Please consult the log for more details.
2025-05-04 00:42:49.323 [error] An unknown error occurred. Please consult the log for more details.
2025-05-04 00:42:50.977 [error] An unknown error occurred. Please consult the log for more details.
2025-05-04 00:42:53.604 [error] An unknown error occurred. Please consult the log for more details.
2025-05-04 00:43:07.257 [error] An unknown error occurred. Please consult the log for more details.
2025-05-04 00:43:22.675 [error] An unknown error occurred. Please consult the log for more details.
2025-05-04 00:43:31.541 [error] An unknown error occurred. Please consult the log for more details.
2025-05-04 00:44:37.274 [error] An unknown error occurred. Please consult the log for more details.
2025-05-04 00:44:42.861 [error] An unknown error occurred. Please consult the log for more details.
2025-05-04 00:44:44.005 [error] An unknown error occurred. Please consult the log for more details.
2025-05-04 00:48:38.560 [error] An unknown error occurred. Please consult the log for more details.
2025-05-04 00:48:43.037 [error] An unknown error occurred. Please consult the log for more details.
2025-05-04 00:49:55.993 [error] An unknown error occurred. Please consult the log for more details.
2025-05-04 00:50:05.444 [error] An unknown error occurred. Please consult the log for more details.
2025-05-04 00:50:16.566 [error] An unknown error occurred. Please consult the log for more details.
2025-05-04 00:50:17.706 [error] An unknown error occurred. Please consult the log for more details.
2025-05-04 00:50:20.615 [error] An unknown error occurred. Please consult the log for more details.
2025-05-04 00:50:22.306 [error] An unknown error occurred. Please consult the log for more details.
2025-05-04 00:50:23.407 [error] An unknown error occurred. Please consult the log for more details.
2025-05-04 00:50:24.666 [error] An unknown error occurred. Please consult the log for more details.
2025-05-04 00:50:29.948 [error] An unknown error occurred. Please consult the log for more details.
2025-05-04 00:50:37.758 [error] An unknown error occurred. Please consult the log for more details.
2025-05-04 00:50:39.423 [error] An unknown error occurred. Please consult the log for more details.
2025-05-04 00:50:44.778 [error] An unknown error occurred. Please consult the log for more details.
2025-05-04 00:50:45.808 [error] An unknown error occurred. Please consult the log for more details.
2025-05-04 00:50:47.787 [error] An unknown error occurred. Please consult the log for more details.
2025-05-04 00:54:14.131 [error] An unknown error occurred. Please consult the log for more details.
2025-05-04 00:54:16.266 [error] An unknown error occurred. Please consult the log for more details.
2025-05-04 00:58:40.080 [error] An unknown error occurred. Please consult the log for more details.
2025-05-04 00:58:42.437 [error] An unknown error occurred. Please consult the log for more details.
2025-05-04 00:58:45.355 [error] An unknown error occurred. Please consult the log for more details.
2025-05-04 00:58:55.163 [error] An unknown error occurred. Please consult the log for more details.
2025-05-04 01:02:05.717 [error] An unknown error occurred. Please consult the log for more details.
2025-05-04 01:02:11.248 [error] An unknown error occurred. Please consult the log for more details.
2025-05-04 01:02:17.417 [error] An unknown error occurred. Please consult the log for more details.
2025-05-04 01:02:24.399 [error] An unknown error occurred. Please consult the log for more details.
2025-05-04 01:02:26.275 [error] An unknown error occurred. Please consult the log for more details.
2025-05-04 01:04:51.133 [error] Error: 54:54: expected '==', found '='
	at handleResponse (/home/angrycompany16/.vscode-oss/extensions/golang.go-0.46.1-universal/dist/goMain.js:8582:40)
	at handleMessage (/home/angrycompany16/.vscode-oss/extensions/golang.go-0.46.1-universal/dist/goMain.js:8392:11)
	at processMessageQueue (/home/angrycompany16/.vscode-oss/extensions/golang.go-0.46.1-universal/dist/goMain.js:8407:13)
	at Immediate.<anonymous> (/home/angrycompany16/.vscode-oss/extensions/golang.go-0.46.1-universal/dist/goMain.js:8383:11)
	at process.processImmediate (node:internal/timers:483:21)
2025-05-04 01:08:52.215 [error] An unknown error occurred. Please consult the log for more details.
2025-05-04 01:08:53.538 [error] An unknown error occurred. Please consult the log for more details.
2025-05-04 01:08:58.903 [error] An unknown error occurred. Please consult the log for more details.
2025-05-04 01:09:00.937 [error] An unknown error occurred. Please consult the log for more details.
2025-05-04 01:09:11.440 [error] An unknown error occurred. Please consult the log for more details.
2025-05-04 01:09:14.687 [error] An unknown error occurred. Please consult the log for more details.
2025-05-04 01:09:57.575 [error] An unknown error occurred. Please consult the log for more details.
2025-05-04 01:10:16.117 [error] An unknown error occurred. Please consult the log for more details.
2025-05-04 01:10:20.205 [error] An unknown error occurred. Please consult the log for more details.
2025-05-04 01:10:50.978 [error] An unknown error occurred. Please consult the log for more details.
2025-05-04 01:10:52.163 [error] An unknown error occurred. Please consult the log for more details.
2025-05-04 01:11:00.271 [error] An unknown error occurred. Please consult the log for more details.
2025-05-04 01:11:12.344 [error] An unknown error occurred. Please consult the log for more details.
2025-05-04 01:12:34.046 [error] An unknown error occurred. Please consult the log for more details.
2025-05-04 01:12:35.171 [error] An unknown error occurred. Please consult the log for more details.
2025-05-04 01:12:38.388 [error] An unknown error occurred. Please consult the log for more details.
2025-05-04 01:12:39.980 [error] An unknown error occurred. Please consult the log for more details.
2025-05-04 01:12:41.755 [error] An unknown error occurred. Please consult the log for more details.
2025-05-04 01:12:43.726 [error] An unknown error occurred. Please consult the log for more details.
2025-05-04 01:12:45.677 [error] An unknown error occurred. Please consult the log for more details.
2025-05-04 01:12:46.982 [error] An unknown error occurred. Please consult the log for more details.
2025-05-04 01:13:14.620 [error] An unknown error occurred. Please consult the log for more details.
2025-05-04 01:13:24.654 [error] An unknown error occurred. Please consult the log for more details.
2025-05-04 01:13:27.589 [error] An unknown error occurred. Please consult the log for more details.
2025-05-04 01:13:29.482 [error] An unknown error occurred. Please consult the log for more details.
2025-05-04 01:13:42.439 [error] An unknown error occurred. Please consult the log for more details.
2025-05-04 01:13:58.632 [error] An unknown error occurred. Please consult the log for more details.
2025-05-04 01:14:00.101 [error] An unknown error occurred. Please consult the log for more details.
2025-05-04 01:14:07.474 [error] An unknown error occurred. Please consult the log for more details.
2025-05-04 01:14:11.072 [error] An unknown error occurred. Please consult the log for more details.
2025-05-04 01:14:33.132 [error] An unknown error occurred. Please consult the log for more details.
2025-05-04 01:14:50.569 [error] An unknown error occurred. Please consult the log for more details.
2025-05-04 01:14:55.191 [error] An unknown error occurred. Please consult the log for more details.
2025-05-04 01:14:56.873 [error] An unknown error occurred. Please consult the log for more details.
2025-05-04 01:14:58.742 [error] An unknown error occurred. Please consult the log for more details.
2025-05-04 01:14:59.967 [error] An unknown error occurred. Please consult the log for more details.
2025-05-04 01:15:01.514 [error] An unknown error occurred. Please consult the log for more details.
2025-05-04 01:15:13.278 [error] An unknown error occurred. Please consult the log for more details.
2025-05-04 01:15:15.599 [error] An unknown error occurred. Please consult the log for more details.
2025-05-04 01:15:17.146 [error] An unknown error occurred. Please consult the log for more details.
2025-05-04 01:15:28.802 [error] An unknown error occurred. Please consult the log for more details.
2025-05-04 01:15:31.372 [error] An unknown error occurred. Please consult the log for more details.
2025-05-04 01:15:44.475 [error] An unknown error occurred. Please consult the log for more details.
2025-05-04 01:15:59.197 [error] An unknown error occurred. Please consult the log for more details.
2025-05-04 01:16:01.688 [error] An unknown error occurred. Please consult the log for more details.
2025-05-04 01:16:04.218 [error] An unknown error occurred. Please consult the log for more details.
2025-05-04 01:16:21.980 [error] An unknown error occurred. Please consult the log for more details.
2025-05-04 01:16:30.624 [error] An unknown error occurred. Please consult the log for more details.
2025-05-04 01:16:33.653 [error] An unknown error occurred. Please consult the log for more details.
2025-05-04 01:16:37.384 [error] An unknown error occurred. Please consult the log for more details.
2025-05-04 01:16:38.955 [error] An unknown error occurred. Please consult the log for more details.
2025-05-04 01:16:58.871 [error] An unknown error occurred. Please consult the log for more details.
2025-05-04 01:17:03.145 [error] An unknown error occurred. Please consult the log for more details.
2025-05-04 01:17:06.149 [error] An unknown error occurred. Please consult the log for more details.
2025-05-04 01:17:07.629 [error] An unknown error occurred. Please consult the log for more details.
2025-05-04 01:17:18.909 [error] An unknown error occurred. Please consult the log for more details.
2025-05-04 01:17:20.128 [error] An unknown error occurred. Please consult the log for more details.
2025-05-04 01:19:32.539 [error] An unknown error occurred. Please consult the log for more details.
2025-05-04 01:19:33.856 [error] An unknown error occurred. Please consult the log for more details.
2025-05-04 01:19:41.045 [error] An unknown error occurred. Please consult the log for more details.
2025-05-04 01:19:49.102 [error] An unknown error occurred. Please consult the log for more details.
2025-05-04 01:19:52.502 [error] An unknown error occurred. Please consult the log for more details.
2025-05-04 01:19:53.654 [error] An unknown error occurred. Please consult the log for more details.
2025-05-04 01:20:01.055 [error] An unknown error occurred. Please consult the log for more details.
2025-05-04 01:20:21.752 [error] An unknown error occurred. Please consult the log for more details.
2025-05-04 01:20:23.233 [error] An unknown error occurred. Please consult the log for more details.
2025-05-04 01:20:24.577 [error] An unknown error occurred. Please consult the log for more details.
2025-05-04 01:20:30.634 [error] An unknown error occurred. Please consult the log for more details.
2025-05-04 01:20:36.809 [error] An unknown error occurred. Please consult the log for more details.
2025-05-04 01:20:38.712 [error] An unknown error occurred. Please consult the log for more details.
2025-05-04 01:20:42.056 [error] An unknown error occurred. Please consult the log for more details.
2025-05-04 01:20:43.281 [error] An unknown error occurred. Please consult the log for more details.
2025-05-04 01:20:55.805 [error] An unknown error occurred. Please consult the log for more details.
2025-05-04 01:20:57.745 [error] An unknown error occurred. Please consult the log for more details.
2025-05-04 01:21:03.358 [error] An unknown error occurred. Please consult the log for more details.
2025-05-04 01:21:06.086 [error] An unknown error occurred. Please consult the log for more details.
2025-05-04 01:21:15.519 [error] An unknown error occurred. Please consult the log for more details.
2025-05-04 01:21:22.451 [error] An unknown error occurred. Please consult the log for more details.
2025-05-04 01:21:27.555 [error] An unknown error occurred. Please consult the log for more details.
2025-05-04 01:21:28.909 [error] An unknown error occurred. Please consult the log for more details.
2025-05-04 01:21:32.837 [error] An unknown error occurred. Please consult the log for more details.
2025-05-04 01:21:41.756 [error] An unknown error occurred. Please consult the log for more details.
2025-05-04 01:21:47.108 [error] An unknown error occurred. Please consult the log for more details.
2025-05-04 01:21:56.738 [error] An unknown error occurred. Please consult the log for more details.
2025-05-04 01:21:58.188 [error] An unknown error occurred. Please consult the log for more details.
2025-05-04 01:21:59.514 [error] An unknown error occurred. Please consult the log for more details.
2025-05-04 01:22:00.633 [error] An unknown error occurred. Please consult the log for more details.
2025-05-04 01:22:02.276 [error] An unknown error occurred. Please consult the log for more details.
2025-05-04 01:22:03.898 [error] An unknown error occurred. Please consult the log for more details.
2025-05-04 01:22:20.902 [error] An unknown error occurred. Please consult the log for more details.
2025-05-04 01:24:31.439 [error] An unknown error occurred. Please consult the log for more details.
2025-05-04 01:27:27.674 [error] An unknown error occurred. Please consult the log for more details.
2025-05-04 01:27:30.784 [error] An unknown error occurred. Please consult the log for more details.
2025-05-04 01:27:32.799 [error] An unknown error occurred. Please consult the log for more details.
2025-05-04 01:27:34.037 [error] An unknown error occurred. Please consult the log for more details.
2025-05-04 01:27:35.518 [error] An unknown error occurred. Please consult the log for more details.
2025-05-04 01:27:36.722 [error] Error: 138:24: missing ',' before newline in composite literal
	at handleResponse (/home/angrycompany16/.vscode-oss/extensions/golang.go-0.46.1-universal/dist/goMain.js:8582:40)
	at handleMessage (/home/angrycompany16/.vscode-oss/extensions/golang.go-0.46.1-universal/dist/goMain.js:8392:11)
	at processMessageQueue (/home/angrycompany16/.vscode-oss/extensions/golang.go-0.46.1-universal/dist/goMain.js:8407:13)
	at Immediate.<anonymous> (/home/angrycompany16/.vscode-oss/extensions/golang.go-0.46.1-universal/dist/goMain.js:8383:11)
	at process.processImmediate (node:internal/timers:483:21)
2025-05-04 01:27:37.676 [error] An unknown error occurred. Please consult the log for more details.
2025-05-04 01:27:38.800 [error] An unknown error occurred. Please consult the log for more details.
2025-05-04 01:27:42.574 [error] An unknown error occurred. Please consult the log for more details.
2025-05-04 01:27:43.758 [error] An unknown error occurred. Please consult the log for more details.
2025-05-04 01:27:47.651 [error] An unknown error occurred. Please consult the log for more details.
2025-05-04 01:27:54.322 [error] An unknown error occurred. Please consult the log for more details.
2025-05-04 01:27:57.486 [error] An unknown error occurred. Please consult the log for more details.
2025-05-04 01:28:00.483 [error] An unknown error occurred. Please consult the log for more details.
2025-05-04 01:28:02.032 [error] An unknown error occurred. Please consult the log for more details.
2025-05-04 01:28:05.003 [error] An unknown error occurred. Please consult the log for more details.
2025-05-04 01:28:06.717 [error] An unknown error occurred. Please consult the log for more details.
2025-05-04 01:28:24.016 [error] An unknown error occurred. Please consult the log for more details.
2025-05-04 01:28:26.448 [error] An unknown error occurred. Please consult the log for more details.
2025-05-04 01:28:50.704 [error] An unknown error occurred. Please consult the log for more details.
2025-05-04 01:28:52.102 [error] An unknown error occurred. Please consult the log for more details.
2025-05-04 01:28:53.965 [error] An unknown error occurred. Please consult the log for more details.
2025-05-04 01:28:55.063 [error] An unknown error occurred. Please consult the log for more details.
2025-05-04 01:28:56.649 [error] An unknown error occurred. Please consult the log for more details.
2025-05-04 01:28:58.391 [error] An unknown error occurred. Please consult the log for more details.
2025-05-04 01:29:00.324 [error] An unknown error occurred. Please consult the log for more details.
2025-05-04 01:29:02.341 [error] An unknown error occurred. Please consult the log for more details.
2025-05-04 01:29:05.606 [error] An unknown error occurred. Please consult the log for more details.
2025-05-04 01:29:07.716 [error] An unknown error occurred. Please consult the log for more details.
2025-05-04 01:29:09.632 [error] An unknown error occurred. Please consult the log for more details.
2025-05-04 01:29:10.816 [error] An unknown error occurred. Please consult the log for more details.
2025-05-04 01:29:12.870 [error] An unknown error occurred. Please consult the log for more details.
2025-05-04 01:29:18.144 [error] An unknown error occurred. Please consult the log for more details.
2025-05-04 01:29:37.911 [error] An unknown error occurred. Please consult the log for more details.
2025-05-04 01:29:39.428 [error] An unknown error occurred. Please consult the log for more details.
2025-05-04 01:29:41.306 [error] An unknown error occurred. Please consult the log for more details.
2025-05-04 01:29:42.680 [error] An unknown error occurred. Please consult the log for more details.
2025-05-04 01:29:45.457 [error] An unknown error occurred. Please consult the log for more details.
2025-05-04 01:30:00.426 [error] An unknown error occurred. Please consult the log for more details.
2025-05-04 01:30:03.032 [error] An unknown error occurred. Please consult the log for more details.
2025-05-04 01:30:04.075 [error] An unknown error occurred. Please consult the log for more details.
2025-05-04 01:30:06.107 [error] An unknown error occurred. Please consult the log for more details.
2025-05-04 01:30:08.866 [error] An unknown error occurred. Please consult the log for more details.
2025-05-04 01:30:10.995 [error] An unknown error occurred. Please consult the log for more details.
2025-05-04 01:30:56.593 [error] An unknown error occurred. Please consult the log for more details.
2025-05-04 01:30:58.917 [error] An unknown error occurred. Please consult the log for more details.
2025-05-04 01:31:00.810 [error] An unknown error occurred. Please consult the log for more details.
2025-05-04 01:31:07.149 [error] An unknown error occurred. Please consult the log for more details.
2025-05-04 01:31:11.124 [error] An unknown error occurred. Please consult the log for more details.
2025-05-04 01:31:30.534 [error] An unknown error occurred. Please consult the log for more details.
2025-05-04 01:31:34.010 [error] An unknown error occurred. Please consult the log for more details.
2025-05-04 01:31:58.915 [error] An unknown error occurred. Please consult the log for more details.
2025-05-04 01:32:00.712 [error] An unknown error occurred. Please consult the log for more details.
2025-05-04 01:32:15.418 [error] An unknown error occurred. Please consult the log for more details.
2025-05-04 01:32:18.589 [error] An unknown error occurred. Please consult the log for more details.
2025-05-04 01:32:22.377 [error] An unknown error occurred. Please consult the log for more details.
2025-05-04 01:32:23.757 [error] Canceled: Error: Canceled
    at $cs (vscode-file://vscode-app/usr/lib/code/out/vs/workbench/workbench.desktop.main.js:822:4120)
    at vscode-file://vscode-app/usr/lib/code/out/vs/workbench/workbench.desktop.main.js:3248:9594
    at async vscode-file://vscode-app/usr/lib/code/out/vs/workbench/workbench.desktop.main.js:3248:7907
    at async qZ.hb (vscode-file://vscode-app/usr/lib/code/out/vs/workbench/workbench.desktop.main.js:1986:29220)
    at async Promise.all (index 0)
    at async qZ.gb (vscode-file://vscode-app/usr/lib/code/out/vs/workbench/workbench.desktop.main.js:1986:28942)
    at async qZ.fb (vscode-file://vscode-app/usr/lib/code/out/vs/workbench/workbench.desktop.main.js:1986:28721)
    at async Promise.all (index 0)
    at async qZ.$ (vscode-file://vscode-app/usr/lib/code/out/vs/workbench/workbench.desktop.main.js:1986:27375)
    at async vscode-file://vscode-app/usr/lib/code/out/vs/workbench/workbench.desktop.main.js:1986:27111
