2025-04-29 15:52:01.082 [info] Extension host with pid 1604 started
2025-04-29 15:52:01.082 [info] Skipping acquiring lock for /home/angrycompany16/.config/Code - OSS/User/workspaceStorage/b76afaa8e8fd82e090e5d5333b0487fe.
2025-04-29 15:52:01.090 [info] ExtensionService#_doActivateExtension vscode.git-base, startup: true, activationEvent: '*', root cause: vscode.git
2025-04-29 15:52:01.135 [info] ExtensionService#_doActivateExtension vscode.git, startup: true, activationEvent: '*'
2025-04-29 15:52:01.195 [info] ExtensionService#_doActivateExtension vscode.github, startup: true, activationEvent: '*'
2025-04-29 15:52:01.275 [info] Eager extensions activated
2025-04-29 15:52:01.283 [info] ExtensionService#_doActivateExtension vscode.configuration-editing, startup: false, activationEvent: 'onLanguage:jsonc'
2025-04-29 15:52:01.294 [info] ExtensionService#_doActivateExtension vscode.json-language-features, startup: false, activationEvent: 'onLanguage:jsonc'
2025-04-29 15:52:01.362 [info] ExtensionService#_doActivateExtension vscode.typescript-language-features, startup: false, activationEvent: 'onLanguage:jsonc'
2025-04-29 15:52:01.429 [info] ExtensionService#_doActivateExtension vscode.emmet, startup: false, activationEvent: 'onLanguage'
2025-04-29 15:52:01.457 [info] ExtensionService#_doActivateExtension vscode.debug-auto-launch, startup: false, activationEvent: 'onStartupFinished'
2025-04-29 15:52:01.460 [info] ExtensionService#_doActivateExtension vscode.merge-conflict, startup: false, activationEvent: 'onStartupFinished'
2025-04-29 15:52:01.484 [info] ExtensionService#_doActivateExtension Gruntfuggly.todo-tree, startup: false, activationEvent: 'onStartupFinished'
2025-04-29 15:52:01.525 [info] ExtensionService#_doActivateExtension sainnhe.gruvbox-material, startup: false, activationEvent: 'onStartupFinished'
2025-04-29 15:52:01.551 [info] ExtensionService#_doActivateExtension vscodevim.vim, startup: false, activationEvent: 'onStartupFinished'
2025-04-29 15:52:24.145 [info] ExtensionService#_doActivateExtension ms-python.python, startup: false, activationEvent: 'onLanguage:python', root cause: mikoz.black-py
2025-04-29 15:52:24.551 [info] ExtensionService#_doActivateExtension mikoz.black-py, startup: false, activationEvent: 'onLanguage:python'
2025-04-29 15:52:24.582 [info] ExtensionService#_doActivateExtension ms-python.debugpy, startup: false, activationEvent: 'onLanguage:python'
2025-04-29 15:52:24.650 [info] ExtensionService#_doActivateExtension ms-python.pylint, startup: false, activationEvent: 'onLanguage:python'
2025-04-29 15:52:24.704 [error] Activating extension ms-python.debugpy failed due to an error:
2025-04-29 15:52:24.704 [error] Error: Extension 'ms-python.debugpy' CANNOT use API proposal: portsAttributes.
Its package.json#enabledApiProposals-property declares:  but NOT portsAttributes.
 The missing proposal MUST be added and you must start in extension development mode or use the following command line switch: --enable-proposed-api ms-python.debugpy
	at R (file:///usr/lib/code/out/vs/workbench/api/node/extensionHostProcess.js:105:19265)
	at Object.registerPortAttributesProvider (file:///usr/lib/code/out/vs/workbench/api/node/extensionHostProcess.js:173:48788)
	at t.registerDebugger (/home/angrycompany16/.vscode-oss/extensions/ms-python.debugpy-2025.6.0-linux-x64/dist/extension.js:2:846640)
	at e.activate (/home/angrycompany16/.vscode-oss/extensions/ms-python.debugpy-2025.6.0-linux-x64/dist/extension.js:2:1098056)
	at Uw.kb (file:///usr/lib/code/out/vs/workbench/api/node/extensionHostProcess.js:115:15216)
	at Uw.jb (file:///usr/lib/code/out/vs/workbench/api/node/extensionHostProcess.js:115:14923)
	at file:///usr/lib/code/out/vs/workbench/api/node/extensionHostProcess.js:115:13081
	at async cw.n (file:///usr/lib/code/out/vs/workbench/api/node/extensionHostProcess.js:111:13359)
	at async cw.m (file:///usr/lib/code/out/vs/workbench/api/node/extensionHostProcess.js:111:13322)
	at async cw.l (file:///usr/lib/code/out/vs/workbench/api/node/extensionHostProcess.js:111:12778)
2025-04-29 15:52:25.833 [error] Error: Extension 'ms-python.python' CANNOT use API proposal: testObserver.
Its package.json#enabledApiProposals-property declares:  but NOT testObserver.
 The missing proposal MUST be added and you must start in extension development mode or use the following command line switch: --enable-proposed-api ms-python.python
	at R (file:///usr/lib/code/out/vs/workbench/api/node/extensionHostProcess.js:105:19265)
	at get testResults (file:///usr/lib/code/out/vs/workbench/api/node/extensionHostProcess.js:173:32518)
	at C.activate (/home/angrycompany16/.vscode-oss/extensions/ms-python.python-2025.4.0-universal/out/client/extension.js:2:908659)
	at /home/angrycompany16/.vscode-oss/extensions/ms-python.python-2025.4.0-universal/out/client/extension.js:2:2457
	at Array.map (<anonymous>)
	at v.activateWorkspace (/home/angrycompany16/.vscode-oss/extensions/ms-python.python-2025.4.0-universal/out/client/extension.js:2:2447)
2025-04-29 15:59:30.198 [error] [ms-python.python] provider FAILED
2025-04-29 15:59:30.198 [error] Error: UnboundLocalError: cannot access local variable 'end_index' where it is not associated with a value
	at ae (/home/angrycompany16/.vscode-oss/extensions/ms-python.python-2025.4.0-universal/out/client/extension.js:2:1965471)
	at oe (/home/angrycompany16/.vscode-oss/extensions/ms-python.python-2025.4.0-universal/out/client/extension.js:2:1963431)
	at Immediate.<anonymous> (/home/angrycompany16/.vscode-oss/extensions/ms-python.python-2025.4.0-universal/out/client/extension.js:2:1959725)
	at process.processImmediate (node:internal/timers:483:21)
2025-04-29 16:28:30.675 [error] [ms-python.python] provider FAILED
2025-04-29 16:28:30.675 [error] Error: UnboundLocalError: cannot access local variable 'start_index' where it is not associated with a value
	at ae (/home/angrycompany16/.vscode-oss/extensions/ms-python.python-2025.4.0-universal/out/client/extension.js:2:1965471)
	at oe (/home/angrycompany16/.vscode-oss/extensions/ms-python.python-2025.4.0-universal/out/client/extension.js:2:1963431)
	at Immediate.<anonymous> (/home/angrycompany16/.vscode-oss/extensions/ms-python.python-2025.4.0-universal/out/client/extension.js:2:1959725)
	at process.processImmediate (node:internal/timers:483:21)
2025-04-29 16:29:30.676 [error] [ms-python.python] provider FAILED
2025-04-29 16:29:30.676 [error] Error: UnboundLocalError: cannot access local variable 'start_index' where it is not associated with a value
	at ae (/home/angrycompany16/.vscode-oss/extensions/ms-python.python-2025.4.0-universal/out/client/extension.js:2:1965471)
	at oe (/home/angrycompany16/.vscode-oss/extensions/ms-python.python-2025.4.0-universal/out/client/extension.js:2:1963431)
	at Immediate.<anonymous> (/home/angrycompany16/.vscode-oss/extensions/ms-python.python-2025.4.0-universal/out/client/extension.js:2:1959725)
	at process.processImmediate (node:internal/timers:483:21)
